#
# A fatal error has been detected by the Java Runtime Environment:
#
#  SIGSEGV (0xb) at pc=0x00007fff8da150dd, pid=974, tid=1811
#
# JRE version: Java(TM) SE Runtime Environment (8.0_45-b14) (build 1.8.0_45-b14)
# Java VM: Java HotSpot(TM) 64-Bit Server VM (25.45-b02 mixed mode bsd-amd64 compressed oops)
# Problematic frame:
# C  [libobjc.A.dylib+0x10dd]  objc_msgSend+0x1d
#
# Failed to write core dump. Core dumps have been disabled. To enable core dumping, try "ulimit -c unlimited" before starting Java again
#
# If you would like to submit a bug report, please visit:
#   http://bugreport.java.com/bugreport/crash.jsp
# The crash happened outside the Java Virtual Machine in native code.
# See problematic frame for where to report the bug.
#

---------------  T H R E A D  ---------------

Current thread (0x00007fb2b485b000):  JavaThread "AppKit Thread" daemon [_thread_in_native, id=1811, stack(0x00007fff5380c000,0x00007fff5400c000)]

siginfo: si_signo: 11 (SIGSEGV), si_code: 1 (SEGV_MAPERR), si_addr: 0x000007fb2b2f8818

Registers:
RAX=0x00007fb2b2f88730, RBX=0x00007fff54007af8, RCX=0x0000000000000000, RDX=0x00007fb2b2fa7c10
RSP=0x00007fff54007918, RBP=0x00007fff54007920, RSI=0x00007fff97658423, RDI=0x00007fb2b2f88730
R8 =0x00007fff54007900, R9 =0x0000000000000055, R10=0x00007fff97658423, R11=0x000007fb2b2f8800
R12=0x00007fb2b2d23d20, R13=0x00000000000f42ed, R14=0x00007fb2b2f1f550, R15=0x00007fff54007a58
RIP=0x00007fff8da150dd, EFLAGS=0x0000000000010206, ERR=0x0000000000000004
  TRAPNO=0x000000000000000e

Top of Stack: (sp=0x00007fff54007918)
0x00007fff54007918:   00007fff90c7945c 00007fff54007c80
0x00007fff54007928:   00007fff90b69634 00007fff540079ac
0x00007fff54007938:   00007fff540079b0 00007fff540079b4
0x00007fff54007948:   00007fff79859e00 ffffffffffffffff
0x00007fff54007958:   00000000000007f8 00007fff79859e18
0x00007fff54007968:   00007fb2b2f1f550 0000000000000000
0x00007fff54007978:   00007fff54007a50 0000000000000000
0x00007fff54007988:   00007fb2b2f8a5a0 00007fff54007ad0
0x00007fff54007998:   0000000000000055 00000000000f42ef
0x00007fff540079a8:   00007fb2b2fa7c10 00007fb2b2f89fd0
0x00007fff540079b8:   00007fb2b2d23d20 0000000000000001
0x00007fff540079c8:   00000000000f42ed 00007fb2b2d23d10
0x00007fff540079d8:   00007fff8dd85c05 00000001b2f00000
0x00007fff540079e8:   00007fff79bc20d0 0000000042000000
0x00007fff540079f8:   00007fff8dd8ce63 00007fff79824240
0x00007fff54007a08:   00007fff54007ad8 00007fff54007a30
0x00007fff54007a18:   00007fff54007a50 0000000000000000
0x00007fff54007a28:   000000000000000a 0001860300000001
0x00007fff54007a38:   00007fb2b2d23d44 0000000000000000
0x00007fff54007a48:   0000000000000000 00007fb2b2f8a620
0x00007fff54007a58:   00007fb2b2f1f550 0000002000000000
0x00007fff54007a68:   0000000000000000 00007fff79bc20d0
0x00007fff54007a78:   0000000042000000 00007fff8dd8c4f8
0x00007fff54007a88:   00007fff79824350 00007fff540079e8
0x00007fff54007a98:   0000000000000000 00007fff54007b68
0x00007fff54007aa8:   00007fff7ac95ea0 00007fff54007ba0
0x00007fff54007ab8:   00007fff88b10edc 00007fff54007b50
0x00007fff54007ac8:   00007fff96d8c5fd 0000000000000051
0x00007fff54007ad8:   0000000000000000 00000000000f42e2
0x00007fff54007ae8:   0000000000000053 0000000000000000
0x00007fff54007af8:   00000000000f42ed 00007fff54007b74
0x00007fff54007b08:   00000000003c5c01 00000000ffffffff 

Instructions: (pc=0x00007fff8da150dd)
0x00007fff8da150bd:   00 00 00 48 85 ff 2e 74 7a 40 f6 c7 01 2e 75 7e
0x00007fff8da150cd:   49 bb f8 ff ff ff ff 7f 00 00 4c 23 1f 49 89 f2
0x00007fff8da150dd:   45 23 53 18 49 c1 e2 04 4d 03 53 10 49 3b 32 75
0x00007fff8da150ed:   04 41 ff 62 08 49 83 3a 00 74 6a 4d 3b 53 10 74 

Register to memory mapping:

RAX=0x00007fb2b2f88730 is an unknown value
RBX=0x00007fff54007af8 is pointing into the stack for thread: 0x00007fb2b485b000
RCX=0x0000000000000000 is an unknown value
RDX=0x00007fb2b2fa7c10 is an unknown value
RSP=0x00007fff54007918 is pointing into the stack for thread: 0x00007fb2b485b000
RBP=0x00007fff54007920 is pointing into the stack for thread: 0x00007fb2b485b000
RSI=0x00007fff97658423: -[NSTitlebarContainerView transparent]+0x5e307 in /System/Library/Frameworks/AppKit.framework/Versions/C/AppKit at 0x00007fff96c57000
RDI=0x00007fb2b2f88730 is an unknown value
R8 =0x00007fff54007900 is pointing into the stack for thread: 0x00007fb2b485b000
R9 =0x0000000000000055 is an unknown value
R10=0x00007fff97658423: -[NSTitlebarContainerView transparent]+0x5e307 in /System/Library/Frameworks/AppKit.framework/Versions/C/AppKit at 0x00007fff96c57000
R11=0x000007fb2b2f8800 is an unknown value
R12=0x00007fb2b2d23d20 is an unknown value
R13=0x00000000000f42ed is an unknown value
R14=0x00007fb2b2f1f550 is an unknown value
R15=0x00007fff54007a58 is pointing into the stack for thread: 0x00007fb2b485b000


Stack: [0x00007fff5380c000,0x00007fff5400c000],  sp=0x00007fff54007918,  free space=8174k
Native frames: (J=compiled Java code, j=interpreted, Vv=VM code, C=native code)
C  [libobjc.A.dylib+0x10dd]  objc_msgSend+0x1d
C  [CoreFoundation+0x10634]  _CFXNotificationPost+0xc44
C  [Foundation+0x79d1]  -[NSNotificationCenter postNotificationName:object:userInfo:]+0x42
C  [AppKit+0x43ac2]  -[NSSurface _disposeSurface]+0x98
C  [AppKit+0x43526]  -[NSSurface setWindow:]+0x42
C  [AppKit+0x33a10]  -[NSView _setWindow:]+0xa33
C  [AppKit+0x6b091]  -[NSView removeFromSuperview]+0x1c5
C  [AppKit+0x14bea9]  -[NSView removeFromSuperviewWithoutNeedingDisplay]+0x26
C  [liblwjgl.dylib+0x9c3e]  +[MacOSXKeyableWindow destroyWindow]+0xde
C  [Foundation+0x92d00]  __NSThreadPerformPerform+0x125
C  [CoreFoundation+0x80a01]  __CFRUNLOOP_IS_CALLING_OUT_TO_A_SOURCE0_PERFORM_FUNCTION__+0x11
C  [CoreFoundation+0x72b8d]  __CFRunLoopDoSources0+0x10d
C  [CoreFoundation+0x721bf]  __CFRunLoopRun+0x39f
C  [CoreFoundation+0x71bd8]  CFRunLoopRunSpecific+0x128
C  [HIToolbox+0x3256f]  RunCurrentEventLoopInMode+0xeb
C  [HIToolbox+0x322ea]  ReceiveNextEventCommon+0x1af
C  [HIToolbox+0x3212b]  _BlockUntilNextEventMatchingListInModeWithFilter+0x47
C  [AppKit+0x919bb]  _DPSNextEvent+0x3d2
C  [AppKit+0x90f68]  -[NSApplication nextEventMatchingMask:untilDate:inMode:dequeue:]+0x15a
C  [libosxapp.dylib+0x242a]  -[NSApplicationAWT nextEventMatchingMask:untilDate:inMode:dequeue:]+0x7c
C  [AppKit+0x86bf3]  -[NSApplication run]+0x252
C  [libosxapp.dylib+0x223e]  +[NSApplicationAWT runAWTLoopWithApp:]+0x9c
C  [libawt_lwawt.dylib+0x4462b]  -[AWTStarter starter:]+0x389
C  [Foundation+0x92d00]  __NSThreadPerformPerform+0x125
C  [CoreFoundation+0x80a01]  __CFRUNLOOP_IS_CALLING_OUT_TO_A_SOURCE0_PERFORM_FUNCTION__+0x11
C  [CoreFoundation+0x72b8d]  __CFRunLoopDoSources0+0x10d
C  [CoreFoundation+0x721bf]  __CFRunLoopRun+0x39f
C  [CoreFoundation+0x71bd8]  CFRunLoopRunSpecific+0x128
C  [java+0x6490]  CreateExecutionEnvironment+0x367
C  [java+0x221c]  JLI_Launch+0x7a0
C  [java+0x84ed]  main+0x65
C  [java+0x1a74]  start+0x34
C  0x0000000000000005


---------------  P R O C E S S  ---------------

Java Threads: ( => current thread )
  0x00007fb2b4862000 JavaThread "AWT-Shutdown" [_thread_blocked, id=27675, stack(0x000000012a9e9000,0x000000012aae9000)]
=>0x00007fb2b485b000 JavaThread "AppKit Thread" daemon [_thread_in_native, id=1811, stack(0x00007fff5380c000,0x00007fff5400c000)]
  0x00007fb2b386e800 JavaThread "Service Thread" daemon [_thread_blocked, id=18179, stack(0x000000012536f000,0x000000012546f000)]
  0x00007fb2b384b800 JavaThread "C1 CompilerThread2" daemon [_thread_blocked, id=17667, stack(0x000000012526c000,0x000000012536c000)]
  0x00007fb2b3840800 JavaThread "C2 CompilerThread1" daemon [_thread_blocked, id=17155, stack(0x0000000125169000,0x0000000125269000)]
  0x00007fb2b3840000 JavaThread "C2 CompilerThread0" daemon [_thread_blocked, id=16643, stack(0x0000000125066000,0x0000000125166000)]
  0x00007fb2b3843000 JavaThread "Signal Dispatcher" daemon [_thread_blocked, id=13335, stack(0x0000000124f63000,0x0000000125063000)]
  0x00007fb2b3838800 JavaThread "Finalizer" daemon [_thread_blocked, id=11523, stack(0x0000000123551000,0x0000000123651000)]
  0x00007fb2b3838000 JavaThread "Reference Handler" daemon [_thread_blocked, id=11011, stack(0x000000012344e000,0x000000012354e000)]
  0x00007fb2b3807000 JavaThread "main" [_thread_in_native, id=4867, stack(0x000000010d56a000,0x000000010d66a000)]

Other Threads:
  0x00007fb2b3835800 VMThread [stack: 0x000000012334b000,0x000000012344b000] [id=10499]
  0x00007fb2b3846000 WatcherThread [stack: 0x0000000125472000,0x0000000125572000] [id=18691]

VM state:not at safepoint (normal execution)

VM Mutex/Monitor currently owned by a thread: None

Heap:
 PSYoungGen      total 38400K, used 10838K [0x0000000795580000, 0x0000000798000000, 0x00000007c0000000)
  eden space 33280K, 32% used [0x0000000795580000,0x0000000796015b88,0x0000000797600000)
  from space 5120K, 0% used [0x0000000797b00000,0x0000000797b00000,0x0000000798000000)
  to   space 5120K, 0% used [0x0000000797600000,0x0000000797600000,0x0000000797b00000)
 ParOldGen       total 87552K, used 0K [0x0000000740000000, 0x0000000745580000, 0x0000000795580000)
  object space 87552K, 0% used [0x0000000740000000,0x0000000740000000,0x0000000745580000)
 Metaspace       used 6771K, capacity 6955K, committed 7168K, reserved 1056768K
  class space    used 683K, capacity 758K, committed 768K, reserved 1048576K

Card table byte_map: [0x000000011ca2c000,0x000000011ce2d000] byte_map_base: 0x000000011902c000

Marking Bits: (ParMarkBitMap*) 0x000000010cec27a0
 Begin Bits: [0x000000011d4e4000, 0x000000011f4e4000)
 End Bits:   [0x000000011f4e4000, 0x00000001214e4000)

Polling page: 0x000000010bd4d000

CodeCache: size=245760Kb used=2827Kb max_used=2838Kb free=242932Kb
 bounds [0x000000010d66c000, 0x000000010d93c000, 0x000000011c66c000]
 total_blobs=1069 nmethods=682 adapters=301
 compilation: enabled

Compilation events (10 events):
Event: 7.017 Thread 0x00007fb2b384b800  677       3       org.newdawn.slick.state.StateBasedGame::postUpdateState (1 bytes)
Event: 7.017 Thread 0x00007fb2b384b800 nmethod 677 0x000000010d919090 code [0x000000010d9191e0, 0x000000010d919330]
Event: 7.096 Thread 0x00007fb2b384b800  679       3       java.util.ArrayList::get (11 bytes)
Event: 7.097 Thread 0x00007fb2b384b800 nmethod 679 0x000000010d919750 code [0x000000010d9198e0, 0x000000010d919c38]
Event: 7.748 Thread 0x00007fb2b384b800  680       3       sun.awt.AWTAutoShutdown::isReadyToShutdown (37 bytes)
Event: 7.749 Thread 0x00007fb2b384b800 nmethod 680 0x000000010d919e50 code [0x000000010d919fe0, 0x000000010d91a398]
Event: 8.146 Thread 0x00007fb2b384b800  681       3       org.newdawn.slick.Input::poll (1561 bytes)
Event: 8.159 Thread 0x00007fb2b384b800 nmethod 681 0x000000010d91a490 code [0x000000010d91b5e0, 0x000000010d9289f8]
Event: 8.268 Thread 0x00007fb2b3840000  682       4       java.nio.DirectByteBuffer::put (18 bytes)
Event: 8.269 Thread 0x00007fb2b3840000 nmethod 682 0x000000010d933050 code [0x000000010d9331a0, 0x000000010d933258]

GC Heap History (0 events):
No events

Deoptimization events (1 events):
Event: 0.304 Thread 0x00007fb2b485b000 Uncommon trap: reason=unstable_if action=reinterpret pc=0x000000010d7ad300 method=java.lang.String.indexOf(II)I @ 49

Internal exceptions (10 events):
Event: 0.139 Thread 0x00007fb2b3807000 Exception <a 'java/security/PrivilegedActionException'> (0x0000000795851b60) thrown at [/Users/java_re/workspace/8-2-build-macosx-x86_64/jdk8u45/3457/hotspot/src/share/vm/prims/jvm.cpp, line 1382]
Event: 0.140 Thread 0x00007fb2b3807000 Exception <a 'java/security/PrivilegedActionException'> (0x0000000795851d18) thrown at [/Users/java_re/workspace/8-2-build-macosx-x86_64/jdk8u45/3457/hotspot/src/share/vm/prims/jvm.cpp, line 1382]
Event: 0.140 Thread 0x00007fb2b3807000 Exception <a 'java/security/PrivilegedActionException'> (0x0000000795855098) thrown at [/Users/java_re/workspace/8-2-build-macosx-x86_64/jdk8u45/3457/hotspot/src/share/vm/prims/jvm.cpp, line 1382]
Event: 0.140 Thread 0x00007fb2b3807000 Exception <a 'java/security/PrivilegedActionException'> (0x0000000795855250) thrown at [/Users/java_re/workspace/8-2-build-macosx-x86_64/jdk8u45/3457/hotspot/src/share/vm/prims/jvm.cpp, line 1382]
Event: 0.280 Thread 0x00007fb2b3807000 Exception <a 'java/io/FileNotFoundException'> (0x000000079585cdf8) thrown at [/Users/java_re/workspace/8-2-build-macosx-x86_64/jdk8u45/3457/hotspot/src/share/vm/prims/jni.cpp, line 709]
Event: 0.280 Thread 0x00007fb2b3807000 Exception <a 'java/io/FileNotFoundException'> (0x000000079585d940) thrown at [/Users/java_re/workspace/8-2-build-macosx-x86_64/jdk8u45/3457/hotspot/src/share/vm/prims/jni.cpp, line 709]
Event: 0.294 Thread 0x00007fb2b3807000 Exception <a 'java/lang/UnsatisfiedLinkError'> (0x000000079586df70) thrown at [/Users/java_re/workspace/8-2-build-macosx-x86_64/jdk8u45/3457/hotspot/src/share/vm/prims/jvm.cpp, line 1386]
Event: 0.350 Thread 0x00007fb2b485b000 Exception <a 'java/lang/NoSuchFieldError': method resolution failed> (0x0000000795a38538) thrown at [/Users/java_re/workspace/8-2-build-macosx-x86_64/jdk8u45/3457/hotspot/src/share/vm/prims/methodHandles.cpp, line 1125]
Event: 0.352 Thread 0x00007fb2b485b000 Exception <a 'java/lang/NoSuchFieldError': method resolution failed> (0x0000000795a46bd8) thrown at [/Users/java_re/workspace/8-2-build-macosx-x86_64/jdk8u45/3457/hotspot/src/share/vm/prims/methodHandles.cpp, line 1125]
Event: 0.613 Thread 0x00007fb2b3807000 Exception <a 'java/lang/NoClassDefFoundError': net/java/games/input/ControllerEnvironment> (0x0000000795e254e0) thrown at [/Users/java_re/workspace/8-2-build-macosx-x86_64/jdk8u45/3457/hotspot/src/share/vm/classfile/systemDictionary.cpp, line 199]

Events (10 events):
Event: 1.572 loading class java/util/IdentityHashMap$IdentityHashMapIterator done
Event: 1.572 loading class java/util/IdentityHashMap$ValueIterator done
Event: 1.572 Thread 0x00007fb2b4862000 Thread exited: 0x00007fb2b4862000
Event: 2.285 Thread 0x00007fb2b4862000 Thread added: 0x00007fb2b4862000
Event: 2.710 Thread 0x00007fb2b3807000 DEOPT PACKING pc=0x000000010d8b3c53 sp=0x000000010d669600
Event: 2.710 Thread 0x00007fb2b3807000 DEOPT UNPACKING pc=0x000000010d6b3633 sp=0x000000010d669430 mode 0
Event: 4.112 Executing VM operation: EnableBiasedLocking
Event: 4.112 Executing VM operation: EnableBiasedLocking done
Event: 8.267 loading class org/lwjgl/opengl/CallbackUtil
Event: 8.267 loading class org/lwjgl/opengl/CallbackUtil done


Dynamic libraries:
0x0000000008aeb000 	/System/Library/Frameworks/Cocoa.framework/Versions/A/Cocoa
0x0000000008aeb000 	/System/Library/Frameworks/Security.framework/Versions/A/Security
0x0000000008aeb000 	/System/Library/Frameworks/ApplicationServices.framework/Versions/A/ApplicationServices
0x0000000008aeb000 	/usr/lib/libz.1.dylib
0x0000000008aeb000 	/usr/lib/libSystem.B.dylib
0x0000000008aeb000 	/usr/lib/libobjc.A.dylib
0x0000000008aeb000 	/System/Library/Frameworks/CoreFoundation.framework/Versions/A/CoreFoundation
0x0000000008aeb000 	/System/Library/Frameworks/Foundation.framework/Versions/C/Foundation
0x0000000008aeb000 	/System/Library/Frameworks/AppKit.framework/Versions/C/AppKit
0x0000000008aeb000 	/System/Library/Frameworks/CoreData.framework/Versions/A/CoreData
0x0000000008aeb000 	/System/Library/PrivateFrameworks/RemoteViewServices.framework/Versions/A/RemoteViewServices
0x0000000008aeb000 	/System/Library/PrivateFrameworks/UIFoundation.framework/Versions/A/UIFoundation
0x0000000008aeb000 	/System/Library/Frameworks/IOSurface.framework/Versions/A/IOSurface
0x0000000008aeb000 	/System/Library/Frameworks/AudioToolbox.framework/Versions/A/AudioToolbox
0x0000000008aeb000 	/System/Library/Frameworks/AudioUnit.framework/Versions/A/AudioUnit
0x0000000008aeb000 	/System/Library/PrivateFrameworks/DataDetectorsCore.framework/Versions/A/DataDetectorsCore
0x0000000008aeb000 	/System/Library/PrivateFrameworks/DesktopServicesPriv.framework/Versions/A/DesktopServicesPriv
0x0000000008aeb000 	/System/Library/Frameworks/Carbon.framework/Versions/A/Frameworks/HIToolbox.framework/Versions/A/HIToolbox
0x0000000008aeb000 	/System/Library/Frameworks/QuartzCore.framework/Versions/A/QuartzCore
0x0000000008aeb000 	/System/Library/Frameworks/Carbon.framework/Versions/A/Frameworks/SpeechRecognition.framework/Versions/A/SpeechRecognition
0x0000000008aeb000 	/usr/lib/libauto.dylib
0x0000000008aeb000 	/usr/lib/libicucore.A.dylib
0x0000000008aeb000 	/usr/lib/libxml2.2.dylib
0x0000000008aeb000 	/System/Library/PrivateFrameworks/CoreUI.framework/Versions/A/CoreUI
0x0000000008aeb000 	/System/Library/Frameworks/CoreAudio.framework/Versions/A/CoreAudio
0x0000000008aeb000 	/System/Library/Frameworks/DiskArbitration.framework/Versions/A/DiskArbitration
0x0000000008aeb000 	/usr/lib/liblangid.dylib
0x0000000008aeb000 	/System/Library/PrivateFrameworks/MultitouchSupport.framework/Versions/A/MultitouchSupport
0x0000000008aeb000 	/System/Library/Frameworks/IOKit.framework/Versions/A/IOKit
0x0000000008aeb000 	/usr/lib/libDiagnosticMessagesClient.dylib
0x0000000008aeb000 	/System/Library/Frameworks/CoreServices.framework/Versions/A/CoreServices
0x0000000008aeb000 	/System/Library/PrivateFrameworks/PerformanceAnalysis.framework/Versions/A/PerformanceAnalysis
0x0000000008aeb000 	/System/Library/PrivateFrameworks/GenerationalStorage.framework/Versions/A/GenerationalStorage
0x0000000008aeb000 	/System/Library/Frameworks/OpenGL.framework/Versions/A/OpenGL
0x0000000008aeb000 	/System/Library/PrivateFrameworks/Sharing.framework/Versions/A/Sharing
0x0000000008aeb000 	/System/Library/Frameworks/CoreGraphics.framework/Versions/A/CoreGraphics
0x0000000008aeb000 	/System/Library/Frameworks/CoreText.framework/Versions/A/CoreText
0x0000000008aeb000 	/System/Library/Frameworks/ImageIO.framework/Versions/A/ImageIO
0x0000000008aeb000 	/usr/lib/libextension.dylib
0x0000000008aeb000 	/System/Library/PrivateFrameworks/Backup.framework/Versions/A/Backup
0x0000000008aeb000 	/usr/lib/libarchive.2.dylib
0x0000000008aeb000 	/System/Library/Frameworks/CFNetwork.framework/Versions/A/CFNetwork
0x0000000008aeb000 	/System/Library/Frameworks/SystemConfiguration.framework/Versions/A/SystemConfiguration
0x0000000008aeb000 	/usr/lib/libCRFSuite.dylib
0x0000000008aeb000 	/usr/lib/libc++.1.dylib
0x0000000008aeb000 	/usr/lib/libc++abi.dylib
0x0000000008aeb000 	/usr/lib/system/libcache.dylib
0x0000000008aeb000 	/usr/lib/system/libcommonCrypto.dylib
0x0000000008aeb000 	/usr/lib/system/libcompiler_rt.dylib
0x0000000008aeb000 	/usr/lib/system/libcopyfile.dylib
0x0000000008aeb000 	/usr/lib/system/libcorecrypto.dylib
0x0000000008aeb000 	/usr/lib/system/libdispatch.dylib
0x0000000008aeb000 	/usr/lib/system/libdyld.dylib
0x0000000008aeb000 	/usr/lib/system/libkeymgr.dylib
0x0000000008aeb000 	/usr/lib/system/liblaunch.dylib
0x0000000008aeb000 	/usr/lib/system/libmacho.dylib
0x0000000008aeb000 	/usr/lib/system/libquarantine.dylib
0x0000000008aeb000 	/usr/lib/system/libremovefile.dylib
0x0000000008aeb000 	/usr/lib/system/libsystem_asl.dylib
0x0000000008aeb000 	/usr/lib/system/libsystem_blocks.dylib
0x0000000008aeb000 	/usr/lib/system/libsystem_c.dylib
0x0000000008aeb000 	/usr/lib/system/libsystem_configuration.dylib
0x0000000008aeb000 	/usr/lib/system/libsystem_coreservices.dylib
0x0000000008aeb000 	/usr/lib/system/libsystem_coretls.dylib
0x0000000008aeb000 	/usr/lib/system/libsystem_dnssd.dylib
0x0000000008aeb000 	/usr/lib/system/libsystem_info.dylib
0x0000000008aeb000 	/usr/lib/system/libsystem_kernel.dylib
0x0000000008aeb000 	/usr/lib/system/libsystem_m.dylib
0x0000000008aeb000 	/usr/lib/system/libsystem_malloc.dylib
0x0000000008aeb000 	/usr/lib/system/libsystem_network.dylib
0x0000000008aeb000 	/usr/lib/system/libsystem_networkextension.dylib
0x0000000008aeb000 	/usr/lib/system/libsystem_notify.dylib
0x0000000008aeb000 	/usr/lib/system/libsystem_platform.dylib
0x0000000008aeb000 	/usr/lib/system/libsystem_pthread.dylib
0x0000000008aeb000 	/usr/lib/system/libsystem_sandbox.dylib
0x0000000008aeb000 	/usr/lib/system/libsystem_secinit.dylib
0x0000000008aeb000 	/usr/lib/system/libsystem_stats.dylib
0x0000000008aeb000 	/usr/lib/system/libsystem_trace.dylib
0x0000000008aeb000 	/usr/lib/system/libunc.dylib
0x0000000008aeb000 	/usr/lib/system/libunwind.dylib
0x0000000008aeb000 	/usr/lib/system/libxpc.dylib
0x0000000008aeb000 	/usr/lib/libbz2.1.0.dylib
0x0000000008aeb000 	/usr/lib/liblzma.5.dylib
0x0000000008aeb000 	/usr/lib/libbsm.0.dylib
0x0000000008aeb000 	/usr/lib/libsqlite3.dylib
0x0000000008aeb000 	/usr/lib/system/libkxld.dylib
0x0000000008aeb000 	/usr/lib/libxar.1.dylib
0x0000000008aeb000 	/usr/lib/libpam.2.dylib
0x0000000008aeb000 	/usr/lib/libOpenScriptingUtil.dylib
0x0000000008aeb000 	/System/Library/Frameworks/CoreServices.framework/Versions/A/Frameworks/FSEvents.framework/Versions/A/FSEvents
0x0000000008aeb000 	/System/Library/Frameworks/CoreServices.framework/Versions/A/Frameworks/CarbonCore.framework/Versions/A/CarbonCore
0x0000000008aeb000 	/System/Library/Frameworks/CoreServices.framework/Versions/A/Frameworks/Metadata.framework/Versions/A/Metadata
0x0000000008aeb000 	/System/Library/Frameworks/CoreServices.framework/Versions/A/Frameworks/OSServices.framework/Versions/A/OSServices
0x0000000008aeb000 	/System/Library/Frameworks/CoreServices.framework/Versions/A/Frameworks/SearchKit.framework/Versions/A/SearchKit
0x0000000008aeb000 	/System/Library/Frameworks/CoreServices.framework/Versions/A/Frameworks/AE.framework/Versions/A/AE
0x0000000008aeb000 	/System/Library/Frameworks/CoreServices.framework/Versions/A/Frameworks/LaunchServices.framework/Versions/A/LaunchServices
0x0000000008aeb000 	/System/Library/Frameworks/CoreServices.framework/Versions/A/Frameworks/DictionaryServices.framework/Versions/A/DictionaryServices
0x0000000008aeb000 	/System/Library/Frameworks/NetFS.framework/Versions/A/NetFS
0x0000000008aeb000 	/System/Library/PrivateFrameworks/NetAuth.framework/Versions/A/NetAuth
0x0000000008aeb000 	/System/Library/PrivateFrameworks/login.framework/Versions/A/Frameworks/loginsupport.framework/Versions/A/loginsupport
0x0000000008aeb000 	/System/Library/PrivateFrameworks/TCC.framework/Versions/A/TCC
0x0000000008aeb000 	/usr/lib/libmecabra.dylib
0x0000000008aeb000 	/System/Library/Frameworks/ApplicationServices.framework/Versions/A/Frameworks/ATS.framework/Versions/A/ATS
0x0000000008aeb000 	/System/Library/Frameworks/ApplicationServices.framework/Versions/A/Frameworks/ColorSync.framework/Versions/A/ColorSync
0x0000000008aeb000 	/System/Library/Frameworks/ApplicationServices.framework/Versions/A/Frameworks/HIServices.framework/Versions/A/HIServices
0x0000000008aeb000 	/System/Library/Frameworks/ApplicationServices.framework/Versions/A/Frameworks/LangAnalysis.framework/Versions/A/LangAnalysis
0x0000000008aeb000 	/System/Library/Frameworks/ApplicationServices.framework/Versions/A/Frameworks/PrintCore.framework/Versions/A/PrintCore
0x0000000008aeb000 	/System/Library/Frameworks/ApplicationServices.framework/Versions/A/Frameworks/QD.framework/Versions/A/QD
0x0000000008aeb000 	/System/Library/Frameworks/ApplicationServices.framework/Versions/A/Frameworks/SpeechSynthesis.framework/Versions/A/SpeechSynthesis
0x0000000008aeb000 	/System/Library/Frameworks/Accelerate.framework/Versions/A/Accelerate
0x0000000008aeb000 	/System/Library/Frameworks/Accelerate.framework/Versions/A/Frameworks/vImage.framework/Versions/A/vImage
0x0000000008aeb000 	/System/Library/Frameworks/Accelerate.framework/Versions/A/Frameworks/vecLib.framework/Versions/A/vecLib
0x0000000008aeb000 	/System/Library/Frameworks/Accelerate.framework/Versions/A/Frameworks/vecLib.framework/Versions/A/libvDSP.dylib
0x0000000008aeb000 	/System/Library/Frameworks/Accelerate.framework/Versions/A/Frameworks/vecLib.framework/Versions/A/libvMisc.dylib
0x0000000008aeb000 	/System/Library/Frameworks/Accelerate.framework/Versions/A/Frameworks/vecLib.framework/Versions/A/libLAPACK.dylib
0x0000000008aeb000 	/System/Library/Frameworks/Accelerate.framework/Versions/A/Frameworks/vecLib.framework/Versions/A/libBLAS.dylib
0x0000000008aeb000 	/System/Library/Frameworks/Accelerate.framework/Versions/A/Frameworks/vecLib.framework/Versions/A/libLinearAlgebra.dylib
0x0000000008aeb000 	/System/Library/Frameworks/ApplicationServices.framework/Versions/A/Frameworks/ATS.framework/Versions/A/Resources/libFontParser.dylib
0x0000000008aeb000 	/System/Library/Frameworks/ApplicationServices.framework/Versions/A/Frameworks/ATS.framework/Versions/A/Resources/libFontRegistry.dylib
0x0000000008aeb000 	/System/Library/PrivateFrameworks/AppleVPA.framework/Versions/A/AppleVPA
0x0000000008aeb000 	/System/Library/PrivateFrameworks/AppleJPEG.framework/Versions/A/AppleJPEG
0x0000000008aeb000 	/System/Library/Frameworks/ImageIO.framework/Versions/A/Resources/libJPEG.dylib
0x0000000008aeb000 	/System/Library/Frameworks/ImageIO.framework/Versions/A/Resources/libTIFF.dylib
0x0000000008aeb000 	/System/Library/Frameworks/ImageIO.framework/Versions/A/Resources/libPng.dylib
0x0000000008aeb000 	/System/Library/Frameworks/ImageIO.framework/Versions/A/Resources/libGIF.dylib
0x0000000008aeb000 	/System/Library/Frameworks/ImageIO.framework/Versions/A/Resources/libJP2.dylib
0x0000000008aeb000 	/System/Library/Frameworks/ImageIO.framework/Versions/A/Resources/libRadiance.dylib
0x0000000008aeb000 	/System/Library/Frameworks/CoreVideo.framework/Versions/A/CoreVideo
0x0000000008aeb000 	/System/Library/Frameworks/OpenGL.framework/Versions/A/Libraries/libGLU.dylib
0x0000000008aeb000 	/System/Library/Frameworks/OpenGL.framework/Versions/A/Libraries/libGFXShared.dylib
0x0000000008aeb000 	/System/Library/Frameworks/OpenGL.framework/Versions/A/Libraries/libGL.dylib
0x0000000008aeb000 	/System/Library/Frameworks/OpenGL.framework/Versions/A/Libraries/libGLImage.dylib
0x0000000008aeb000 	/System/Library/Frameworks/OpenGL.framework/Versions/A/Libraries/libCVMSPluginSupport.dylib
0x0000000008aeb000 	/System/Library/Frameworks/OpenGL.framework/Versions/A/Libraries/libCoreVMClient.dylib
0x0000000008aeb000 	/usr/lib/libcups.2.dylib
0x0000000008aeb000 	/System/Library/Frameworks/Kerberos.framework/Versions/A/Kerberos
0x0000000008aeb000 	/System/Library/Frameworks/GSS.framework/Versions/A/GSS
0x0000000008aeb000 	/usr/lib/libresolv.9.dylib
0x0000000008aeb000 	/usr/lib/libiconv.2.dylib
0x0000000008aeb000 	/System/Library/PrivateFrameworks/Heimdal.framework/Versions/A/Heimdal
0x0000000008aeb000 	/usr/lib/libheimdal-asn1.dylib
0x0000000008aeb000 	/System/Library/Frameworks/OpenDirectory.framework/Versions/A/OpenDirectory
0x0000000008aeb000 	/System/Library/PrivateFrameworks/CommonAuth.framework/Versions/A/CommonAuth
0x0000000008aeb000 	/System/Library/Frameworks/OpenDirectory.framework/Versions/A/Frameworks/CFOpenDirectory.framework/Versions/A/CFOpenDirectory
0x0000000008aeb000 	/System/Library/Frameworks/SecurityFoundation.framework/Versions/A/SecurityFoundation
0x0000000008aeb000 	/System/Library/PrivateFrameworks/LanguageModeling.framework/Versions/A/LanguageModeling
0x0000000008aeb000 	/usr/lib/libcmph.dylib
0x0000000008aeb000 	/System/Library/Frameworks/ServiceManagement.framework/Versions/A/ServiceManagement
0x0000000008aeb000 	/usr/lib/libxslt.1.dylib
0x0000000008aeb000 	/System/Library/Frameworks/Carbon.framework/Versions/A/Frameworks/Ink.framework/Versions/A/Ink
0x0000000008aeb000 	/System/Library/Frameworks/QuartzCore.framework/Versions/A/Frameworks/CoreImage.framework/Versions/A/CoreImage
0x0000000008aeb000 	/System/Library/PrivateFrameworks/CrashReporterSupport.framework/Versions/A/CrashReporterSupport
0x0000000008aeb000 	/System/Library/Frameworks/OpenCL.framework/Versions/A/OpenCL
0x0000000008aeb000 	/System/Library/PrivateFrameworks/FaceCore.framework/Versions/A/FaceCore
0x0000000008aeb000 	/System/Library/PrivateFrameworks/Ubiquity.framework/Versions/A/Ubiquity
0x0000000008aeb000 	/System/Library/PrivateFrameworks/IconServices.framework/Versions/A/IconServices
0x0000000008aeb000 	/System/Library/PrivateFrameworks/ChunkingLibrary.framework/Versions/A/ChunkingLibrary
0x0000000008aeb000 	/System/Library/PrivateFrameworks/Apple80211.framework/Versions/A/Apple80211
0x0000000008aeb000 	/System/Library/Frameworks/CoreWLAN.framework/Versions/A/CoreWLAN
0x0000000008aeb000 	/System/Library/Frameworks/IOBluetooth.framework/Versions/A/IOBluetooth
0x0000000008aeb000 	/System/Library/PrivateFrameworks/CoreWiFi.framework/Versions/A/CoreWiFi
0x0000000008aeb000 	/System/Library/Frameworks/CoreBluetooth.framework/Versions/A/CoreBluetooth
0x0000000008aeb000 	/System/Library/PrivateFrameworks/DebugSymbols.framework/Versions/A/DebugSymbols
0x0000000008aeb000 	/System/Library/PrivateFrameworks/CoreSymbolication.framework/Versions/A/CoreSymbolication
0x0000000008aeb000 	/System/Library/PrivateFrameworks/Symbolication.framework/Versions/A/Symbolication
0x0000000008aeb000 	/System/Library/PrivateFrameworks/SpeechRecognitionCore.framework/Versions/A/SpeechRecognitionCore
0x000000010c600000 	/Library/Java/JavaVirtualMachines/jdk1.8.0_45.jdk/Contents/Home/jre/lib/server/libjvm.dylib
0x0000000008aeb000 	/usr/lib/libstdc++.6.dylib
0x000000010bd0a000 	/Library/Java/JavaVirtualMachines/jdk1.8.0_45.jdk/Contents/Home/jre/lib/libverify.dylib
0x000000010bd18000 	/Library/Java/JavaVirtualMachines/jdk1.8.0_45.jdk/Contents/Home/jre/lib/libjava.dylib
0x000000010bd57000 	/Library/Java/JavaVirtualMachines/jdk1.8.0_45.jdk/Contents/Home/jre/lib/libzip.dylib
0x0000000123653000 	/System/Library/Frameworks/JavaVM.framework/Frameworks/JavaRuntimeSupport.framework/JavaRuntimeSupport
0x0000000123669000 	/System/Library/Frameworks/JavaVM.framework/Versions/A/Frameworks/JavaNativeFoundation.framework/Versions/A/JavaNativeFoundation
0x000000010bdf1000 	/System/Library/Frameworks/JavaVM.framework/Versions/A/JavaVM
0x0000000008aeb000 	/System/Library/Frameworks/Carbon.framework/Versions/A/Carbon
0x000000012367d000 	/System/Library/PrivateFrameworks/JavaLaunching.framework/Versions/A/JavaLaunching
0x0000000008aeb000 	/System/Library/Frameworks/Carbon.framework/Versions/A/Frameworks/CommonPanels.framework/Versions/A/CommonPanels
0x0000000008aeb000 	/System/Library/Frameworks/Carbon.framework/Versions/A/Frameworks/Help.framework/Versions/A/Help
0x0000000008aeb000 	/System/Library/Frameworks/Carbon.framework/Versions/A/Frameworks/ImageCapture.framework/Versions/A/ImageCapture
0x0000000008aeb000 	/System/Library/Frameworks/Carbon.framework/Versions/A/Frameworks/OpenScripting.framework/Versions/A/OpenScripting
0x0000000008aeb000 	/System/Library/Frameworks/Carbon.framework/Versions/A/Frameworks/Print.framework/Versions/A/Print
0x0000000008aeb000 	/System/Library/Frameworks/Carbon.framework/Versions/A/Frameworks/SecurityHI.framework/Versions/A/SecurityHI
0x0000000125594000 	/Library/Java/JavaVirtualMachines/jdk1.8.0_45.jdk/Contents/Home/jre/lib/libawt.dylib
0x000000012563c000 	/Library/Java/JavaVirtualMachines/jdk1.8.0_45.jdk/Contents/Home/jre/lib/./libmlib_image.dylib
0x0000000125708000 	/Library/Java/JavaVirtualMachines/jdk1.8.0_45.jdk/Contents/Home/jre/lib/libawt_lwawt.dylib
0x00000001257bc000 	/Library/Java/JavaVirtualMachines/jdk1.8.0_45.jdk/Contents/Home/jre/lib/./libosxapp.dylib
0x0000000008aeb000 	/System/Library/Frameworks/ExceptionHandling.framework/Versions/A/ExceptionHandling
0x0000000008aeb000 	/System/Library/PrivateFrameworks/CoreServicesInternal.framework/Versions/A/CoreServicesInternal
0x0000000008aeb000 	/System/Library/PrivateFrameworks/CloudDocs.framework/Versions/A/CloudDocs
0x0000000008aeb000 	/System/Library/PrivateFrameworks/CoreDuet.framework/Versions/A/CoreDuet
0x0000000008aeb000 	/System/Library/Frameworks/CloudKit.framework/Versions/A/CloudKit
0x0000000008aeb000 	/System/Library/PrivateFrameworks/ProtocolBuffer.framework/Versions/A/ProtocolBuffer
0x0000000008aeb000 	/System/Library/PrivateFrameworks/CoreDuetDaemonProtocol.framework/Versions/A/CoreDuetDaemonProtocol
0x0000000008aeb000 	/System/Library/PrivateFrameworks/CoreDuetDebugLogging.framework/Versions/A/CoreDuetDebugLogging
0x0000000008aeb000 	/System/Library/PrivateFrameworks/MMCS.framework/Versions/A/MMCS
0x0000000008aeb000 	/System/Library/Frameworks/CoreLocation.framework/Versions/A/CoreLocation
0x0000000008aeb000 	/System/Library/PrivateFrameworks/ProtectedCloudStorage.framework/Versions/A/ProtectedCloudStorage
0x0000000008aeb000 	/System/Library/PrivateFrameworks/GeoServices.framework/Versions/A/GeoServices
0x0000000008aeb000 	/System/Library/Frameworks/CoreGraphics.framework/Versions/A/Resources/libCGCMS.A.dylib
0x0000000008aeb000 	/System/Library/Frameworks/CoreGraphics.framework/Versions/A/Resources/libRIP.A.dylib
0x0000000008aeb000 	/System/Library/Frameworks/CoreGraphics.framework/Versions/A/Resources/libCGXType.A.dylib
0x0000000008aeb000 	/System/Library/Frameworks/OpenCL.framework/Versions/A/Libraries/libcldcpuengine.dylib
0x0000000008aeb000 	/System/Library/PrivateFrameworks/DiskImages.framework/Versions/A/DiskImages
0x0000000008aeb000 	/System/Library/Frameworks/DiscRecording.framework/Versions/A/DiscRecording
0x0000000008aeb000 	/usr/lib/libcsfde.dylib
0x0000000008aeb000 	/usr/lib/libcurl.4.dylib
0x0000000008aeb000 	/System/Library/PrivateFrameworks/MediaKit.framework/Versions/A/MediaKit
0x0000000008aeb000 	/usr/lib/libCoreStorage.dylib
0x0000000008aeb000 	/System/Library/PrivateFrameworks/EFILogin.framework/Versions/A/EFILogin
0x0000000008aeb000 	/usr/lib/libutil.dylib
0x0000000008aeb000 	/System/Library/PrivateFrameworks/FindMyDevice.framework/Versions/A/FindMyDevice
0x0000000008aeb000 	/System/Library/Frameworks/LDAP.framework/Versions/A/LDAP
0x0000000008aeb000 	/usr/lib/libsasl2.2.dylib
0x0000000008aeb000 	/System/Library/PrivateFrameworks/CoreDaemon.framework/Versions/B/CoreDaemon
0x0000000008aeb000 	/usr/lib/libcrypto.0.9.8.dylib
0x0000000008aeb000 	/System/Library/PrivateFrameworks/AppleSRP.framework/Versions/A/AppleSRP
0x0000000008aeb000 	/System/Library/PrivateFrameworks/TrustEvaluationAgent.framework/Versions/A/TrustEvaluationAgent
0x0000000125aad000 	cl_kernels
0x000000012886f000 	/System/Library/Frameworks/OpenCL.framework/Versions/A/Libraries/ImageFormats/unorm8_bgra.dylib
0x0000000128a2a000 	cl_kernels
0x0000000008aeb000 	/System/Library/PrivateFrameworks/FamilyControls.framework/Versions/A/FamilyControls
0x0000000008aeb000 	/System/Library/PrivateFrameworks/CommerceKit.framework/Versions/A/Frameworks/CommerceCore.framework/Versions/A/CommerceCore
0x0000000008aeb000 	/System/Library/PrivateFrameworks/SystemAdministration.framework/Versions/A/SystemAdministration
0x0000000008aeb000 	/System/Library/PrivateFrameworks/AppContainer.framework/Versions/A/AppContainer
0x0000000008aeb000 	/System/Library/PrivateFrameworks/SecCodeWrapper.framework/Versions/A/SecCodeWrapper
0x0000000008aeb000 	/System/Library/Frameworks/DirectoryService.framework/Versions/A/DirectoryService
0x0000000008aeb000 	/System/Library/PrivateFrameworks/LoginUIKit.framework/Versions/A/Frameworks/LoginUICore.framework/Versions/A/LoginUICore
0x0000000008aeb000 	/usr/lib/libodfde.dylib
0x0000000129b3c000 	/Library/Java/JavaVirtualMachines/jdk1.8.0_45.jdk/Contents/Home/jre/lib/libfontmanager.dylib
0x0000000129ba3000 	/Users/brunogeroto/Documents/workspace/Duality/native/macosx/liblwjgl.dylib
0x0000000127ce3000 	/Library/Java/JavaVirtualMachines/jdk1.8.0_45.jdk/Contents/Home/jre/lib/libjawt.dylib
0x0000000008aeb000 	/System/Library/Frameworks/OpenGL.framework/Versions/A/Resources/GLEngine.bundle/GLEngine
0x0000000008aeb000 	/System/Library/Frameworks/OpenGL.framework/Versions/A/Libraries/libGLProgrammability.dylib
0x0000000000000000 	/System/Library/Extensions/AppleIntelHD5000GraphicsGLDriver.bundle/Contents/MacOS/AppleIntelHD5000GraphicsGLDriver
0x0000000008aeb000 	/System/Library/PrivateFrameworks/IOAccelerator.framework/Versions/A/IOAccelerator
0x0000000008aeb000 	/System/Library/PrivateFrameworks/GPUSupport.framework/Versions/A/Libraries/libGPUSupportMercury.dylib
0x0000000008aeb000 	/System/Library/Frameworks/OpenGL.framework/Versions/A/Resources/GLRendererFloat.bundle/GLRendererFloat

VM Arguments:
jvm_args: -Dfile.encoding=UTF-8 
java_command: game.Main
java_class_path (initial): /Users/brunogeroto/Documents/workspace/Duality/bin:/Users/brunogeroto/Documents/workspace/Duality/jar/lwjgl.jar:/Users/brunogeroto/Documents/workspace/Duality/jar/slick.jar
Launcher Type: SUN_STANDARD

Environment Variables:
PATH=/usr/bin:/bin:/usr/sbin:/sbin
SHELL=/bin/bash

Signal Handlers:
SIGSEGV: [libjvm.dylib+0x58ef95], sa_mask[0]=11111111011111110111111111111111, sa_flags=SA_ONSTACK|SA_RESTART|SA_SIGINFO
SIGBUS: [libjvm.dylib+0x58ef95], sa_mask[0]=11111111011111110111111111111111, sa_flags=SA_RESTART|SA_SIGINFO
SIGFPE: [libjvm.dylib+0x46c108], sa_mask[0]=11111111011111110111111111111111, sa_flags=SA_RESTART|SA_SIGINFO
SIGPIPE: [libjvm.dylib+0x46c108], sa_mask[0]=11111111011111110111111111111111, sa_flags=SA_RESTART|SA_SIGINFO
SIGXFSZ: [libjvm.dylib+0x46c108], sa_mask[0]=11111111011111110111111111111111, sa_flags=SA_RESTART|SA_SIGINFO
SIGILL: [libjvm.dylib+0x46c108], sa_mask[0]=11111111011111110111111111111111, sa_flags=SA_RESTART|SA_SIGINFO
SIGUSR1: SIG_DFL, sa_mask[0]=00000000000000000000000000000000, sa_flags=none
SIGUSR2: [libjvm.dylib+0x46bc26], sa_mask[0]=00100000000000000000000000000000, sa_flags=SA_RESTART|SA_SIGINFO
SIGHUP: [libjvm.dylib+0x46a1f9], sa_mask[0]=11111111011111110111111111111111, sa_flags=SA_RESTART|SA_SIGINFO
SIGINT: [libjvm.dylib+0x46a1f9], sa_mask[0]=11111111011111110111111111111111, sa_flags=SA_RESTART|SA_SIGINFO
SIGTERM: [libjvm.dylib+0x46a1f9], sa_mask[0]=11111111011111110111111111111111, sa_flags=SA_RESTART|SA_SIGINFO
SIGQUIT: [libjvm.dylib+0x46a1f9], sa_mask[0]=11111111011111110111111111111111, sa_flags=SA_RESTART|SA_SIGINFO


---------------  S Y S T E M  ---------------

OS:Bsduname:Darwin 14.3.0 Darwin Kernel Version 14.3.0: Mon Mar 23 11:59:05 PDT 2015; root:xnu-2782.20.48~5/RELEASE_X86_64 x86_64
rlimit: STACK 8192k, CORE 0k, NPROC 709, NOFILE 10240, AS infinity
load average:1.51 1.43 1.39

CPU:total 4 (2 cores per cpu, 2 threads per core) family 6 model 69 stepping 1, cmov, cx8, fxsr, mmx, sse, sse2, sse3, ssse3, sse4.1, sse4.2, popcnt, avx, avx2, aes, clmul, erms, lzcnt, ht, tsc, tscinvbit, bmi1, bmi2

Memory: 4k page, physical 8388608k(63504k free)

/proc/meminfo:


vm_info: Java HotSpot(TM) 64-Bit Server VM (25.45-b02) for bsd-amd64 JRE (1.8.0_45-b14), built on Apr 10 2015 10:46:38 by "java_re" with gcc 4.2.1 (Based on Apple Inc. build 5658) (LLVM build 2336.11.00)

time: Thu May 21 05:34:40 2015
elapsed time: 8 seconds (0d 0h 0m 8s)

