#
# A fatal error has been detected by the Java Runtime Environment:
#
#  SIGSEGV (0xb) at pc=0x00007fff8b64c0dd, pid=573, tid=1811
#
# JRE version: Java(TM) SE Runtime Environment (8.0_45-b14) (build 1.8.0_45-b14)
# Java VM: Java HotSpot(TM) 64-Bit Server VM (25.45-b02 mixed mode bsd-amd64 compressed oops)
# Problematic frame:
# C  [libobjc.A.dylib+0x10dd]  objc_msgSend+0x1d
#
# Failed to write core dump. Core dumps have been disabled. To enable core dumping, try "ulimit -c unlimited" before starting Java again
#
# If you would like to submit a bug report, please visit:
#   http://bugreport.java.com/bugreport/crash.jsp
# The crash happened outside the Java Virtual Machine in native code.
# See problematic frame for where to report the bug.
#

---------------  T H R E A D  ---------------

Current thread (0x00007ff5398a3000):  JavaThread "AppKit Thread" daemon [_thread_in_native, id=1811, stack(0x00007fff5e7de000,0x00007fff5efde000)]

siginfo: si_signo: 11 (SIGSEGV), si_code: 1 (SEGV_MAPERR), si_addr: 0x0000000000000018

Registers:
RAX=0x00007ff539542060, RBX=0x00007fff5efd9af8, RCX=0x0000000000000000, RDX=0x00007ff53978d6a0
RSP=0x00007fff5efd9918, RBP=0x00007fff5efd9920, RSI=0x00007fff9528f423, RDI=0x00007ff539542060
R8 =0x00007fff5efd9900, R9 =0x0000000000000055, R10=0x00007fff9528f423, R11=0x0000000000000000
R12=0x00007ff539716820, R13=0x00000000000f42ed, R14=0x00007ff539482ef0, R15=0x00007fff5efd9a58
RIP=0x00007fff8b64c0dd, EFLAGS=0x0000000000010246, ERR=0x0000000000000004
  TRAPNO=0x000000000000000e

Top of Stack: (sp=0x00007fff5efd9918)
0x00007fff5efd9918:   00007fff8e8b045c 00007fff5efd9c80
0x00007fff5efd9928:   00007fff8e7a0634 00007fff5efd99ac
0x00007fff5efd9938:   00007fff5efd99b0 00007fff5efd99b4
0x00007fff5efd9948:   00007fff77490e00 ffffffffffffffff
0x00007fff5efd9958:   00000000000007f8 00007fff77490e18
0x00007fff5efd9968:   00007ff539482ef0 0000000000000000
0x00007fff5efd9978:   00007fff5efd9a50 0000000000000000
0x00007fff5efd9988:   00007ff539763920 00007fff5efd9ad0
0x00007fff5efd9998:   0000000000000055 00000000000f42ef
0x00007fff5efd99a8:   00007ff53978d6a0 00007ff539763380
0x00007fff5efd99b8:   00007ff539716820 0000000000000001
0x00007fff5efd99c8:   00000000000f42ed 00007ff539716810
0x00007fff5efd99d8:   00007fff8b9bcc05 000000017702e070
0x00007fff5efd99e8:   00007fff777f90d0 0000000042000000
0x00007fff5efd99f8:   00007fff8b9c3e63 00007fff7745b240
0x00007fff5efd9a08:   00007fff5efd9ad8 0000000000000000
0x00007fff5efd9a18:   00007fff7740d8c8 0000000000000000
0x00007fff5efd9a28:   0000000000000026 000420038b66c97a
0x00007fff5efd9a38:   00007ff539716844 0000000000000000
0x00007fff5efd9a48:   00000000003e2101 00007ff539763960
0x00007fff5efd9a58:   00007ff539482ef0 0000000000000000
0x00007fff5efd9a68:   00007fff952c845d 00007fff5efd9b10
0x00007fff5efd9a78:   00007fff926ed513 00007fff5efd9af4
0x00007fff5efd9a88:   00000000003e2201 00000000ffffffff
0x00007fff5efd9a98:   00007fff7740d8c8 00000000003e2200
0x00007fff5efd9aa8:   00007fff00000000 00007fff5efd9ba0
0x00007fff5efd9ab8:   00007fff86747edc 00007fff7740d8e8
0x00007fff5efd9ac8:   00007fff952c845d 0000000000000051
0x00007fff5efd9ad8:   0000000000000000 00000000000f42e1
0x00007fff5efd9ae8:   0000000000000053 0000000000000000
0x00007fff5efd9af8:   00000000000f42ed 00007fff5efd9b74
0x00007fff5efd9b08:   00000000003e2e01 00000000ffffffff 

Instructions: (pc=0x00007fff8b64c0dd)
0x00007fff8b64c0bd:   00 00 00 48 85 ff 2e 74 7a 40 f6 c7 01 2e 75 7e
0x00007fff8b64c0cd:   49 bb f8 ff ff ff ff 7f 00 00 4c 23 1f 49 89 f2
0x00007fff8b64c0dd:   45 23 53 18 49 c1 e2 04 4d 03 53 10 49 3b 32 75
0x00007fff8b64c0ed:   04 41 ff 62 08 49 83 3a 00 74 6a 4d 3b 53 10 74 

Register to memory mapping:

RAX=0x00007ff539542060 is an unknown value
RBX=0x00007fff5efd9af8 is pointing into the stack for thread: 0x00007ff5398a3000
RCX=0x0000000000000000 is an unknown value
RDX=0x00007ff53978d6a0 is an unknown value
RSP=0x00007fff5efd9918 is pointing into the stack for thread: 0x00007ff5398a3000
RBP=0x00007fff5efd9920 is pointing into the stack for thread: 0x00007ff5398a3000
RSI=0x00007fff9528f423: -[NSTitlebarContainerView transparent]+0x5e307 in /System/Library/Frameworks/AppKit.framework/Versions/C/AppKit at 0x00007fff9488e000
RDI=0x00007ff539542060 is an unknown value
R8 =0x00007fff5efd9900 is pointing into the stack for thread: 0x00007ff5398a3000
R9 =0x0000000000000055 is an unknown value
R10=0x00007fff9528f423: -[NSTitlebarContainerView transparent]+0x5e307 in /System/Library/Frameworks/AppKit.framework/Versions/C/AppKit at 0x00007fff9488e000
R11=0x0000000000000000 is an unknown value
R12=0x00007ff539716820 is an unknown value
R13=0x00000000000f42ed is an unknown value
R14=0x00007ff539482ef0 is an unknown value
R15=0x00007fff5efd9a58 is pointing into the stack for thread: 0x00007ff5398a3000


Stack: [0x00007fff5e7de000,0x00007fff5efde000],  sp=0x00007fff5efd9918,  free space=8174k
Native frames: (J=compiled Java code, j=interpreted, Vv=VM code, C=native code)
C  [libobjc.A.dylib+0x10dd]  objc_msgSend+0x1d
C  [CoreFoundation+0x10634]  _CFXNotificationPost+0xc44
C  [Foundation+0x79d1]  -[NSNotificationCenter postNotificationName:object:userInfo:]+0x42
C  [AppKit+0x43ac2]  -[NSSurface _disposeSurface]+0x98
C  [AppKit+0x43526]  -[NSSurface setWindow:]+0x42
C  [AppKit+0x33a10]  -[NSView _setWindow:]+0xa33
C  [AppKit+0x6b091]  -[NSView removeFromSuperview]+0x1c5
C  [AppKit+0x14bea9]  -[NSView removeFromSuperviewWithoutNeedingDisplay]+0x26
C  [liblwjgl.dylib+0x9c3e]  +[MacOSXKeyableWindow destroyWindow]+0xde
C  [Foundation+0x92d00]  __NSThreadPerformPerform+0x125
C  [CoreFoundation+0x80a01]  __CFRUNLOOP_IS_CALLING_OUT_TO_A_SOURCE0_PERFORM_FUNCTION__+0x11
C  [CoreFoundation+0x72b8d]  __CFRunLoopDoSources0+0x10d
C  [CoreFoundation+0x721bf]  __CFRunLoopRun+0x39f
C  [CoreFoundation+0x71bd8]  CFRunLoopRunSpecific+0x128
C  [HIToolbox+0x3256f]  RunCurrentEventLoopInMode+0xeb
C  [HIToolbox+0x321ee]  ReceiveNextEventCommon+0xb3
C  [HIToolbox+0x3212b]  _BlockUntilNextEventMatchingListInModeWithFilter+0x47
C  [AppKit+0x919bb]  _DPSNextEvent+0x3d2
C  [AppKit+0x90f68]  -[NSApplication nextEventMatchingMask:untilDate:inMode:dequeue:]+0x15a
C  [libosxapp.dylib+0x242a]  -[NSApplicationAWT nextEventMatchingMask:untilDate:inMode:dequeue:]+0x7c
C  [AppKit+0x86bf3]  -[NSApplication run]+0x252
C  [libosxapp.dylib+0x223e]  +[NSApplicationAWT runAWTLoopWithApp:]+0x9c
C  [libawt_lwawt.dylib+0x4462b]  -[AWTStarter starter:]+0x389
C  [Foundation+0x92d00]  __NSThreadPerformPerform+0x125
C  [CoreFoundation+0x80a01]  __CFRUNLOOP_IS_CALLING_OUT_TO_A_SOURCE0_PERFORM_FUNCTION__+0x11
C  [CoreFoundation+0x72b8d]  __CFRunLoopDoSources0+0x10d
C  [CoreFoundation+0x721bf]  __CFRunLoopRun+0x39f
C  [CoreFoundation+0x71bd8]  CFRunLoopRunSpecific+0x128
C  [java+0x6490]  CreateExecutionEnvironment+0x367
C  [java+0x221c]  JLI_Launch+0x7a0
C  [java+0x84ed]  main+0x65
C  [java+0x1a74]  start+0x34
C  0x0000000000000005


---------------  P R O C E S S  ---------------

Java Threads: ( => current thread )
  0x00007ff53a913800 JavaThread "AWT-Shutdown" [_thread_blocked, id=12943, stack(0x00000001186b9000,0x00000001187b9000)]
=>0x00007ff5398a3000 JavaThread "AppKit Thread" daemon [_thread_in_native, id=1811, stack(0x00007fff5e7de000,0x00007fff5efde000)]
  0x00007ff53b068800 JavaThread "Service Thread" daemon [_thread_blocked, id=18179, stack(0x000000011a39d000,0x000000011a49d000)]
  0x00007ff53b066000 JavaThread "C1 CompilerThread2" daemon [_thread_blocked, id=17667, stack(0x000000011a29a000,0x000000011a39a000)]
  0x00007ff53b076800 JavaThread "C2 CompilerThread1" daemon [_thread_blocked, id=17155, stack(0x000000011a197000,0x000000011a297000)]
  0x00007ff53981d800 JavaThread "C2 CompilerThread0" daemon [_thread_blocked, id=16643, stack(0x000000011a094000,0x000000011a194000)]
  0x00007ff53980f800 JavaThread "Signal Dispatcher" daemon [_thread_blocked, id=13331, stack(0x0000000119f91000,0x000000011a091000)]
  0x00007ff53b054000 JavaThread "Finalizer" daemon [_thread_blocked, id=11523, stack(0x0000000118575000,0x0000000118675000)]
  0x00007ff53b053000 JavaThread "Reference Handler" daemon [_thread_blocked, id=11011, stack(0x0000000118472000,0x0000000118572000)]
  0x00007ff53a802000 JavaThread "main" [_thread_in_native, id=4867, stack(0x0000000101ca2000,0x0000000101da2000)]

Other Threads:
  0x00007ff53b050800 VMThread [stack: 0x000000011836f000,0x000000011846f000] [id=10499]
  0x00007ff53b069800 WatcherThread [stack: 0x000000011a4a0000,0x000000011a5a0000] [id=18691]

VM state:not at safepoint (normal execution)

VM Mutex/Monitor currently owned by a thread: None

Heap:
 PSYoungGen      total 38400K, used 12836K [0x0000000795580000, 0x0000000798000000, 0x00000007c0000000)
  eden space 33280K, 38% used [0x0000000795580000,0x00000007962091b0,0x0000000797600000)
  from space 5120K, 0% used [0x0000000797b00000,0x0000000797b00000,0x0000000798000000)
  to   space 5120K, 0% used [0x0000000797600000,0x0000000797600000,0x0000000797b00000)
 ParOldGen       total 87552K, used 0K [0x0000000740000000, 0x0000000745580000, 0x0000000795580000)
  object space 87552K, 0% used [0x0000000740000000,0x0000000740000000,0x0000000745580000)
 Metaspace       used 6843K, capacity 6967K, committed 7168K, reserved 1056768K
  class space    used 680K, capacity 758K, committed 768K, reserved 1048576K

Card table byte_map: [0x00000001119c0000,0x0000000111dc1000] byte_map_base: 0x000000010dfc0000

Marking Bits: (ParMarkBitMap*) 0x00000001015e37a0
 Begin Bits: [0x0000000112478000, 0x0000000114478000)
 End Bits:   [0x0000000114478000, 0x0000000116478000)

Polling page: 0x0000000101de7000

CodeCache: size=245760Kb used=3318Kb max_used=3329Kb free=242441Kb
 bounds [0x0000000102600000, 0x0000000102950000, 0x0000000111600000]
 total_blobs=1217 nmethods=830 adapters=301
 compilation: enabled

Compilation events (10 events):
Event: 42.921 Thread 0x00007ff53b066000  826       3       java.nio.HeapByteBuffer::getLong (19 bytes)
Event: 42.921 Thread 0x00007ff53b066000 nmethod 826 0x0000000102921610 code [0x00000001029217c0, 0x0000000102921b68]
Event: 42.921 Thread 0x00007ff53b066000  827       3       java.nio.Bits::getLong (18 bytes)
Event: 42.922 Thread 0x00007ff53b066000 nmethod 827 0x000000010292e190 code [0x000000010292e300, 0x000000010292e4f8]
Event: 43.136 Thread 0x00007ff53b076800  828       4       java.nio.HeapByteBuffer::put (167 bytes)
Event: 43.139 Thread 0x00007ff53b076800 nmethod 828 0x0000000102920e90 code [0x0000000102921000, 0x0000000102921338]
Event: 43.688 Thread 0x00007ff53981d800  829       4       org.newdawn.slick.Image::init (109 bytes)
Event: 43.689 Thread 0x00007ff53981d800 nmethod 829 0x0000000102920c50 code [0x0000000102920da0, 0x0000000102920e18]
Event: 43.776 Thread 0x00007ff53b076800  830       4       java.nio.DirectByteBuffer::put (18 bytes)
Event: 43.777 Thread 0x00007ff53b076800 nmethod 830 0x0000000102928050 code [0x00000001029281a0, 0x0000000102928258]

GC Heap History (0 events):
No events

Deoptimization events (2 events):
Event: 0.337 Thread 0x00007ff5398a3000 Uncommon trap: reason=unstable_if action=reinterpret pc=0x0000000102743940 method=java.lang.String.indexOf(II)I @ 49
Event: 32.913 Thread 0x00007ff53b1c0000 Uncommon trap: reason=unstable_if action=reinterpret pc=0x00000001028e6c24 method=java.util.HashMap$HashIterator.<init>(Ljava/util/HashMap;)V @ 38

Internal exceptions (10 events):
Event: 0.130 Thread 0x00007ff53a802000 Exception <a 'java/security/PrivilegedActionException'> (0x0000000795851b80) thrown at [/Users/java_re/workspace/8-2-build-macosx-x86_64/jdk8u45/3457/hotspot/src/share/vm/prims/jvm.cpp, line 1382]
Event: 0.131 Thread 0x00007ff53a802000 Exception <a 'java/security/PrivilegedActionException'> (0x0000000795854f00) thrown at [/Users/java_re/workspace/8-2-build-macosx-x86_64/jdk8u45/3457/hotspot/src/share/vm/prims/jvm.cpp, line 1382]
Event: 0.131 Thread 0x00007ff53a802000 Exception <a 'java/security/PrivilegedActionException'> (0x00000007958550b8) thrown at [/Users/java_re/workspace/8-2-build-macosx-x86_64/jdk8u45/3457/hotspot/src/share/vm/prims/jvm.cpp, line 1382]
Event: 0.317 Thread 0x00007ff53a802000 Exception <a 'java/io/FileNotFoundException'> (0x000000079585cc60) thrown at [/Users/java_re/workspace/8-2-build-macosx-x86_64/jdk8u45/3457/hotspot/src/share/vm/prims/jni.cpp, line 709]
Event: 0.317 Thread 0x00007ff53a802000 Exception <a 'java/io/FileNotFoundException'> (0x000000079585d7a8) thrown at [/Users/java_re/workspace/8-2-build-macosx-x86_64/jdk8u45/3457/hotspot/src/share/vm/prims/jni.cpp, line 709]
Event: 0.328 Thread 0x00007ff53a802000 Exception <a 'java/lang/UnsatisfiedLinkError'> (0x000000079586ddd8) thrown at [/Users/java_re/workspace/8-2-build-macosx-x86_64/jdk8u45/3457/hotspot/src/share/vm/prims/jvm.cpp, line 1386]
Event: 0.380 Thread 0x00007ff5398a3000 Exception <a 'java/lang/NoSuchFieldError': method resolution failed> (0x0000000795a38648) thrown at [/Users/java_re/workspace/8-2-build-macosx-x86_64/jdk8u45/3457/hotspot/src/share/vm/prims/methodHandles.cpp, line 1125]
Event: 0.384 Thread 0x00007ff5398a3000 Exception <a 'java/lang/NoSuchFieldError': method resolution failed> (0x0000000795a46fc0) thrown at [/Users/java_re/workspace/8-2-build-macosx-x86_64/jdk8u45/3457/hotspot/src/share/vm/prims/methodHandles.cpp, line 1125]
Event: 0.605 Thread 0x00007ff53a802000 Exception <a 'java/lang/NoClassDefFoundError': net/java/games/input/ControllerEnvironment> (0x0000000795e25760) thrown at [/Users/java_re/workspace/8-2-build-macosx-x86_64/jdk8u45/3457/hotspot/src/share/vm/classfile/systemDictionary.cpp, line 199]
Event: 32.913 Thread 0x00007ff53b1c0000 Implicit null exception at 0x00000001028e69c6 to 0x00000001028e6c0d

Events (10 events):
Event: 2.816 Thread 0x00007ff53b1c0000 Thread added: 0x00007ff53b1c0000
Event: 4.103 Executing VM operation: EnableBiasedLocking
Event: 4.103 Executing VM operation: EnableBiasedLocking done
Event: 32.913 Thread 0x00007ff53b1c0000 Uncommon trap: trap_request=0xffffff65 fr.pc=0x00000001028e6c24
Event: 32.913 Thread 0x00007ff53b1c0000 DEOPT PACKING pc=0x00000001028e6c24 sp=0x000000011fb2d710
Event: 32.913 Thread 0x00007ff53b1c0000 DEOPT UNPACKING pc=0x0000000102605229 sp=0x000000011fb2d6d0 mode 2
Event: 32.913 Thread 0x00007ff53b1c0000 Thread exited: 0x00007ff53b1c0000
Event: 42.106 Thread 0x00007ff53a913800 Thread added: 0x00007ff53a913800
Event: 43.775 loading class org/lwjgl/opengl/CallbackUtil
Event: 43.775 loading class org/lwjgl/opengl/CallbackUtil done


Dynamic libraries:
0x0000000006722000 	/System/Library/Frameworks/Cocoa.framework/Versions/A/Cocoa
0x0000000006722000 	/System/Library/Frameworks/Security.framework/Versions/A/Security
0x0000000006722000 	/System/Library/Frameworks/ApplicationServices.framework/Versions/A/ApplicationServices
0x0000000006722000 	/usr/lib/libz.1.dylib
0x0000000006722000 	/usr/lib/libSystem.B.dylib
0x0000000006722000 	/usr/lib/libobjc.A.dylib
0x0000000006722000 	/System/Library/Frameworks/CoreFoundation.framework/Versions/A/CoreFoundation
0x0000000006722000 	/System/Library/Frameworks/Foundation.framework/Versions/C/Foundation
0x0000000006722000 	/System/Library/Frameworks/AppKit.framework/Versions/C/AppKit
0x0000000006722000 	/System/Library/Frameworks/CoreData.framework/Versions/A/CoreData
0x0000000006722000 	/System/Library/PrivateFrameworks/RemoteViewServices.framework/Versions/A/RemoteViewServices
0x0000000006722000 	/System/Library/PrivateFrameworks/UIFoundation.framework/Versions/A/UIFoundation
0x0000000006722000 	/System/Library/Frameworks/IOSurface.framework/Versions/A/IOSurface
0x0000000006722000 	/System/Library/Frameworks/AudioToolbox.framework/Versions/A/AudioToolbox
0x0000000006722000 	/System/Library/Frameworks/AudioUnit.framework/Versions/A/AudioUnit
0x0000000006722000 	/System/Library/PrivateFrameworks/DataDetectorsCore.framework/Versions/A/DataDetectorsCore
0x0000000006722000 	/System/Library/PrivateFrameworks/DesktopServicesPriv.framework/Versions/A/DesktopServicesPriv
0x0000000006722000 	/System/Library/Frameworks/Carbon.framework/Versions/A/Frameworks/HIToolbox.framework/Versions/A/HIToolbox
0x0000000006722000 	/System/Library/Frameworks/QuartzCore.framework/Versions/A/QuartzCore
0x0000000006722000 	/System/Library/Frameworks/Carbon.framework/Versions/A/Frameworks/SpeechRecognition.framework/Versions/A/SpeechRecognition
0x0000000006722000 	/usr/lib/libauto.dylib
0x0000000006722000 	/usr/lib/libicucore.A.dylib
0x0000000006722000 	/usr/lib/libxml2.2.dylib
0x0000000006722000 	/System/Library/PrivateFrameworks/CoreUI.framework/Versions/A/CoreUI
0x0000000006722000 	/System/Library/Frameworks/CoreAudio.framework/Versions/A/CoreAudio
0x0000000006722000 	/System/Library/Frameworks/DiskArbitration.framework/Versions/A/DiskArbitration
0x0000000006722000 	/usr/lib/liblangid.dylib
0x0000000006722000 	/System/Library/PrivateFrameworks/MultitouchSupport.framework/Versions/A/MultitouchSupport
0x0000000006722000 	/System/Library/Frameworks/IOKit.framework/Versions/A/IOKit
0x0000000006722000 	/usr/lib/libDiagnosticMessagesClient.dylib
0x0000000006722000 	/System/Library/Frameworks/CoreServices.framework/Versions/A/CoreServices
0x0000000006722000 	/System/Library/PrivateFrameworks/PerformanceAnalysis.framework/Versions/A/PerformanceAnalysis
0x0000000006722000 	/System/Library/PrivateFrameworks/GenerationalStorage.framework/Versions/A/GenerationalStorage
0x0000000006722000 	/System/Library/Frameworks/OpenGL.framework/Versions/A/OpenGL
0x0000000006722000 	/System/Library/PrivateFrameworks/Sharing.framework/Versions/A/Sharing
0x0000000006722000 	/System/Library/Frameworks/CoreGraphics.framework/Versions/A/CoreGraphics
0x0000000006722000 	/System/Library/Frameworks/CoreText.framework/Versions/A/CoreText
0x0000000006722000 	/System/Library/Frameworks/ImageIO.framework/Versions/A/ImageIO
0x0000000006722000 	/usr/lib/libextension.dylib
0x0000000006722000 	/System/Library/PrivateFrameworks/Backup.framework/Versions/A/Backup
0x0000000006722000 	/usr/lib/libarchive.2.dylib
0x0000000006722000 	/System/Library/Frameworks/CFNetwork.framework/Versions/A/CFNetwork
0x0000000006722000 	/System/Library/Frameworks/SystemConfiguration.framework/Versions/A/SystemConfiguration
0x0000000006722000 	/usr/lib/libCRFSuite.dylib
0x0000000006722000 	/usr/lib/libc++.1.dylib
0x0000000006722000 	/usr/lib/libc++abi.dylib
0x0000000006722000 	/usr/lib/system/libcache.dylib
0x0000000006722000 	/usr/lib/system/libcommonCrypto.dylib
0x0000000006722000 	/usr/lib/system/libcompiler_rt.dylib
0x0000000006722000 	/usr/lib/system/libcopyfile.dylib
0x0000000006722000 	/usr/lib/system/libcorecrypto.dylib
0x0000000006722000 	/usr/lib/system/libdispatch.dylib
0x0000000006722000 	/usr/lib/system/libdyld.dylib
0x0000000006722000 	/usr/lib/system/libkeymgr.dylib
0x0000000006722000 	/usr/lib/system/liblaunch.dylib
0x0000000006722000 	/usr/lib/system/libmacho.dylib
0x0000000006722000 	/usr/lib/system/libquarantine.dylib
0x0000000006722000 	/usr/lib/system/libremovefile.dylib
0x0000000006722000 	/usr/lib/system/libsystem_asl.dylib
0x0000000006722000 	/usr/lib/system/libsystem_blocks.dylib
0x0000000006722000 	/usr/lib/system/libsystem_c.dylib
0x0000000006722000 	/usr/lib/system/libsystem_configuration.dylib
0x0000000006722000 	/usr/lib/system/libsystem_coreservices.dylib
0x0000000006722000 	/usr/lib/system/libsystem_coretls.dylib
0x0000000006722000 	/usr/lib/system/libsystem_dnssd.dylib
0x0000000006722000 	/usr/lib/system/libsystem_info.dylib
0x0000000006722000 	/usr/lib/system/libsystem_kernel.dylib
0x0000000006722000 	/usr/lib/system/libsystem_m.dylib
0x0000000006722000 	/usr/lib/system/libsystem_malloc.dylib
0x0000000006722000 	/usr/lib/system/libsystem_network.dylib
0x0000000006722000 	/usr/lib/system/libsystem_networkextension.dylib
0x0000000006722000 	/usr/lib/system/libsystem_notify.dylib
0x0000000006722000 	/usr/lib/system/libsystem_platform.dylib
0x0000000006722000 	/usr/lib/system/libsystem_pthread.dylib
0x0000000006722000 	/usr/lib/system/libsystem_sandbox.dylib
0x0000000006722000 	/usr/lib/system/libsystem_secinit.dylib
0x0000000006722000 	/usr/lib/system/libsystem_stats.dylib
0x0000000006722000 	/usr/lib/system/libsystem_trace.dylib
0x0000000006722000 	/usr/lib/system/libunc.dylib
0x0000000006722000 	/usr/lib/system/libunwind.dylib
0x0000000006722000 	/usr/lib/system/libxpc.dylib
0x0000000006722000 	/usr/lib/libbz2.1.0.dylib
0x0000000006722000 	/usr/lib/liblzma.5.dylib
0x0000000006722000 	/usr/lib/libbsm.0.dylib
0x0000000006722000 	/usr/lib/libsqlite3.dylib
0x0000000006722000 	/usr/lib/system/libkxld.dylib
0x0000000006722000 	/usr/lib/libxar.1.dylib
0x0000000006722000 	/usr/lib/libpam.2.dylib
0x0000000006722000 	/usr/lib/libOpenScriptingUtil.dylib
0x0000000006722000 	/System/Library/Frameworks/CoreServices.framework/Versions/A/Frameworks/FSEvents.framework/Versions/A/FSEvents
0x0000000006722000 	/System/Library/Frameworks/CoreServices.framework/Versions/A/Frameworks/CarbonCore.framework/Versions/A/CarbonCore
0x0000000006722000 	/System/Library/Frameworks/CoreServices.framework/Versions/A/Frameworks/Metadata.framework/Versions/A/Metadata
0x0000000006722000 	/System/Library/Frameworks/CoreServices.framework/Versions/A/Frameworks/OSServices.framework/Versions/A/OSServices
0x0000000006722000 	/System/Library/Frameworks/CoreServices.framework/Versions/A/Frameworks/SearchKit.framework/Versions/A/SearchKit
0x0000000006722000 	/System/Library/Frameworks/CoreServices.framework/Versions/A/Frameworks/AE.framework/Versions/A/AE
0x0000000006722000 	/System/Library/Frameworks/CoreServices.framework/Versions/A/Frameworks/LaunchServices.framework/Versions/A/LaunchServices
0x0000000006722000 	/System/Library/Frameworks/CoreServices.framework/Versions/A/Frameworks/DictionaryServices.framework/Versions/A/DictionaryServices
0x0000000006722000 	/System/Library/Frameworks/NetFS.framework/Versions/A/NetFS
0x0000000006722000 	/System/Library/PrivateFrameworks/NetAuth.framework/Versions/A/NetAuth
0x0000000006722000 	/System/Library/PrivateFrameworks/login.framework/Versions/A/Frameworks/loginsupport.framework/Versions/A/loginsupport
0x0000000006722000 	/System/Library/PrivateFrameworks/TCC.framework/Versions/A/TCC
0x0000000006722000 	/usr/lib/libmecabra.dylib
0x0000000006722000 	/System/Library/Frameworks/ApplicationServices.framework/Versions/A/Frameworks/ATS.framework/Versions/A/ATS
0x0000000006722000 	/System/Library/Frameworks/ApplicationServices.framework/Versions/A/Frameworks/ColorSync.framework/Versions/A/ColorSync
0x0000000006722000 	/System/Library/Frameworks/ApplicationServices.framework/Versions/A/Frameworks/HIServices.framework/Versions/A/HIServices
0x0000000006722000 	/System/Library/Frameworks/ApplicationServices.framework/Versions/A/Frameworks/LangAnalysis.framework/Versions/A/LangAnalysis
0x0000000006722000 	/System/Library/Frameworks/ApplicationServices.framework/Versions/A/Frameworks/PrintCore.framework/Versions/A/PrintCore
0x0000000006722000 	/System/Library/Frameworks/ApplicationServices.framework/Versions/A/Frameworks/QD.framework/Versions/A/QD
0x0000000006722000 	/System/Library/Frameworks/ApplicationServices.framework/Versions/A/Frameworks/SpeechSynthesis.framework/Versions/A/SpeechSynthesis
0x0000000006722000 	/System/Library/Frameworks/Accelerate.framework/Versions/A/Accelerate
0x0000000006722000 	/System/Library/Frameworks/Accelerate.framework/Versions/A/Frameworks/vImage.framework/Versions/A/vImage
0x0000000006722000 	/System/Library/Frameworks/Accelerate.framework/Versions/A/Frameworks/vecLib.framework/Versions/A/vecLib
0x0000000006722000 	/System/Library/Frameworks/Accelerate.framework/Versions/A/Frameworks/vecLib.framework/Versions/A/libvDSP.dylib
0x0000000006722000 	/System/Library/Frameworks/Accelerate.framework/Versions/A/Frameworks/vecLib.framework/Versions/A/libvMisc.dylib
0x0000000006722000 	/System/Library/Frameworks/Accelerate.framework/Versions/A/Frameworks/vecLib.framework/Versions/A/libLAPACK.dylib
0x0000000006722000 	/System/Library/Frameworks/Accelerate.framework/Versions/A/Frameworks/vecLib.framework/Versions/A/libBLAS.dylib
0x0000000006722000 	/System/Library/Frameworks/Accelerate.framework/Versions/A/Frameworks/vecLib.framework/Versions/A/libLinearAlgebra.dylib
0x0000000006722000 	/System/Library/Frameworks/ApplicationServices.framework/Versions/A/Frameworks/ATS.framework/Versions/A/Resources/libFontParser.dylib
0x0000000006722000 	/System/Library/Frameworks/ApplicationServices.framework/Versions/A/Frameworks/ATS.framework/Versions/A/Resources/libFontRegistry.dylib
0x0000000006722000 	/System/Library/PrivateFrameworks/AppleVPA.framework/Versions/A/AppleVPA
0x0000000006722000 	/System/Library/PrivateFrameworks/AppleJPEG.framework/Versions/A/AppleJPEG
0x0000000006722000 	/System/Library/Frameworks/ImageIO.framework/Versions/A/Resources/libJPEG.dylib
0x0000000006722000 	/System/Library/Frameworks/ImageIO.framework/Versions/A/Resources/libTIFF.dylib
0x0000000006722000 	/System/Library/Frameworks/ImageIO.framework/Versions/A/Resources/libPng.dylib
0x0000000006722000 	/System/Library/Frameworks/ImageIO.framework/Versions/A/Resources/libGIF.dylib
0x0000000006722000 	/System/Library/Frameworks/ImageIO.framework/Versions/A/Resources/libJP2.dylib
0x0000000006722000 	/System/Library/Frameworks/ImageIO.framework/Versions/A/Resources/libRadiance.dylib
0x0000000006722000 	/System/Library/Frameworks/CoreVideo.framework/Versions/A/CoreVideo
0x0000000006722000 	/System/Library/Frameworks/OpenGL.framework/Versions/A/Libraries/libGLU.dylib
0x0000000006722000 	/System/Library/Frameworks/OpenGL.framework/Versions/A/Libraries/libGFXShared.dylib
0x0000000006722000 	/System/Library/Frameworks/OpenGL.framework/Versions/A/Libraries/libGL.dylib
0x0000000006722000 	/System/Library/Frameworks/OpenGL.framework/Versions/A/Libraries/libGLImage.dylib
0x0000000006722000 	/System/Library/Frameworks/OpenGL.framework/Versions/A/Libraries/libCVMSPluginSupport.dylib
0x0000000006722000 	/System/Library/Frameworks/OpenGL.framework/Versions/A/Libraries/libCoreVMClient.dylib
0x0000000006722000 	/usr/lib/libcups.2.dylib
0x0000000006722000 	/System/Library/Frameworks/Kerberos.framework/Versions/A/Kerberos
0x0000000006722000 	/System/Library/Frameworks/GSS.framework/Versions/A/GSS
0x0000000006722000 	/usr/lib/libresolv.9.dylib
0x0000000006722000 	/usr/lib/libiconv.2.dylib
0x0000000006722000 	/System/Library/PrivateFrameworks/Heimdal.framework/Versions/A/Heimdal
0x0000000006722000 	/usr/lib/libheimdal-asn1.dylib
0x0000000006722000 	/System/Library/Frameworks/OpenDirectory.framework/Versions/A/OpenDirectory
0x0000000006722000 	/System/Library/PrivateFrameworks/CommonAuth.framework/Versions/A/CommonAuth
0x0000000006722000 	/System/Library/Frameworks/OpenDirectory.framework/Versions/A/Frameworks/CFOpenDirectory.framework/Versions/A/CFOpenDirectory
0x0000000006722000 	/System/Library/Frameworks/SecurityFoundation.framework/Versions/A/SecurityFoundation
0x0000000006722000 	/System/Library/PrivateFrameworks/LanguageModeling.framework/Versions/A/LanguageModeling
0x0000000006722000 	/usr/lib/libcmph.dylib
0x0000000006722000 	/System/Library/Frameworks/ServiceManagement.framework/Versions/A/ServiceManagement
0x0000000006722000 	/usr/lib/libxslt.1.dylib
0x0000000006722000 	/System/Library/Frameworks/Carbon.framework/Versions/A/Frameworks/Ink.framework/Versions/A/Ink
0x0000000006722000 	/System/Library/Frameworks/QuartzCore.framework/Versions/A/Frameworks/CoreImage.framework/Versions/A/CoreImage
0x0000000006722000 	/System/Library/PrivateFrameworks/CrashReporterSupport.framework/Versions/A/CrashReporterSupport
0x0000000006722000 	/System/Library/Frameworks/OpenCL.framework/Versions/A/OpenCL
0x0000000006722000 	/System/Library/PrivateFrameworks/FaceCore.framework/Versions/A/FaceCore
0x0000000006722000 	/System/Library/PrivateFrameworks/Ubiquity.framework/Versions/A/Ubiquity
0x0000000006722000 	/System/Library/PrivateFrameworks/IconServices.framework/Versions/A/IconServices
0x0000000006722000 	/System/Library/PrivateFrameworks/ChunkingLibrary.framework/Versions/A/ChunkingLibrary
0x0000000006722000 	/System/Library/PrivateFrameworks/Apple80211.framework/Versions/A/Apple80211
0x0000000006722000 	/System/Library/Frameworks/CoreWLAN.framework/Versions/A/CoreWLAN
0x0000000006722000 	/System/Library/Frameworks/IOBluetooth.framework/Versions/A/IOBluetooth
0x0000000006722000 	/System/Library/PrivateFrameworks/CoreWiFi.framework/Versions/A/CoreWiFi
0x0000000006722000 	/System/Library/Frameworks/CoreBluetooth.framework/Versions/A/CoreBluetooth
0x0000000006722000 	/System/Library/PrivateFrameworks/DebugSymbols.framework/Versions/A/DebugSymbols
0x0000000006722000 	/System/Library/PrivateFrameworks/CoreSymbolication.framework/Versions/A/CoreSymbolication
0x0000000006722000 	/System/Library/PrivateFrameworks/Symbolication.framework/Versions/A/Symbolication
0x0000000006722000 	/System/Library/PrivateFrameworks/SpeechRecognitionCore.framework/Versions/A/SpeechRecognitionCore
0x0000000100d21000 	/Library/Java/JavaVirtualMachines/jdk1.8.0_45.jdk/Contents/Home/jre/lib/server/libjvm.dylib
0x0000000006722000 	/usr/lib/libstdc++.6.dylib
0x0000000101da4000 	/Library/Java/JavaVirtualMachines/jdk1.8.0_45.jdk/Contents/Home/jre/lib/libverify.dylib
0x0000000101db2000 	/Library/Java/JavaVirtualMachines/jdk1.8.0_45.jdk/Contents/Home/jre/lib/libjava.dylib
0x0000000101df1000 	/Library/Java/JavaVirtualMachines/jdk1.8.0_45.jdk/Contents/Home/jre/lib/libzip.dylib
0x0000000118677000 	/System/Library/Frameworks/JavaVM.framework/Frameworks/JavaRuntimeSupport.framework/JavaRuntimeSupport
0x000000011868d000 	/System/Library/Frameworks/JavaVM.framework/Versions/A/Frameworks/JavaNativeFoundation.framework/Versions/A/JavaNativeFoundation
0x00000001186a1000 	/System/Library/Frameworks/JavaVM.framework/Versions/A/JavaVM
0x0000000006722000 	/System/Library/Frameworks/Carbon.framework/Versions/A/Carbon
0x00000001186ad000 	/System/Library/PrivateFrameworks/JavaLaunching.framework/Versions/A/JavaLaunching
0x0000000006722000 	/System/Library/Frameworks/Carbon.framework/Versions/A/Frameworks/CommonPanels.framework/Versions/A/CommonPanels
0x0000000006722000 	/System/Library/Frameworks/Carbon.framework/Versions/A/Frameworks/Help.framework/Versions/A/Help
0x0000000006722000 	/System/Library/Frameworks/Carbon.framework/Versions/A/Frameworks/ImageCapture.framework/Versions/A/ImageCapture
0x0000000006722000 	/System/Library/Frameworks/Carbon.framework/Versions/A/Frameworks/OpenScripting.framework/Versions/A/OpenScripting
0x0000000006722000 	/System/Library/Frameworks/Carbon.framework/Versions/A/Frameworks/Print.framework/Versions/A/Print
0x0000000006722000 	/System/Library/Frameworks/Carbon.framework/Versions/A/Frameworks/SecurityHI.framework/Versions/A/SecurityHI
0x000000011a5c2000 	/Library/Java/JavaVirtualMachines/jdk1.8.0_45.jdk/Contents/Home/jre/lib/libawt.dylib
0x000000011a66a000 	/Library/Java/JavaVirtualMachines/jdk1.8.0_45.jdk/Contents/Home/jre/lib/./libmlib_image.dylib
0x000000011a736000 	/Library/Java/JavaVirtualMachines/jdk1.8.0_45.jdk/Contents/Home/jre/lib/libawt_lwawt.dylib
0x000000011a7ea000 	/Library/Java/JavaVirtualMachines/jdk1.8.0_45.jdk/Contents/Home/jre/lib/./libosxapp.dylib
0x0000000006722000 	/System/Library/Frameworks/ExceptionHandling.framework/Versions/A/ExceptionHandling
0x0000000006722000 	/System/Library/PrivateFrameworks/CoreServicesInternal.framework/Versions/A/CoreServicesInternal
0x0000000006722000 	/System/Library/PrivateFrameworks/CloudDocs.framework/Versions/A/CloudDocs
0x0000000006722000 	/System/Library/PrivateFrameworks/CoreDuet.framework/Versions/A/CoreDuet
0x0000000006722000 	/System/Library/Frameworks/CloudKit.framework/Versions/A/CloudKit
0x0000000006722000 	/System/Library/PrivateFrameworks/ProtocolBuffer.framework/Versions/A/ProtocolBuffer
0x0000000006722000 	/System/Library/PrivateFrameworks/CoreDuetDaemonProtocol.framework/Versions/A/CoreDuetDaemonProtocol
0x0000000006722000 	/System/Library/PrivateFrameworks/CoreDuetDebugLogging.framework/Versions/A/CoreDuetDebugLogging
0x0000000006722000 	/System/Library/PrivateFrameworks/MMCS.framework/Versions/A/MMCS
0x0000000006722000 	/System/Library/Frameworks/CoreLocation.framework/Versions/A/CoreLocation
0x0000000006722000 	/System/Library/PrivateFrameworks/ProtectedCloudStorage.framework/Versions/A/ProtectedCloudStorage
0x0000000006722000 	/System/Library/PrivateFrameworks/GeoServices.framework/Versions/A/GeoServices
0x0000000006722000 	/System/Library/Frameworks/CoreGraphics.framework/Versions/A/Resources/libCGCMS.A.dylib
0x0000000006722000 	/System/Library/Frameworks/CoreGraphics.framework/Versions/A/Resources/libRIP.A.dylib
0x0000000006722000 	/System/Library/Frameworks/CoreGraphics.framework/Versions/A/Resources/libCGXType.A.dylib
0x0000000006722000 	/System/Library/Frameworks/OpenCL.framework/Versions/A/Libraries/libcldcpuengine.dylib
0x0000000006722000 	/System/Library/PrivateFrameworks/DiskImages.framework/Versions/A/DiskImages
0x0000000006722000 	/System/Library/Frameworks/DiscRecording.framework/Versions/A/DiscRecording
0x0000000006722000 	/usr/lib/libcsfde.dylib
0x0000000006722000 	/usr/lib/libcurl.4.dylib
0x0000000006722000 	/System/Library/PrivateFrameworks/MediaKit.framework/Versions/A/MediaKit
0x0000000006722000 	/usr/lib/libCoreStorage.dylib
0x0000000006722000 	/System/Library/PrivateFrameworks/EFILogin.framework/Versions/A/EFILogin
0x0000000006722000 	/usr/lib/libutil.dylib
0x0000000006722000 	/System/Library/PrivateFrameworks/FindMyDevice.framework/Versions/A/FindMyDevice
0x0000000006722000 	/System/Library/Frameworks/LDAP.framework/Versions/A/LDAP
0x0000000006722000 	/usr/lib/libsasl2.2.dylib
0x0000000006722000 	/System/Library/PrivateFrameworks/CoreDaemon.framework/Versions/B/CoreDaemon
0x0000000006722000 	/usr/lib/libcrypto.0.9.8.dylib
0x0000000006722000 	/System/Library/PrivateFrameworks/AppleSRP.framework/Versions/A/AppleSRP
0x0000000006722000 	/System/Library/PrivateFrameworks/TrustEvaluationAgent.framework/Versions/A/TrustEvaluationAgent
0x000000011d92b000 	cl_kernels
0x000000011d92d000 	/System/Library/Frameworks/OpenCL.framework/Versions/A/Libraries/ImageFormats/unorm8_bgra.dylib
0x000000011d91d000 	cl_kernels
0x0000000006722000 	/System/Library/PrivateFrameworks/FamilyControls.framework/Versions/A/FamilyControls
0x0000000006722000 	/System/Library/PrivateFrameworks/CommerceKit.framework/Versions/A/Frameworks/CommerceCore.framework/Versions/A/CommerceCore
0x0000000006722000 	/System/Library/PrivateFrameworks/SystemAdministration.framework/Versions/A/SystemAdministration
0x0000000006722000 	/System/Library/PrivateFrameworks/AppContainer.framework/Versions/A/AppContainer
0x0000000006722000 	/System/Library/PrivateFrameworks/SecCodeWrapper.framework/Versions/A/SecCodeWrapper
0x0000000006722000 	/System/Library/Frameworks/DirectoryService.framework/Versions/A/DirectoryService
0x0000000006722000 	/System/Library/PrivateFrameworks/LoginUIKit.framework/Versions/A/Frameworks/LoginUICore.framework/Versions/A/LoginUICore
0x0000000006722000 	/usr/lib/libodfde.dylib
0x000000011eb65000 	/Library/Java/JavaVirtualMachines/jdk1.8.0_45.jdk/Contents/Home/jre/lib/libfontmanager.dylib
0x000000011ebcc000 	/Users/brunogeroto/Documents/workspace/Duality/native/macosx/liblwjgl.dylib
0x000000011cd74000 	/Library/Java/JavaVirtualMachines/jdk1.8.0_45.jdk/Contents/Home/jre/lib/libjawt.dylib
0x0000000006722000 	/System/Library/Frameworks/OpenGL.framework/Versions/A/Resources/GLEngine.bundle/GLEngine
0x0000000006722000 	/System/Library/Frameworks/OpenGL.framework/Versions/A/Libraries/libGLProgrammability.dylib
0x0000000000000000 	/System/Library/Extensions/AppleIntelHD5000GraphicsGLDriver.bundle/Contents/MacOS/AppleIntelHD5000GraphicsGLDriver
0x0000000006722000 	/System/Library/PrivateFrameworks/IOAccelerator.framework/Versions/A/IOAccelerator
0x0000000006722000 	/System/Library/PrivateFrameworks/GPUSupport.framework/Versions/A/Libraries/libGPUSupportMercury.dylib
0x0000000006722000 	/System/Library/Frameworks/OpenGL.framework/Versions/A/Resources/GLRendererFloat.bundle/GLRendererFloat

VM Arguments:
jvm_args: -Dfile.encoding=UTF-8 
java_command: game.Main
java_class_path (initial): /Users/brunogeroto/Documents/workspace/Duality/bin:/Users/brunogeroto/Documents/workspace/Duality/jar/lwjgl.jar:/Users/brunogeroto/Documents/workspace/Duality/jar/slick.jar
Launcher Type: SUN_STANDARD

Environment Variables:
PATH=/usr/bin:/bin:/usr/sbin:/sbin
SHELL=/bin/bash

Signal Handlers:
SIGSEGV: [libjvm.dylib+0x58ef95], sa_mask[0]=11111111011111110111111111111111, sa_flags=SA_ONSTACK|SA_RESTART|SA_SIGINFO
SIGBUS: [libjvm.dylib+0x58ef95], sa_mask[0]=11111111011111110111111111111111, sa_flags=SA_RESTART|SA_SIGINFO
SIGFPE: [libjvm.dylib+0x46c108], sa_mask[0]=11111111011111110111111111111111, sa_flags=SA_RESTART|SA_SIGINFO
SIGPIPE: [libjvm.dylib+0x46c108], sa_mask[0]=11111111011111110111111111111111, sa_flags=SA_RESTART|SA_SIGINFO
SIGXFSZ: [libjvm.dylib+0x46c108], sa_mask[0]=11111111011111110111111111111111, sa_flags=SA_RESTART|SA_SIGINFO
SIGILL: [libjvm.dylib+0x46c108], sa_mask[0]=11111111011111110111111111111111, sa_flags=SA_RESTART|SA_SIGINFO
SIGUSR1: SIG_DFL, sa_mask[0]=00000000000000000000000000000000, sa_flags=none
SIGUSR2: [libjvm.dylib+0x46bc26], sa_mask[0]=00100000000000000000000000000000, sa_flags=SA_RESTART|SA_SIGINFO
SIGHUP: [libjvm.dylib+0x46a1f9], sa_mask[0]=11111111011111110111111111111111, sa_flags=SA_RESTART|SA_SIGINFO
SIGINT: [libjvm.dylib+0x46a1f9], sa_mask[0]=11111111011111110111111111111111, sa_flags=SA_RESTART|SA_SIGINFO
SIGTERM: [libjvm.dylib+0x46a1f9], sa_mask[0]=11111111011111110111111111111111, sa_flags=SA_RESTART|SA_SIGINFO
SIGQUIT: [libjvm.dylib+0x46a1f9], sa_mask[0]=11111111011111110111111111111111, sa_flags=SA_RESTART|SA_SIGINFO


---------------  S Y S T E M  ---------------

OS:Bsduname:Darwin 14.3.0 Darwin Kernel Version 14.3.0: Mon Mar 23 11:59:05 PDT 2015; root:xnu-2782.20.48~5/RELEASE_X86_64 x86_64
rlimit: STACK 8192k, CORE 0k, NPROC 709, NOFILE 10240, AS infinity
load average:1.51 1.49 1.41

CPU:total 4 (2 cores per cpu, 2 threads per core) family 6 model 69 stepping 1, cmov, cx8, fxsr, mmx, sse, sse2, sse3, ssse3, sse4.1, sse4.2, popcnt, avx, avx2, aes, clmul, erms, lzcnt, ht, tsc, tscinvbit, bmi1, bmi2

Memory: 4k page, physical 8388608k(2248228k free)

/proc/meminfo:


vm_info: Java HotSpot(TM) 64-Bit Server VM (25.45-b02) for bsd-amd64 JRE (1.8.0_45-b14), built on Apr 10 2015 10:46:38 by "java_re" with gcc 4.2.1 (Based on Apple Inc. build 5658) (LLVM build 2336.11.00)

time: Mon May 18 12:44:33 2015
elapsed time: 43 seconds (0d 0h 0m 43s)

