#
# A fatal error has been detected by the Java Runtime Environment:
#
#  SIGSEGV (0xb) at pc=0x00007fff8ba6c0dd, pid=462, tid=1811
#
# JRE version: Java(TM) SE Runtime Environment (8.0_45-b14) (build 1.8.0_45-b14)
# Java VM: Java HotSpot(TM) 64-Bit Server VM (25.45-b02 mixed mode bsd-amd64 compressed oops)
# Problematic frame:
# C  [libobjc.A.dylib+0x10dd]  objc_msgSend+0x1d
#
# Failed to write core dump. Core dumps have been disabled. To enable core dumping, try "ulimit -c unlimited" before starting Java again
#
# If you would like to submit a bug report, please visit:
#   http://bugreport.java.com/bugreport/crash.jsp
# The crash happened outside the Java Virtual Machine in native code.
# See problematic frame for where to report the bug.
#

---------------  T H R E A D  ---------------

Current thread (0x00007fea920c0800):  JavaThread "AppKit Thread" daemon [_thread_in_native, id=1811, stack(0x00007fff552ac000,0x00007fff55aac000)]

siginfo: si_signo: 11 (SIGSEGV), si_code: 1 (SEGV_MAPERR), si_addr: 0x000007fea9162698

Registers:
RAX=0x00007fea91626b00, RBX=0x00007fff55aa7af8, RCX=0x0000000000000000, RDX=0x00007fea91775720
RSP=0x00007fff55aa7918, RBP=0x00007fff55aa7920, RSI=0x00007fff956af423, RDI=0x00007fea91626b00
R8 =0x00007fff55aa7900, R9 =0x0000000000000055, R10=0x00007fff956af423, R11=0x000007fea9162680
R12=0x00007fea916007c0, R13=0x00000000000f42f0, R14=0x00007fea9149fe50, R15=0x00007fff55aa7a58
RIP=0x00007fff8ba6c0dd, EFLAGS=0x0000000000010202, ERR=0x0000000000000004
  TRAPNO=0x000000000000000e

Top of Stack: (sp=0x00007fff55aa7918)
0x00007fff55aa7918:   00007fff8ecd045c 00007fff55aa7c80
0x00007fff55aa7928:   00007fff8ebc0634 00007fff55aa79ac
0x00007fff55aa7938:   00007fff55aa79b0 00007fff55aa79b4
0x00007fff55aa7948:   00007fff778b0e00 ffffffffffffffff
0x00007fff55aa7958:   00000000000007f8 00007fff778b0e18
0x00007fff55aa7968:   00007fea9149fe50 0000000000000000
0x00007fff55aa7978:   00007fff55aa7a50 0000000000000000
0x00007fff55aa7988:   00007fea9149f600 00007fff55aa7ad0
0x00007fff55aa7998:   0000000000000055 00000000000f42f2
0x00007fff55aa79a8:   00007fea91775720 00007fea9149f030
0x00007fff55aa79b8:   00007fea916007c0 0000000000000001
0x00007fff55aa79c8:   00000000000f42f0 00007fea916007b0
0x00007fff55aa79d8:   00007fff8bddcc05 00000001917a4990
0x00007fff55aa79e8:   00007fff77c190d0 0000000042000000
0x00007fff55aa79f8:   00007fff8bde3e63 00007fff7787b240
0x00007fff55aa7a08:   00007fff55aa7ad8 00007fff55aa7a30
0x00007fff55aa7a18:   00007fff55aa7a50 0000000000000000
0x00007fff55aa7a28:   0000000000000025 00032a0300000001
0x00007fff55aa7a38:   00007fea916007e4 0000000000000000
0x00007fff55aa7a48:   0000000000000000 00007fea9149f680
0x00007fff55aa7a58:   00007fea9149fe50 0000002000000000
0x00007fff55aa7a68:   0000000000000000 00007fff77c190d0
0x00007fff55aa7a78:   0000000042000000 00007fff8bde34f8
0x00007fff55aa7a88:   00007fff7787b350 00007fff55aa79e8
0x00007fff55aa7a98:   0000000000000000 00007fff55aa7b68
0x00007fff55aa7aa8:   00007fff78cecea0 00007fff55aa7ba0
0x00007fff55aa7ab8:   00007fff86b67edc 00007fff55aa7b50
0x00007fff55aa7ac8:   00007fff94de35fd 0000000000000051
0x00007fff55aa7ad8:   0000000000000000 00000000000f42e4
0x00007fff55aa7ae8:   0000000000000053 0000000000000000
0x00007fff55aa7af8:   00000000000f42f0 00007fff55aa7b74
0x00007fff55aa7b08:   00000000003e6601 00000000ffffffff 

Instructions: (pc=0x00007fff8ba6c0dd)
0x00007fff8ba6c0bd:   00 00 00 48 85 ff 2e 74 7a 40 f6 c7 01 2e 75 7e
0x00007fff8ba6c0cd:   49 bb f8 ff ff ff ff 7f 00 00 4c 23 1f 49 89 f2
0x00007fff8ba6c0dd:   45 23 53 18 49 c1 e2 04 4d 03 53 10 49 3b 32 75
0x00007fff8ba6c0ed:   04 41 ff 62 08 49 83 3a 00 74 6a 4d 3b 53 10 74 

Register to memory mapping:

RAX=0x00007fea91626b00 is an unknown value
RBX=0x00007fff55aa7af8 is pointing into the stack for thread: 0x00007fea920c0800
RCX=0x0000000000000000 is an unknown value
RDX=0x00007fea91775720 is an unknown value
RSP=0x00007fff55aa7918 is pointing into the stack for thread: 0x00007fea920c0800
RBP=0x00007fff55aa7920 is pointing into the stack for thread: 0x00007fea920c0800
RSI=0x00007fff956af423: -[NSTitlebarContainerView transparent]+0x5e307 in /System/Library/Frameworks/AppKit.framework/Versions/C/AppKit at 0x00007fff94cae000
RDI=0x00007fea91626b00 is an unknown value
R8 =0x00007fff55aa7900 is pointing into the stack for thread: 0x00007fea920c0800
R9 =0x0000000000000055 is an unknown value
R10=0x00007fff956af423: -[NSTitlebarContainerView transparent]+0x5e307 in /System/Library/Frameworks/AppKit.framework/Versions/C/AppKit at 0x00007fff94cae000
R11=0x000007fea9162680 is an unknown value
R12=0x00007fea916007c0 is an unknown value
R13=0x00000000000f42f0 is an unknown value
R14=0x00007fea9149fe50 is an unknown value
R15=0x00007fff55aa7a58 is pointing into the stack for thread: 0x00007fea920c0800


Stack: [0x00007fff552ac000,0x00007fff55aac000],  sp=0x00007fff55aa7918,  free space=8174k
Native frames: (J=compiled Java code, j=interpreted, Vv=VM code, C=native code)
C  [libobjc.A.dylib+0x10dd]  objc_msgSend+0x1d
C  [CoreFoundation+0x10634]  _CFXNotificationPost+0xc44
C  [Foundation+0x79d1]  -[NSNotificationCenter postNotificationName:object:userInfo:]+0x42
C  [AppKit+0x43ac2]  -[NSSurface _disposeSurface]+0x98
C  [AppKit+0x43526]  -[NSSurface setWindow:]+0x42
C  [AppKit+0x33a10]  -[NSView _setWindow:]+0xa33
C  [AppKit+0x6b091]  -[NSView removeFromSuperview]+0x1c5
C  [AppKit+0x14bea9]  -[NSView removeFromSuperviewWithoutNeedingDisplay]+0x26
C  [liblwjgl.dylib+0x9c3e]  +[MacOSXKeyableWindow destroyWindow]+0xde
C  [Foundation+0x92d00]  __NSThreadPerformPerform+0x125
C  [CoreFoundation+0x80a01]  __CFRUNLOOP_IS_CALLING_OUT_TO_A_SOURCE0_PERFORM_FUNCTION__+0x11
C  [CoreFoundation+0x72b8d]  __CFRunLoopDoSources0+0x10d
C  [CoreFoundation+0x721bf]  __CFRunLoopRun+0x39f
C  [CoreFoundation+0x71bd8]  CFRunLoopRunSpecific+0x128
C  [HIToolbox+0x3256f]  RunCurrentEventLoopInMode+0xeb
C  [HIToolbox+0x322ea]  ReceiveNextEventCommon+0x1af
C  [HIToolbox+0x3212b]  _BlockUntilNextEventMatchingListInModeWithFilter+0x47
C  [AppKit+0x919bb]  _DPSNextEvent+0x3d2
C  [AppKit+0x90f68]  -[NSApplication nextEventMatchingMask:untilDate:inMode:dequeue:]+0x15a
C  [libosxapp.dylib+0x242a]  -[NSApplicationAWT nextEventMatchingMask:untilDate:inMode:dequeue:]+0x7c
C  [AppKit+0x86bf3]  -[NSApplication run]+0x252
C  [libosxapp.dylib+0x223e]  +[NSApplicationAWT runAWTLoopWithApp:]+0x9c
C  [libawt_lwawt.dylib+0x4462b]  -[AWTStarter starter:]+0x389
C  [Foundation+0x92d00]  __NSThreadPerformPerform+0x125
C  [CoreFoundation+0x80a01]  __CFRUNLOOP_IS_CALLING_OUT_TO_A_SOURCE0_PERFORM_FUNCTION__+0x11
C  [CoreFoundation+0x72b8d]  __CFRunLoopDoSources0+0x10d
C  [CoreFoundation+0x721bf]  __CFRunLoopRun+0x39f
C  [CoreFoundation+0x71bd8]  CFRunLoopRunSpecific+0x128
C  [java+0x6490]  CreateExecutionEnvironment+0x367
C  [java+0x221c]  JLI_Launch+0x7a0
C  [java+0x84ed]  main+0x65
C  [java+0x1a74]  start+0x34
C  0x0000000000000005


---------------  P R O C E S S  ---------------

Java Threads: ( => current thread )
  0x00007fea92036000 JavaThread "AWT-Shutdown" [_thread_blocked, id=36887, stack(0x00000001290d6000,0x00000001291d6000)]
=>0x00007fea920c0800 JavaThread "AppKit Thread" daemon [_thread_in_native, id=1811, stack(0x00007fff552ac000,0x00007fff55aac000)]
  0x00007fea92067000 JavaThread "Service Thread" daemon [_thread_blocked, id=18179, stack(0x00000001238ce000,0x00000001239ce000)]
  0x00007fea92013000 JavaThread "C1 CompilerThread2" daemon [_thread_blocked, id=17667, stack(0x00000001237cb000,0x00000001238cb000)]
  0x00007fea92019000 JavaThread "C2 CompilerThread1" daemon [_thread_blocked, id=17155, stack(0x00000001236c8000,0x00000001237c8000)]
  0x00007fea92841800 JavaThread "C2 CompilerThread0" daemon [_thread_blocked, id=16643, stack(0x00000001235c5000,0x00000001236c5000)]
  0x00007fea92840800 JavaThread "Signal Dispatcher" daemon [_thread_blocked, id=12811, stack(0x00000001234c2000,0x00000001235c2000)]
  0x00007fea9181b000 JavaThread "Finalizer" daemon [_thread_blocked, id=11523, stack(0x0000000121ab6000,0x0000000121bb6000)]
  0x00007fea92000800 JavaThread "Reference Handler" daemon [_thread_blocked, id=11011, stack(0x00000001219b3000,0x0000000121ab3000)]
  0x00007fea92003000 JavaThread "main" [_thread_in_native, id=4867, stack(0x000000010a26b000,0x000000010a36b000)]

Other Threads:
  0x00007fea92828800 VMThread [stack: 0x00000001218b0000,0x00000001219b0000] [id=10499]
  0x00007fea93007800 WatcherThread [stack: 0x00000001239d1000,0x0000000123ad1000] [id=18691]

VM state:not at safepoint (normal execution)

VM Mutex/Monitor currently owned by a thread: None

Heap:
 PSYoungGen      total 38400K, used 15500K [0x0000000795580000, 0x0000000798000000, 0x00000007c0000000)
  eden space 33280K, 46% used [0x0000000795580000,0x00000007964a33a8,0x0000000797600000)
  from space 5120K, 0% used [0x0000000797b00000,0x0000000797b00000,0x0000000798000000)
  to   space 5120K, 0% used [0x0000000797600000,0x0000000797600000,0x0000000797b00000)
 ParOldGen       total 87552K, used 0K [0x0000000740000000, 0x0000000745580000, 0x0000000795580000)
  object space 87552K, 0% used [0x0000000740000000,0x0000000740000000,0x0000000745580000)
 Metaspace       used 6884K, capacity 7027K, committed 7168K, reserved 1056768K
  class space    used 690K, capacity 758K, committed 768K, reserved 1048576K

Card table byte_map: [0x000000011af29000,0x000000011b32a000] byte_map_base: 0x0000000117529000

Marking Bits: (ParMarkBitMap*) 0x000000010b4c27a0
 Begin Bits: [0x000000011b9e1000, 0x000000011d9e1000)
 End Bits:   [0x000000011d9e1000, 0x000000011f9e1000)

Polling page: 0x000000010a3b0000

CodeCache: size=245760Kb used=3258Kb max_used=3270Kb free=242501Kb
 bounds [0x000000010bb69000, 0x000000010bea9000, 0x000000011ab69000]
 total_blobs=1197 nmethods=806 adapters=305
 compilation: enabled

Compilation events (10 events):
Event: 26.952 Thread 0x00007fea92013000  802       1       org.newdawn.slick.state.BasicGameState::isAcceptingInput (2 bytes)
Event: 26.952 Thread 0x00007fea92013000 nmethod 802 0x000000010be97b10 code [0x000000010be97c60, 0x000000010be97d70]
Event: 27.051 Thread 0x00007fea92013000  804   !   3       org.lwjgl.input.Mouse::isButtonDown (61 bytes)
Event: 27.052 Thread 0x00007fea92013000 nmethod 804 0x000000010be9b0d0 code [0x000000010be9b280, 0x000000010be9b898]
Event: 28.818 Thread 0x00007fea92019000  805   !   4       org.lwjgl.opengl.Display::isFullscreen (34 bytes)
Event: 28.819 Thread 0x00007fea92019000 nmethod 805 0x000000010be976d0 code [0x000000010be97820, 0x000000010be97a58]
Event: 29.270 Thread 0x00007fea92013000  806       3       sun.misc.URLClassPath::getResource (83 bytes)
Event: 29.271 Thread 0x00007fea92013000 nmethod 806 0x000000010be9cd90 code [0x000000010be9cf40, 0x000000010be9d308]
Event: 29.271 Thread 0x00007fea92841800  807       4       java.nio.DirectByteBuffer::put (18 bytes)
Event: 29.272 Thread 0x00007fea92841800 nmethod 807 0x000000010be99910 code [0x000000010be99a60, 0x000000010be99b18]

GC Heap History (0 events):
No events

Deoptimization events (3 events):
Event: 0.277 Thread 0x00007fea920c0800 Uncommon trap: reason=unstable_if action=reinterpret pc=0x000000010bcadf40 method=java.lang.String.indexOf(II)I @ 49
Event: 20.518 Thread 0x00007fea92003000 Uncommon trap: reason=unstable_if action=reinterpret pc=0x000000010be872b4 method=components.CollisionNormal.update(Lorg/newdawn/slick/GameContainer;LgameStates/MyBasicGameState;ILentities/Entity;)V @ 156
Event: 20.785 Thread 0x00007fea92003000 Uncommon trap: reason=unstable_if action=reinterpret pc=0x000000010be393e4 method=org.newdawn.slick.geom.Rectangle.intersects(Lorg/newdawn/slick/geom/Shape;)Z @ 26

Internal exceptions (10 events):
Event: 0.122 Thread 0x00007fea92003000 Exception <a 'java/security/PrivilegedActionException'> (0x0000000795851520) thrown at [/Users/java_re/workspace/8-2-build-macosx-x86_64/jdk8u45/3457/hotspot/src/share/vm/prims/jvm.cpp, line 1382]
Event: 0.122 Thread 0x00007fea92003000 Exception <a 'java/security/PrivilegedActionException'> (0x00000007958516d8) thrown at [/Users/java_re/workspace/8-2-build-macosx-x86_64/jdk8u45/3457/hotspot/src/share/vm/prims/jvm.cpp, line 1382]
Event: 0.123 Thread 0x00007fea92003000 Exception <a 'java/security/PrivilegedActionException'> (0x0000000795854a58) thrown at [/Users/java_re/workspace/8-2-build-macosx-x86_64/jdk8u45/3457/hotspot/src/share/vm/prims/jvm.cpp, line 1382]
Event: 0.123 Thread 0x00007fea92003000 Exception <a 'java/security/PrivilegedActionException'> (0x0000000795854c10) thrown at [/Users/java_re/workspace/8-2-build-macosx-x86_64/jdk8u45/3457/hotspot/src/share/vm/prims/jvm.cpp, line 1382]
Event: 0.258 Thread 0x00007fea92003000 Exception <a 'java/io/FileNotFoundException'> (0x000000079585c7b8) thrown at [/Users/java_re/workspace/8-2-build-macosx-x86_64/jdk8u45/3457/hotspot/src/share/vm/prims/jni.cpp, line 709]
Event: 0.258 Thread 0x00007fea92003000 Exception <a 'java/io/FileNotFoundException'> (0x000000079585d300) thrown at [/Users/java_re/workspace/8-2-build-macosx-x86_64/jdk8u45/3457/hotspot/src/share/vm/prims/jni.cpp, line 709]
Event: 0.271 Thread 0x00007fea92003000 Exception <a 'java/lang/UnsatisfiedLinkError'> (0x000000079586d930) thrown at [/Users/java_re/workspace/8-2-build-macosx-x86_64/jdk8u45/3457/hotspot/src/share/vm/prims/jvm.cpp, line 1386]
Event: 0.326 Thread 0x00007fea920c0800 Exception <a 'java/lang/NoSuchFieldError': method resolution failed> (0x0000000795a38f98) thrown at [/Users/java_re/workspace/8-2-build-macosx-x86_64/jdk8u45/3457/hotspot/src/share/vm/prims/methodHandles.cpp, line 1125]
Event: 0.328 Thread 0x00007fea920c0800 Exception <a 'java/lang/NoSuchFieldError': method resolution failed> (0x0000000795a47638) thrown at [/Users/java_re/workspace/8-2-build-macosx-x86_64/jdk8u45/3457/hotspot/src/share/vm/prims/methodHandles.cpp, line 1125]
Event: 0.622 Thread 0x00007fea92003000 Exception <a 'java/lang/NoClassDefFoundError': net/java/games/input/ControllerEnvironment> (0x0000000795e25e40) thrown at [/Users/java_re/workspace/8-2-build-macosx-x86_64/jdk8u45/3457/hotspot/src/share/vm/classfile/systemDictionary.cpp, line 199]

Events (10 events):
Event: 16.487 Thread 0x00007fea92a7f000 Thread exited: 0x00007fea92a7f000
Event: 19.121 Thread 0x00007fea92036000 Thread added: 0x00007fea92036000
Event: 20.518 Thread 0x00007fea92003000 Uncommon trap: trap_request=0xffffff65 fr.pc=0x000000010be872b4
Event: 20.518 Thread 0x00007fea92003000 DEOPT PACKING pc=0x000000010be872b4 sp=0x000000010a36a4c0
Event: 20.518 Thread 0x00007fea92003000 DEOPT UNPACKING pc=0x000000010bb6e229 sp=0x000000010a36a470 mode 2
Event: 20.785 Thread 0x00007fea92003000 Uncommon trap: trap_request=0xffffff65 fr.pc=0x000000010be393e4
Event: 20.785 Thread 0x00007fea92003000 DEOPT PACKING pc=0x000000010be393e4 sp=0x000000010a36a440
Event: 20.785 Thread 0x00007fea92003000 DEOPT UNPACKING pc=0x000000010bb6e229 sp=0x000000010a36a400 mode 2
Event: 29.270 loading class org/lwjgl/opengl/CallbackUtil
Event: 29.270 loading class org/lwjgl/opengl/CallbackUtil done


Dynamic libraries:
0x0000000006b42000 	/System/Library/Frameworks/Cocoa.framework/Versions/A/Cocoa
0x0000000006b42000 	/System/Library/Frameworks/Security.framework/Versions/A/Security
0x0000000006b42000 	/System/Library/Frameworks/ApplicationServices.framework/Versions/A/ApplicationServices
0x0000000006b42000 	/usr/lib/libz.1.dylib
0x0000000006b42000 	/usr/lib/libSystem.B.dylib
0x0000000006b42000 	/usr/lib/libobjc.A.dylib
0x0000000006b42000 	/System/Library/Frameworks/CoreFoundation.framework/Versions/A/CoreFoundation
0x0000000006b42000 	/System/Library/Frameworks/Foundation.framework/Versions/C/Foundation
0x0000000006b42000 	/System/Library/Frameworks/AppKit.framework/Versions/C/AppKit
0x0000000006b42000 	/System/Library/Frameworks/CoreData.framework/Versions/A/CoreData
0x0000000006b42000 	/System/Library/PrivateFrameworks/RemoteViewServices.framework/Versions/A/RemoteViewServices
0x0000000006b42000 	/System/Library/PrivateFrameworks/UIFoundation.framework/Versions/A/UIFoundation
0x0000000006b42000 	/System/Library/Frameworks/IOSurface.framework/Versions/A/IOSurface
0x0000000006b42000 	/System/Library/Frameworks/AudioToolbox.framework/Versions/A/AudioToolbox
0x0000000006b42000 	/System/Library/Frameworks/AudioUnit.framework/Versions/A/AudioUnit
0x0000000006b42000 	/System/Library/PrivateFrameworks/DataDetectorsCore.framework/Versions/A/DataDetectorsCore
0x0000000006b42000 	/System/Library/PrivateFrameworks/DesktopServicesPriv.framework/Versions/A/DesktopServicesPriv
0x0000000006b42000 	/System/Library/Frameworks/Carbon.framework/Versions/A/Frameworks/HIToolbox.framework/Versions/A/HIToolbox
0x0000000006b42000 	/System/Library/Frameworks/QuartzCore.framework/Versions/A/QuartzCore
0x0000000006b42000 	/System/Library/Frameworks/Carbon.framework/Versions/A/Frameworks/SpeechRecognition.framework/Versions/A/SpeechRecognition
0x0000000006b42000 	/usr/lib/libauto.dylib
0x0000000006b42000 	/usr/lib/libicucore.A.dylib
0x0000000006b42000 	/usr/lib/libxml2.2.dylib
0x0000000006b42000 	/System/Library/PrivateFrameworks/CoreUI.framework/Versions/A/CoreUI
0x0000000006b42000 	/System/Library/Frameworks/CoreAudio.framework/Versions/A/CoreAudio
0x0000000006b42000 	/System/Library/Frameworks/DiskArbitration.framework/Versions/A/DiskArbitration
0x0000000006b42000 	/usr/lib/liblangid.dylib
0x0000000006b42000 	/System/Library/PrivateFrameworks/MultitouchSupport.framework/Versions/A/MultitouchSupport
0x0000000006b42000 	/System/Library/Frameworks/IOKit.framework/Versions/A/IOKit
0x0000000006b42000 	/usr/lib/libDiagnosticMessagesClient.dylib
0x0000000006b42000 	/System/Library/Frameworks/CoreServices.framework/Versions/A/CoreServices
0x0000000006b42000 	/System/Library/PrivateFrameworks/PerformanceAnalysis.framework/Versions/A/PerformanceAnalysis
0x0000000006b42000 	/System/Library/PrivateFrameworks/GenerationalStorage.framework/Versions/A/GenerationalStorage
0x0000000006b42000 	/System/Library/Frameworks/OpenGL.framework/Versions/A/OpenGL
0x0000000006b42000 	/System/Library/PrivateFrameworks/Sharing.framework/Versions/A/Sharing
0x0000000006b42000 	/System/Library/Frameworks/CoreGraphics.framework/Versions/A/CoreGraphics
0x0000000006b42000 	/System/Library/Frameworks/CoreText.framework/Versions/A/CoreText
0x0000000006b42000 	/System/Library/Frameworks/ImageIO.framework/Versions/A/ImageIO
0x0000000006b42000 	/usr/lib/libextension.dylib
0x0000000006b42000 	/System/Library/PrivateFrameworks/Backup.framework/Versions/A/Backup
0x0000000006b42000 	/usr/lib/libarchive.2.dylib
0x0000000006b42000 	/System/Library/Frameworks/CFNetwork.framework/Versions/A/CFNetwork
0x0000000006b42000 	/System/Library/Frameworks/SystemConfiguration.framework/Versions/A/SystemConfiguration
0x0000000006b42000 	/usr/lib/libCRFSuite.dylib
0x0000000006b42000 	/usr/lib/libc++.1.dylib
0x0000000006b42000 	/usr/lib/libc++abi.dylib
0x0000000006b42000 	/usr/lib/system/libcache.dylib
0x0000000006b42000 	/usr/lib/system/libcommonCrypto.dylib
0x0000000006b42000 	/usr/lib/system/libcompiler_rt.dylib
0x0000000006b42000 	/usr/lib/system/libcopyfile.dylib
0x0000000006b42000 	/usr/lib/system/libcorecrypto.dylib
0x0000000006b42000 	/usr/lib/system/libdispatch.dylib
0x0000000006b42000 	/usr/lib/system/libdyld.dylib
0x0000000006b42000 	/usr/lib/system/libkeymgr.dylib
0x0000000006b42000 	/usr/lib/system/liblaunch.dylib
0x0000000006b42000 	/usr/lib/system/libmacho.dylib
0x0000000006b42000 	/usr/lib/system/libquarantine.dylib
0x0000000006b42000 	/usr/lib/system/libremovefile.dylib
0x0000000006b42000 	/usr/lib/system/libsystem_asl.dylib
0x0000000006b42000 	/usr/lib/system/libsystem_blocks.dylib
0x0000000006b42000 	/usr/lib/system/libsystem_c.dylib
0x0000000006b42000 	/usr/lib/system/libsystem_configuration.dylib
0x0000000006b42000 	/usr/lib/system/libsystem_coreservices.dylib
0x0000000006b42000 	/usr/lib/system/libsystem_coretls.dylib
0x0000000006b42000 	/usr/lib/system/libsystem_dnssd.dylib
0x0000000006b42000 	/usr/lib/system/libsystem_info.dylib
0x0000000006b42000 	/usr/lib/system/libsystem_kernel.dylib
0x0000000006b42000 	/usr/lib/system/libsystem_m.dylib
0x0000000006b42000 	/usr/lib/system/libsystem_malloc.dylib
0x0000000006b42000 	/usr/lib/system/libsystem_network.dylib
0x0000000006b42000 	/usr/lib/system/libsystem_networkextension.dylib
0x0000000006b42000 	/usr/lib/system/libsystem_notify.dylib
0x0000000006b42000 	/usr/lib/system/libsystem_platform.dylib
0x0000000006b42000 	/usr/lib/system/libsystem_pthread.dylib
0x0000000006b42000 	/usr/lib/system/libsystem_sandbox.dylib
0x0000000006b42000 	/usr/lib/system/libsystem_secinit.dylib
0x0000000006b42000 	/usr/lib/system/libsystem_stats.dylib
0x0000000006b42000 	/usr/lib/system/libsystem_trace.dylib
0x0000000006b42000 	/usr/lib/system/libunc.dylib
0x0000000006b42000 	/usr/lib/system/libunwind.dylib
0x0000000006b42000 	/usr/lib/system/libxpc.dylib
0x0000000006b42000 	/usr/lib/libbz2.1.0.dylib
0x0000000006b42000 	/usr/lib/liblzma.5.dylib
0x0000000006b42000 	/usr/lib/libbsm.0.dylib
0x0000000006b42000 	/usr/lib/libsqlite3.dylib
0x0000000006b42000 	/usr/lib/system/libkxld.dylib
0x0000000006b42000 	/usr/lib/libxar.1.dylib
0x0000000006b42000 	/usr/lib/libpam.2.dylib
0x0000000006b42000 	/usr/lib/libOpenScriptingUtil.dylib
0x0000000006b42000 	/System/Library/Frameworks/CoreServices.framework/Versions/A/Frameworks/FSEvents.framework/Versions/A/FSEvents
0x0000000006b42000 	/System/Library/Frameworks/CoreServices.framework/Versions/A/Frameworks/CarbonCore.framework/Versions/A/CarbonCore
0x0000000006b42000 	/System/Library/Frameworks/CoreServices.framework/Versions/A/Frameworks/Metadata.framework/Versions/A/Metadata
0x0000000006b42000 	/System/Library/Frameworks/CoreServices.framework/Versions/A/Frameworks/OSServices.framework/Versions/A/OSServices
0x0000000006b42000 	/System/Library/Frameworks/CoreServices.framework/Versions/A/Frameworks/SearchKit.framework/Versions/A/SearchKit
0x0000000006b42000 	/System/Library/Frameworks/CoreServices.framework/Versions/A/Frameworks/AE.framework/Versions/A/AE
0x0000000006b42000 	/System/Library/Frameworks/CoreServices.framework/Versions/A/Frameworks/LaunchServices.framework/Versions/A/LaunchServices
0x0000000006b42000 	/System/Library/Frameworks/CoreServices.framework/Versions/A/Frameworks/DictionaryServices.framework/Versions/A/DictionaryServices
0x0000000006b42000 	/System/Library/Frameworks/NetFS.framework/Versions/A/NetFS
0x0000000006b42000 	/System/Library/PrivateFrameworks/NetAuth.framework/Versions/A/NetAuth
0x0000000006b42000 	/System/Library/PrivateFrameworks/login.framework/Versions/A/Frameworks/loginsupport.framework/Versions/A/loginsupport
0x0000000006b42000 	/System/Library/PrivateFrameworks/TCC.framework/Versions/A/TCC
0x0000000006b42000 	/usr/lib/libmecabra.dylib
0x0000000006b42000 	/System/Library/Frameworks/ApplicationServices.framework/Versions/A/Frameworks/ATS.framework/Versions/A/ATS
0x0000000006b42000 	/System/Library/Frameworks/ApplicationServices.framework/Versions/A/Frameworks/ColorSync.framework/Versions/A/ColorSync
0x0000000006b42000 	/System/Library/Frameworks/ApplicationServices.framework/Versions/A/Frameworks/HIServices.framework/Versions/A/HIServices
0x0000000006b42000 	/System/Library/Frameworks/ApplicationServices.framework/Versions/A/Frameworks/LangAnalysis.framework/Versions/A/LangAnalysis
0x0000000006b42000 	/System/Library/Frameworks/ApplicationServices.framework/Versions/A/Frameworks/PrintCore.framework/Versions/A/PrintCore
0x0000000006b42000 	/System/Library/Frameworks/ApplicationServices.framework/Versions/A/Frameworks/QD.framework/Versions/A/QD
0x0000000006b42000 	/System/Library/Frameworks/ApplicationServices.framework/Versions/A/Frameworks/SpeechSynthesis.framework/Versions/A/SpeechSynthesis
0x0000000006b42000 	/System/Library/Frameworks/Accelerate.framework/Versions/A/Accelerate
0x0000000006b42000 	/System/Library/Frameworks/Accelerate.framework/Versions/A/Frameworks/vImage.framework/Versions/A/vImage
0x0000000006b42000 	/System/Library/Frameworks/Accelerate.framework/Versions/A/Frameworks/vecLib.framework/Versions/A/vecLib
0x0000000006b42000 	/System/Library/Frameworks/Accelerate.framework/Versions/A/Frameworks/vecLib.framework/Versions/A/libvDSP.dylib
0x0000000006b42000 	/System/Library/Frameworks/Accelerate.framework/Versions/A/Frameworks/vecLib.framework/Versions/A/libvMisc.dylib
0x0000000006b42000 	/System/Library/Frameworks/Accelerate.framework/Versions/A/Frameworks/vecLib.framework/Versions/A/libLAPACK.dylib
0x0000000006b42000 	/System/Library/Frameworks/Accelerate.framework/Versions/A/Frameworks/vecLib.framework/Versions/A/libBLAS.dylib
0x0000000006b42000 	/System/Library/Frameworks/Accelerate.framework/Versions/A/Frameworks/vecLib.framework/Versions/A/libLinearAlgebra.dylib
0x0000000006b42000 	/System/Library/Frameworks/ApplicationServices.framework/Versions/A/Frameworks/ATS.framework/Versions/A/Resources/libFontParser.dylib
0x0000000006b42000 	/System/Library/Frameworks/ApplicationServices.framework/Versions/A/Frameworks/ATS.framework/Versions/A/Resources/libFontRegistry.dylib
0x0000000006b42000 	/System/Library/PrivateFrameworks/AppleVPA.framework/Versions/A/AppleVPA
0x0000000006b42000 	/System/Library/PrivateFrameworks/AppleJPEG.framework/Versions/A/AppleJPEG
0x0000000006b42000 	/System/Library/Frameworks/ImageIO.framework/Versions/A/Resources/libJPEG.dylib
0x0000000006b42000 	/System/Library/Frameworks/ImageIO.framework/Versions/A/Resources/libTIFF.dylib
0x0000000006b42000 	/System/Library/Frameworks/ImageIO.framework/Versions/A/Resources/libPng.dylib
0x0000000006b42000 	/System/Library/Frameworks/ImageIO.framework/Versions/A/Resources/libGIF.dylib
0x0000000006b42000 	/System/Library/Frameworks/ImageIO.framework/Versions/A/Resources/libJP2.dylib
0x0000000006b42000 	/System/Library/Frameworks/ImageIO.framework/Versions/A/Resources/libRadiance.dylib
0x0000000006b42000 	/System/Library/Frameworks/CoreVideo.framework/Versions/A/CoreVideo
0x0000000006b42000 	/System/Library/Frameworks/OpenGL.framework/Versions/A/Libraries/libGLU.dylib
0x0000000006b42000 	/System/Library/Frameworks/OpenGL.framework/Versions/A/Libraries/libGFXShared.dylib
0x0000000006b42000 	/System/Library/Frameworks/OpenGL.framework/Versions/A/Libraries/libGL.dylib
0x0000000006b42000 	/System/Library/Frameworks/OpenGL.framework/Versions/A/Libraries/libGLImage.dylib
0x0000000006b42000 	/System/Library/Frameworks/OpenGL.framework/Versions/A/Libraries/libCVMSPluginSupport.dylib
0x0000000006b42000 	/System/Library/Frameworks/OpenGL.framework/Versions/A/Libraries/libCoreVMClient.dylib
0x0000000006b42000 	/usr/lib/libcups.2.dylib
0x0000000006b42000 	/System/Library/Frameworks/Kerberos.framework/Versions/A/Kerberos
0x0000000006b42000 	/System/Library/Frameworks/GSS.framework/Versions/A/GSS
0x0000000006b42000 	/usr/lib/libresolv.9.dylib
0x0000000006b42000 	/usr/lib/libiconv.2.dylib
0x0000000006b42000 	/System/Library/PrivateFrameworks/Heimdal.framework/Versions/A/Heimdal
0x0000000006b42000 	/usr/lib/libheimdal-asn1.dylib
0x0000000006b42000 	/System/Library/Frameworks/OpenDirectory.framework/Versions/A/OpenDirectory
0x0000000006b42000 	/System/Library/PrivateFrameworks/CommonAuth.framework/Versions/A/CommonAuth
0x0000000006b42000 	/System/Library/Frameworks/OpenDirectory.framework/Versions/A/Frameworks/CFOpenDirectory.framework/Versions/A/CFOpenDirectory
0x0000000006b42000 	/System/Library/Frameworks/SecurityFoundation.framework/Versions/A/SecurityFoundation
0x0000000006b42000 	/System/Library/PrivateFrameworks/LanguageModeling.framework/Versions/A/LanguageModeling
0x0000000006b42000 	/usr/lib/libcmph.dylib
0x0000000006b42000 	/System/Library/Frameworks/ServiceManagement.framework/Versions/A/ServiceManagement
0x0000000006b42000 	/usr/lib/libxslt.1.dylib
0x0000000006b42000 	/System/Library/Frameworks/Carbon.framework/Versions/A/Frameworks/Ink.framework/Versions/A/Ink
0x0000000006b42000 	/System/Library/Frameworks/QuartzCore.framework/Versions/A/Frameworks/CoreImage.framework/Versions/A/CoreImage
0x0000000006b42000 	/System/Library/PrivateFrameworks/CrashReporterSupport.framework/Versions/A/CrashReporterSupport
0x0000000006b42000 	/System/Library/Frameworks/OpenCL.framework/Versions/A/OpenCL
0x0000000006b42000 	/System/Library/PrivateFrameworks/FaceCore.framework/Versions/A/FaceCore
0x0000000006b42000 	/System/Library/PrivateFrameworks/Ubiquity.framework/Versions/A/Ubiquity
0x0000000006b42000 	/System/Library/PrivateFrameworks/IconServices.framework/Versions/A/IconServices
0x0000000006b42000 	/System/Library/PrivateFrameworks/ChunkingLibrary.framework/Versions/A/ChunkingLibrary
0x0000000006b42000 	/System/Library/PrivateFrameworks/Apple80211.framework/Versions/A/Apple80211
0x0000000006b42000 	/System/Library/Frameworks/CoreWLAN.framework/Versions/A/CoreWLAN
0x0000000006b42000 	/System/Library/Frameworks/IOBluetooth.framework/Versions/A/IOBluetooth
0x0000000006b42000 	/System/Library/PrivateFrameworks/CoreWiFi.framework/Versions/A/CoreWiFi
0x0000000006b42000 	/System/Library/Frameworks/CoreBluetooth.framework/Versions/A/CoreBluetooth
0x0000000006b42000 	/System/Library/PrivateFrameworks/DebugSymbols.framework/Versions/A/DebugSymbols
0x0000000006b42000 	/System/Library/PrivateFrameworks/CoreSymbolication.framework/Versions/A/CoreSymbolication
0x0000000006b42000 	/System/Library/PrivateFrameworks/Symbolication.framework/Versions/A/Symbolication
0x0000000006b42000 	/System/Library/PrivateFrameworks/SpeechRecognitionCore.framework/Versions/A/SpeechRecognitionCore
0x000000010ac00000 	/Library/Java/JavaVirtualMachines/jdk1.8.0_45.jdk/Contents/Home/jre/lib/server/libjvm.dylib
0x0000000006b42000 	/usr/lib/libstdc++.6.dylib
0x000000010a36d000 	/Library/Java/JavaVirtualMachines/jdk1.8.0_45.jdk/Contents/Home/jre/lib/libverify.dylib
0x000000010a37b000 	/Library/Java/JavaVirtualMachines/jdk1.8.0_45.jdk/Contents/Home/jre/lib/libjava.dylib
0x000000010a3ba000 	/Library/Java/JavaVirtualMachines/jdk1.8.0_45.jdk/Contents/Home/jre/lib/libzip.dylib
0x0000000121bb8000 	/System/Library/Frameworks/JavaVM.framework/Frameworks/JavaRuntimeSupport.framework/JavaRuntimeSupport
0x000000010a3ec000 	/System/Library/Frameworks/JavaVM.framework/Versions/A/Frameworks/JavaNativeFoundation.framework/Versions/A/JavaNativeFoundation
0x0000000121bce000 	/System/Library/Frameworks/JavaVM.framework/Versions/A/JavaVM
0x0000000006b42000 	/System/Library/Frameworks/Carbon.framework/Versions/A/Carbon
0x0000000121bda000 	/System/Library/PrivateFrameworks/JavaLaunching.framework/Versions/A/JavaLaunching
0x0000000006b42000 	/System/Library/Frameworks/Carbon.framework/Versions/A/Frameworks/CommonPanels.framework/Versions/A/CommonPanels
0x0000000006b42000 	/System/Library/Frameworks/Carbon.framework/Versions/A/Frameworks/Help.framework/Versions/A/Help
0x0000000006b42000 	/System/Library/Frameworks/Carbon.framework/Versions/A/Frameworks/ImageCapture.framework/Versions/A/ImageCapture
0x0000000006b42000 	/System/Library/Frameworks/Carbon.framework/Versions/A/Frameworks/OpenScripting.framework/Versions/A/OpenScripting
0x0000000006b42000 	/System/Library/Frameworks/Carbon.framework/Versions/A/Frameworks/Print.framework/Versions/A/Print
0x0000000006b42000 	/System/Library/Frameworks/Carbon.framework/Versions/A/Frameworks/SecurityHI.framework/Versions/A/SecurityHI
0x0000000123af3000 	/Library/Java/JavaVirtualMachines/jdk1.8.0_45.jdk/Contents/Home/jre/lib/libawt.dylib
0x0000000123b9b000 	/Library/Java/JavaVirtualMachines/jdk1.8.0_45.jdk/Contents/Home/jre/lib/./libmlib_image.dylib
0x0000000123c67000 	/Library/Java/JavaVirtualMachines/jdk1.8.0_45.jdk/Contents/Home/jre/lib/libawt_lwawt.dylib
0x0000000123d1b000 	/Library/Java/JavaVirtualMachines/jdk1.8.0_45.jdk/Contents/Home/jre/lib/./libosxapp.dylib
0x0000000006b42000 	/System/Library/Frameworks/ExceptionHandling.framework/Versions/A/ExceptionHandling
0x0000000006b42000 	/System/Library/PrivateFrameworks/CoreServicesInternal.framework/Versions/A/CoreServicesInternal
0x0000000006b42000 	/System/Library/PrivateFrameworks/CloudDocs.framework/Versions/A/CloudDocs
0x0000000006b42000 	/System/Library/PrivateFrameworks/CoreDuet.framework/Versions/A/CoreDuet
0x0000000006b42000 	/System/Library/Frameworks/CloudKit.framework/Versions/A/CloudKit
0x0000000006b42000 	/System/Library/PrivateFrameworks/ProtocolBuffer.framework/Versions/A/ProtocolBuffer
0x0000000006b42000 	/System/Library/PrivateFrameworks/CoreDuetDaemonProtocol.framework/Versions/A/CoreDuetDaemonProtocol
0x0000000006b42000 	/System/Library/PrivateFrameworks/CoreDuetDebugLogging.framework/Versions/A/CoreDuetDebugLogging
0x0000000006b42000 	/System/Library/PrivateFrameworks/MMCS.framework/Versions/A/MMCS
0x0000000006b42000 	/System/Library/Frameworks/CoreLocation.framework/Versions/A/CoreLocation
0x0000000006b42000 	/System/Library/PrivateFrameworks/ProtectedCloudStorage.framework/Versions/A/ProtectedCloudStorage
0x0000000006b42000 	/System/Library/PrivateFrameworks/GeoServices.framework/Versions/A/GeoServices
0x0000000006b42000 	/System/Library/Frameworks/CoreGraphics.framework/Versions/A/Resources/libCGCMS.A.dylib
0x0000000006b42000 	/System/Library/Frameworks/CoreGraphics.framework/Versions/A/Resources/libRIP.A.dylib
0x0000000006b42000 	/System/Library/Frameworks/CoreGraphics.framework/Versions/A/Resources/libCGXType.A.dylib
0x0000000006b42000 	/System/Library/Frameworks/OpenCL.framework/Versions/A/Libraries/libcldcpuengine.dylib
0x0000000006b42000 	/System/Library/PrivateFrameworks/DiskImages.framework/Versions/A/DiskImages
0x0000000006b42000 	/System/Library/Frameworks/DiscRecording.framework/Versions/A/DiscRecording
0x0000000006b42000 	/usr/lib/libcsfde.dylib
0x0000000006b42000 	/usr/lib/libcurl.4.dylib
0x0000000006b42000 	/System/Library/PrivateFrameworks/MediaKit.framework/Versions/A/MediaKit
0x0000000006b42000 	/usr/lib/libCoreStorage.dylib
0x0000000006b42000 	/System/Library/PrivateFrameworks/EFILogin.framework/Versions/A/EFILogin
0x0000000006b42000 	/usr/lib/libutil.dylib
0x0000000006b42000 	/System/Library/PrivateFrameworks/FindMyDevice.framework/Versions/A/FindMyDevice
0x0000000006b42000 	/System/Library/Frameworks/LDAP.framework/Versions/A/LDAP
0x0000000006b42000 	/usr/lib/libsasl2.2.dylib
0x0000000006b42000 	/System/Library/PrivateFrameworks/CoreDaemon.framework/Versions/B/CoreDaemon
0x0000000006b42000 	/usr/lib/libcrypto.0.9.8.dylib
0x0000000006b42000 	/System/Library/PrivateFrameworks/AppleSRP.framework/Versions/A/AppleSRP
0x0000000006b42000 	/System/Library/PrivateFrameworks/TrustEvaluationAgent.framework/Versions/A/TrustEvaluationAgent
0x0000000126e5d000 	cl_kernels
0x0000000126e5f000 	/System/Library/Frameworks/OpenCL.framework/Versions/A/Libraries/ImageFormats/unorm8_bgra.dylib
0x0000000126e4f000 	cl_kernels
0x0000000006b42000 	/System/Library/PrivateFrameworks/FamilyControls.framework/Versions/A/FamilyControls
0x0000000006b42000 	/System/Library/PrivateFrameworks/CommerceKit.framework/Versions/A/Frameworks/CommerceCore.framework/Versions/A/CommerceCore
0x0000000006b42000 	/System/Library/PrivateFrameworks/SystemAdministration.framework/Versions/A/SystemAdministration
0x0000000006b42000 	/System/Library/PrivateFrameworks/AppContainer.framework/Versions/A/AppContainer
0x0000000006b42000 	/System/Library/PrivateFrameworks/SecCodeWrapper.framework/Versions/A/SecCodeWrapper
0x0000000006b42000 	/System/Library/Frameworks/DirectoryService.framework/Versions/A/DirectoryService
0x0000000006b42000 	/System/Library/PrivateFrameworks/LoginUIKit.framework/Versions/A/Frameworks/LoginUICore.framework/Versions/A/LoginUICore
0x0000000006b42000 	/usr/lib/libodfde.dylib
0x0000000126266000 	/Library/Java/JavaVirtualMachines/jdk1.8.0_45.jdk/Contents/Home/jre/lib/libfontmanager.dylib
0x0000000128163000 	/Users/brunogeroto/Documents/workspace/Duality/native/macosx/liblwjgl.dylib
0x00000001262cd000 	/Library/Java/JavaVirtualMachines/jdk1.8.0_45.jdk/Contents/Home/jre/lib/libjawt.dylib
0x0000000006b42000 	/System/Library/Frameworks/OpenGL.framework/Versions/A/Resources/GLEngine.bundle/GLEngine
0x0000000006b42000 	/System/Library/Frameworks/OpenGL.framework/Versions/A/Libraries/libGLProgrammability.dylib
0x0000000000000000 	/System/Library/Extensions/AppleIntelHD5000GraphicsGLDriver.bundle/Contents/MacOS/AppleIntelHD5000GraphicsGLDriver
0x0000000006b42000 	/System/Library/PrivateFrameworks/IOAccelerator.framework/Versions/A/IOAccelerator
0x0000000006b42000 	/System/Library/PrivateFrameworks/GPUSupport.framework/Versions/A/Libraries/libGPUSupportMercury.dylib
0x0000000006b42000 	/System/Library/Frameworks/OpenGL.framework/Versions/A/Resources/GLRendererFloat.bundle/GLRendererFloat

VM Arguments:
jvm_args: -Dfile.encoding=UTF-8 
java_command: game.Main
java_class_path (initial): /Users/brunogeroto/Documents/workspace/Duality/bin:/Users/brunogeroto/Documents/workspace/Duality/jar/lwjgl.jar:/Users/brunogeroto/Documents/workspace/Duality/jar/slick.jar
Launcher Type: SUN_STANDARD

Environment Variables:
PATH=/usr/bin:/bin:/usr/sbin:/sbin
SHELL=/bin/bash

Signal Handlers:
SIGSEGV: [libjvm.dylib+0x58ef95], sa_mask[0]=11111111011111110111111111111111, sa_flags=SA_ONSTACK|SA_RESTART|SA_SIGINFO
SIGBUS: [libjvm.dylib+0x58ef95], sa_mask[0]=11111111011111110111111111111111, sa_flags=SA_RESTART|SA_SIGINFO
SIGFPE: [libjvm.dylib+0x46c108], sa_mask[0]=11111111011111110111111111111111, sa_flags=SA_RESTART|SA_SIGINFO
SIGPIPE: [libjvm.dylib+0x46c108], sa_mask[0]=11111111011111110111111111111111, sa_flags=SA_RESTART|SA_SIGINFO
SIGXFSZ: [libjvm.dylib+0x46c108], sa_mask[0]=11111111011111110111111111111111, sa_flags=SA_RESTART|SA_SIGINFO
SIGILL: [libjvm.dylib+0x46c108], sa_mask[0]=11111111011111110111111111111111, sa_flags=SA_RESTART|SA_SIGINFO
SIGUSR1: SIG_DFL, sa_mask[0]=00000000000000000000000000000000, sa_flags=none
SIGUSR2: [libjvm.dylib+0x46bc26], sa_mask[0]=00100000000000000000000000000000, sa_flags=SA_RESTART|SA_SIGINFO
SIGHUP: [libjvm.dylib+0x46a1f9], sa_mask[0]=11111111011111110111111111111111, sa_flags=SA_RESTART|SA_SIGINFO
SIGINT: [libjvm.dylib+0x46a1f9], sa_mask[0]=11111111011111110111111111111111, sa_flags=SA_RESTART|SA_SIGINFO
SIGTERM: [libjvm.dylib+0x46a1f9], sa_mask[0]=11111111011111110111111111111111, sa_flags=SA_RESTART|SA_SIGINFO
SIGQUIT: [libjvm.dylib+0x46a1f9], sa_mask[0]=11111111011111110111111111111111, sa_flags=SA_RESTART|SA_SIGINFO


---------------  S Y S T E M  ---------------

OS:Bsduname:Darwin 14.3.0 Darwin Kernel Version 14.3.0: Mon Mar 23 11:59:05 PDT 2015; root:xnu-2782.20.48~5/RELEASE_X86_64 x86_64
rlimit: STACK 8192k, CORE 0k, NPROC 709, NOFILE 10240, AS infinity
load average:1.25 1.28 1.26

CPU:total 4 (2 cores per cpu, 2 threads per core) family 6 model 69 stepping 1, cmov, cx8, fxsr, mmx, sse, sse2, sse3, ssse3, sse4.1, sse4.2, popcnt, avx, avx2, aes, clmul, erms, lzcnt, ht, tsc, tscinvbit, bmi1, bmi2

Memory: 4k page, physical 8388608k(535824k free)

/proc/meminfo:


vm_info: Java HotSpot(TM) 64-Bit Server VM (25.45-b02) for bsd-amd64 JRE (1.8.0_45-b14), built on Apr 10 2015 10:46:38 by "java_re" with gcc 4.2.1 (Based on Apple Inc. build 5658) (LLVM build 2336.11.00)

time: Thu May 21 20:58:19 2015
elapsed time: 29 seconds (0d 0h 0m 29s)

