#
# A fatal error has been detected by the Java Runtime Environment:
#
#  SIGSEGV (0xb) at pc=0x00007fff8f81a0dd, pid=537, tid=1811
#
# JRE version: Java(TM) SE Runtime Environment (8.0_45-b14) (build 1.8.0_45-b14)
# Java VM: Java HotSpot(TM) 64-Bit Server VM (25.45-b02 mixed mode bsd-amd64 compressed oops)
# Problematic frame:
# C  [libobjc.A.dylib+0x10dd]  objc_msgSend+0x1d
#
# Failed to write core dump. Core dumps have been disabled. To enable core dumping, try "ulimit -c unlimited" before starting Java again
#
# If you would like to submit a bug report, please visit:
#   http://bugreport.java.com/bugreport/crash.jsp
# The crash happened outside the Java Virtual Machine in native code.
# See problematic frame for where to report the bug.
#

---------------  T H R E A D  ---------------

Current thread (0x00007f8a32845800):  JavaThread "AppKit Thread" daemon [_thread_in_native, id=1811, stack(0x00007fff5b2de000,0x00007fff5bade000)]

siginfo: si_signo: 11 (SIGSEGV), si_code: 1 (SEGV_MAPERR), si_addr: 0x0000000000000018

Registers:
RAX=0x00007f8a3272cb70, RBX=0x00007fff5bad9aa8, RCX=0x0000000000000000, RDX=0x00007f8a324a3e40
RSP=0x00007fff5bad98c8, RBP=0x00007fff5bad98d0, RSI=0x00007fff9945d423, RDI=0x00007f8a3272cb70
R8 =0x00007fff5bad98b0, R9 =0x0000000000000055, R10=0x00007fff9945d423, R11=0x0000000000000000
R12=0x00007f8a3260a2f0, R13=0x00000000000f42fb, R14=0x00007f8a325a6f40, R15=0x00007fff5bad9a08
RIP=0x00007fff8f81a0dd, EFLAGS=0x0000000000010246, ERR=0x0000000000000004
  TRAPNO=0x000000000000000e

Top of Stack: (sp=0x00007fff5bad98c8)
0x00007fff5bad98c8:   00007fff92a7e45c 00007fff5bad9c30
0x00007fff5bad98d8:   00007fff9296e634 00007fff5bad995c
0x00007fff5bad98e8:   00007fff5bad9960 00007fff5bad9964
0x00007fff5bad98f8:   00007fff7b65ee00 ffffffffffffffff
0x00007fff5bad9908:   00000000000007f8 00007fff7b65ee18
0x00007fff5bad9918:   00007f8a325a6f40 0000000000000000
0x00007fff5bad9928:   00007fff5bad9a00 0000000000000000
0x00007fff5bad9938:   00007f8a32647030 00007fff5bad9a80
0x00007fff5bad9948:   0000000000000055 00000000000f42fd
0x00007fff5bad9958:   00007f8a324a3e40 00007f8a32624290
0x00007fff5bad9968:   00007f8a3260a2f0 0000000000000001
0x00007fff5bad9978:   00000000000f42fb 00007f8a3260a2e0
0x00007fff5bad9988:   00007fff8fb8ac05 000000017b1fc070
0x00007fff5bad9998:   00007fff7b9c70d0 0000000042000000
0x00007fff5bad99a8:   00007fff8fb91e63 00007fff7b629240
0x00007fff5bad99b8:   00007fff5bad9a88 00007fff5bad99e0
0x00007fff5bad99c8:   00007fff5bad9a00 0000000000000000
0x00007fff5bad99d8:   0000000000000019 0003de038f83a97a
0x00007fff5bad99e8:   00007f8a3260a314 0000000000000000
0x00007fff5bad99f8:   0000000000000000 00007f8a326470b0
0x00007fff5bad9a08:   00007f8a325a6f40 0000002000000000
0x00007fff5bad9a18:   0000000000000000 00007fff7b9c70d0
0x00007fff5bad9a28:   0000000042000000 00007fff8fb914f8
0x00007fff5bad9a38:   00007fff7b629350 00007fff5bad9998
0x00007fff5bad9a48:   0000000000000000 00007fff5bad9b18
0x00007fff5bad9a58:   00007fff7ca9aea0 00007fff5bad9b50
0x00007fff5bad9a68:   00007fff8a915edc 00007fff5bad9b00
0x00007fff5bad9a78:   00007fff98b915fd 0000000000000051
0x00007fff5bad9a88:   0000000000000000 00000000000f42e1
0x00007fff5bad9a98:   0000000000000053 0000000000000000
0x00007fff5bad9aa8:   00000000000f42fb 00007fff5bad9b24
0x00007fff5bad9ab8:   0000000000404301 00000000ffffffff 

Instructions: (pc=0x00007fff8f81a0dd)
0x00007fff8f81a0bd:   00 00 00 48 85 ff 2e 74 7a 40 f6 c7 01 2e 75 7e
0x00007fff8f81a0cd:   49 bb f8 ff ff ff ff 7f 00 00 4c 23 1f 49 89 f2
0x00007fff8f81a0dd:   45 23 53 18 49 c1 e2 04 4d 03 53 10 49 3b 32 75
0x00007fff8f81a0ed:   04 41 ff 62 08 49 83 3a 00 74 6a 4d 3b 53 10 74 

Register to memory mapping:

RAX=0x00007f8a3272cb70 is an unknown value
RBX=0x00007fff5bad9aa8 is pointing into the stack for thread: 0x00007f8a32845800
RCX=0x0000000000000000 is an unknown value
RDX=0x00007f8a324a3e40 is an unknown value
RSP=0x00007fff5bad98c8 is pointing into the stack for thread: 0x00007f8a32845800
RBP=0x00007fff5bad98d0 is pointing into the stack for thread: 0x00007f8a32845800
RSI=0x00007fff9945d423: -[NSTitlebarContainerView transparent]+0x5e307 in /System/Library/Frameworks/AppKit.framework/Versions/C/AppKit at 0x00007fff98a5c000
RDI=0x00007f8a3272cb70 is an unknown value
R8 =0x00007fff5bad98b0 is pointing into the stack for thread: 0x00007f8a32845800
R9 =0x0000000000000055 is an unknown value
R10=0x00007fff9945d423: -[NSTitlebarContainerView transparent]+0x5e307 in /System/Library/Frameworks/AppKit.framework/Versions/C/AppKit at 0x00007fff98a5c000
R11=0x0000000000000000 is an unknown value
R12=0x00007f8a3260a2f0 is an unknown value
R13=0x00000000000f42fb is an unknown value
R14=0x00007f8a325a6f40 is an unknown value
R15=0x00007fff5bad9a08 is pointing into the stack for thread: 0x00007f8a32845800


Stack: [0x00007fff5b2de000,0x00007fff5bade000],  sp=0x00007fff5bad98c8,  free space=8174k
Native frames: (J=compiled Java code, j=interpreted, Vv=VM code, C=native code)
C  [libobjc.A.dylib+0x10dd]  objc_msgSend+0x1d
C  [CoreFoundation+0x10634]  _CFXNotificationPost+0xc44
C  [Foundation+0x79d1]  -[NSNotificationCenter postNotificationName:object:userInfo:]+0x42
C  [AppKit+0x43ac2]  -[NSSurface _disposeSurface]+0x98
C  [AppKit+0x43526]  -[NSSurface setWindow:]+0x42
C  [AppKit+0x33a10]  -[NSView _setWindow:]+0xa33
C  [AppKit+0x6b091]  -[NSView removeFromSuperview]+0x1c5
C  [AppKit+0x14bea9]  -[NSView removeFromSuperviewWithoutNeedingDisplay]+0x26
C  [liblwjgl.dylib+0x9c3e]  +[MacOSXKeyableWindow destroyWindow]+0xde
C  [Foundation+0x92d00]  __NSThreadPerformPerform+0x125
C  [CoreFoundation+0x80a01]  __CFRUNLOOP_IS_CALLING_OUT_TO_A_SOURCE0_PERFORM_FUNCTION__+0x11
C  [CoreFoundation+0x72b8d]  __CFRunLoopDoSources0+0x10d
C  [CoreFoundation+0x721bf]  __CFRunLoopRun+0x39f
C  [CoreFoundation+0x71bd8]  CFRunLoopRunSpecific+0x128
C  [HIToolbox+0x3256f]  RunCurrentEventLoopInMode+0xeb
C  [HIToolbox+0x321ee]  ReceiveNextEventCommon+0xb3
C  [HIToolbox+0x3212b]  _BlockUntilNextEventMatchingListInModeWithFilter+0x47
C  [AppKit+0x919bb]  _DPSNextEvent+0x3d2
C  [AppKit+0x90f68]  -[NSApplication nextEventMatchingMask:untilDate:inMode:dequeue:]+0x15a
C  [libosxapp.dylib+0x242a]  -[NSApplicationAWT nextEventMatchingMask:untilDate:inMode:dequeue:]+0x7c
C  [AppKit+0x86bf3]  -[NSApplication run]+0x252
C  [libosxapp.dylib+0x223e]  +[NSApplicationAWT runAWTLoopWithApp:]+0x9c
C  [libawt_lwawt.dylib+0x4462b]  -[AWTStarter starter:]+0x389
C  [Foundation+0x92d00]  __NSThreadPerformPerform+0x125
C  [CoreFoundation+0x80a01]  __CFRUNLOOP_IS_CALLING_OUT_TO_A_SOURCE0_PERFORM_FUNCTION__+0x11
C  [CoreFoundation+0x72b8d]  __CFRunLoopDoSources0+0x10d
C  [CoreFoundation+0x721bf]  __CFRunLoopRun+0x39f
C  [CoreFoundation+0x71bd8]  CFRunLoopRunSpecific+0x128
C  [java+0x6490]  CreateExecutionEnvironment+0x367
C  [java+0x221c]  JLI_Launch+0x7a0
C  [java+0x84ed]  main+0x65
C  [java+0x1a74]  start+0x34
C  0x0000000000000005


---------------  P R O C E S S  ---------------

Java Threads: ( => current thread )
  0x00007f8a33127000 JavaThread "AWT-Shutdown" [_thread_blocked, id=34455, stack(0x00000001231e4000,0x00000001232e4000)]
=>0x00007f8a32845800 JavaThread "AppKit Thread" daemon [_thread_in_native, id=1811, stack(0x00007fff5b2de000,0x00007fff5bade000)]
  0x00007f8a34016800 JavaThread "Service Thread" daemon [_thread_blocked, id=17923, stack(0x000000011d81d000,0x000000011d91d000)]
  0x00007f8a3281c800 JavaThread "C1 CompilerThread2" daemon [_thread_blocked, id=17411, stack(0x000000011d71a000,0x000000011d81a000)]
  0x00007f8a3281c000 JavaThread "C2 CompilerThread1" daemon [_thread_blocked, id=16899, stack(0x000000011d617000,0x000000011d717000)]
  0x00007f8a33809800 JavaThread "C2 CompilerThread0" daemon [_thread_blocked, id=16387, stack(0x000000011d514000,0x000000011d614000)]
  0x00007f8a33059800 JavaThread "Signal Dispatcher" daemon [_thread_blocked, id=12303, stack(0x000000011d411000,0x000000011d511000)]
  0x00007f8a34009800 JavaThread "Finalizer" daemon [_thread_blocked, id=11523, stack(0x000000011ba8e000,0x000000011bb8e000)]
  0x00007f8a33007800 JavaThread "Reference Handler" daemon [_thread_blocked, id=11011, stack(0x000000011b98b000,0x000000011ba8b000)]
  0x00007f8a33009000 JavaThread "main" [_thread_in_native, id=4867, stack(0x0000000104239000,0x0000000104339000)]

Other Threads:
  0x00007f8a32816800 VMThread [stack: 0x000000011b888000,0x000000011b988000] [id=10499]
  0x00007f8a33057800 WatcherThread [stack: 0x000000011d920000,0x000000011da20000] [id=18435]

VM state:not at safepoint (normal execution)

VM Mutex/Monitor currently owned by a thread: None

Heap:
 PSYoungGen      total 38400K, used 10109K [0x0000000795580000, 0x0000000798000000, 0x00000007c0000000)
  eden space 33280K, 24% used [0x0000000795580000,0x0000000795d55c70,0x0000000797600000)
  from space 5120K, 40% used [0x0000000797600000,0x00000007978098a0,0x0000000797b00000)
  to   space 5120K, 0% used [0x0000000797b00000,0x0000000797b00000,0x0000000798000000)
 ParOldGen       total 87552K, used 16K [0x0000000740000000, 0x0000000745580000, 0x0000000795580000)
  object space 87552K, 0% used [0x0000000740000000,0x0000000740004000,0x0000000745580000)
 Metaspace       used 6841K, capacity 6963K, committed 7168K, reserved 1056768K
  class space    used 682K, capacity 758K, committed 768K, reserved 1048576K

Card table byte_map: [0x0000000114f29000,0x000000011532a000] byte_map_base: 0x0000000111529000

Marking Bits: (ParMarkBitMap*) 0x00000001054c27a0
 Begin Bits: [0x00000001159e1000, 0x00000001179e1000)
 End Bits:   [0x00000001179e1000, 0x00000001199e1000)

Polling page: 0x000000010437e000

CodeCache: size=245760Kb used=3535Kb max_used=3547Kb free=242224Kb
 bounds [0x0000000105b69000, 0x0000000105ee9000, 0x0000000114b69000]
 total_blobs=1258 nmethods=871 adapters=301
 compilation: enabled

Compilation events (10 events):
Event: 1799.108 Thread 0x00007f8a3281c000  869   !   4       org.lwjgl.opengl.MacOSXDisplay::update (114 bytes)
Event: 1799.110 Thread 0x00007f8a3281c800  872       3       org.newdawn.slick.state.StateBasedGame::transitioning (20 bytes)
Event: 1799.111 Thread 0x00007f8a33809800  870   !   4       org.lwjgl.input.Mouse::updateCursor (71 bytes)
Event: 1799.111 Thread 0x00007f8a3281c800 nmethod 872 0x0000000105ed9910 code [0x0000000105ed9a80, 0x0000000105ed9c70]
Event: 1799.111 Thread 0x00007f8a3281c800  871       1       org.newdawn.slick.state.BasicGameState::isAcceptingInput (2 bytes)
Event: 1799.111 Thread 0x00007f8a3281c800 nmethod 871 0x0000000105ed9590 code [0x0000000105ed96e0, 0x0000000105ed97f0]
Event: 1799.113 Thread 0x00007f8a33809800 nmethod 870 0x0000000105ed6b90 code [0x0000000105ed6ce0, 0x0000000105ed6f18]
Event: 1799.119 Thread 0x00007f8a3281c000 nmethod 869 0x0000000105ed58d0 code [0x0000000105ed5ae0, 0x0000000105ed62c0]
Event: 1799.635 Thread 0x00007f8a33809800  873       4       java.nio.DirectByteBuffer::put (18 bytes)
Event: 1799.636 Thread 0x00007f8a33809800 nmethod 873 0x0000000105ee4690 code [0x0000000105ee47e0, 0x0000000105ee4898]

GC Heap History (2 events):
Event: 1327.641 GC heap before
{Heap before GC invocations=1 (full 0):
 PSYoungGen      total 38400K, used 33280K [0x0000000795580000, 0x0000000798000000, 0x00000007c0000000)
  eden space 33280K, 100% used [0x0000000795580000,0x0000000797600000,0x0000000797600000)
  from space 5120K, 0% used [0x0000000797b00000,0x0000000797b00000,0x0000000798000000)
  to   space 5120K, 0% used [0x0000000797600000,0x0000000797600000,0x0000000797b00000)
 ParOldGen       total 87552K, used 0K [0x0000000740000000, 0x0000000745580000, 0x0000000795580000)
  object space 87552K, 0% used [0x0000000740000000,0x0000000740000000,0x0000000745580000)
 Metaspace       used 6816K, capacity 6931K, committed 7168K, reserved 1056768K
  class space    used 681K, capacity 726K, committed 768K, reserved 1048576K
Event: 1327.645 GC heap after
Heap after GC invocations=1 (full 0):
 PSYoungGen      total 38400K, used 2086K [0x0000000795580000, 0x0000000798000000, 0x00000007c0000000)
  eden space 33280K, 0% used [0x0000000795580000,0x0000000795580000,0x0000000797600000)
  from space 5120K, 40% used [0x0000000797600000,0x00000007978098a0,0x0000000797b00000)
  to   space 5120K, 0% used [0x0000000797b00000,0x0000000797b00000,0x0000000798000000)
 ParOldGen       total 87552K, used 16K [0x0000000740000000, 0x0000000745580000, 0x0000000795580000)
  object space 87552K, 0% used [0x0000000740000000,0x0000000740004000,0x0000000745580000)
 Metaspace       used 6816K, capacity 6931K, committed 7168K, reserved 1056768K
  class space    used 681K, capacity 726K, committed 768K, reserved 1048576K
}

Deoptimization events (9 events):
Event: 0.493 Thread 0x00007f8a32845800 Uncommon trap: reason=unstable_if action=reinterpret pc=0x0000000105caa000 method=java.lang.String.indexOf(II)I @ 49
Event: 1779.385 Thread 0x00007f8a33009000 Uncommon trap: reason=unstable_if action=reinterpret pc=0x0000000105ea3a2c method=java.util.LinkedHashMap.get(Ljava/lang/Object;)Ljava/lang/Object; @ 11
Event: 1779.960 Thread 0x00007f8a33009000 Uncommon trap: reason=unstable_if action=reinterpret pc=0x0000000105e9d158 method=org.lwjgl.input.Keyboard.readNext(Lorg/lwjgl/input/Keyboard$KeyEvent;)Z @ 6
Event: 1779.960 Thread 0x00007f8a33009000 Uncommon trap: reason=unstable_if action=reinterpret pc=0x0000000105e91828 method=org.newdawn.slick.Input.isKeyPressed(I)Z @ 6
Event: 1779.977 Thread 0x00007f8a33009000 Uncommon trap: reason=unstable_if action=reinterpret pc=0x0000000105e6c7c4 method=org.lwjgl.input.Keyboard.isKeyDown(I)Z @ 29
Event: 1782.077 Thread 0x00007f8a33009000 Uncommon trap: reason=unstable_if action=reinterpret pc=0x0000000105e8bc0c method=org.lwjgl.opengl.MacOSXNativeKeyboard.flushDeferredEvent()V @ 4
Event: 1782.227 Thread 0x00007f8a33009000 Uncommon trap: reason=unstable_if action=reinterpret pc=0x0000000105e76a28 method=org.newdawn.slick.Input.isKeyPressed(I)Z @ 6
Event: 1782.927 Thread 0x00007f8a33009000 Uncommon trap: reason=unstable_if action=reinterpret pc=0x0000000105e707f4 method=org.lwjgl.opengl.MacOSXNativeKeyboard.flushDeferredEvent()V @ 4
Event: 1799.630 Thread 0x00007f8a33009000 Uncommon trap: reason=unstable_if action=reinterpret pc=0x0000000105e863e4 method=org.newdawn.slick.AppGameContainer.gameLoop()V @ 60

Internal exceptions (10 events):
Event: 0.181 Thread 0x00007f8a33009000 Exception <a 'java/security/PrivilegedActionException'> (0x0000000795851d18) thrown at [/Users/java_re/workspace/8-2-build-macosx-x86_64/jdk8u45/3457/hotspot/src/share/vm/prims/jvm.cpp, line 1382]
Event: 0.181 Thread 0x00007f8a33009000 Exception <a 'java/security/PrivilegedActionException'> (0x0000000795855098) thrown at [/Users/java_re/workspace/8-2-build-macosx-x86_64/jdk8u45/3457/hotspot/src/share/vm/prims/jvm.cpp, line 1382]
Event: 0.181 Thread 0x00007f8a33009000 Exception <a 'java/security/PrivilegedActionException'> (0x0000000795855250) thrown at [/Users/java_re/workspace/8-2-build-macosx-x86_64/jdk8u45/3457/hotspot/src/share/vm/prims/jvm.cpp, line 1382]
Event: 0.470 Thread 0x00007f8a33009000 Exception <a 'java/io/FileNotFoundException'> (0x000000079585cdf8) thrown at [/Users/java_re/workspace/8-2-build-macosx-x86_64/jdk8u45/3457/hotspot/src/share/vm/prims/jni.cpp, line 709]
Event: 0.470 Thread 0x00007f8a33009000 Exception <a 'java/io/FileNotFoundException'> (0x000000079585d940) thrown at [/Users/java_re/workspace/8-2-build-macosx-x86_64/jdk8u45/3457/hotspot/src/share/vm/prims/jni.cpp, line 709]
Event: 0.488 Thread 0x00007f8a33009000 Exception <a 'java/lang/UnsatisfiedLinkError'> (0x000000079586df70) thrown at [/Users/java_re/workspace/8-2-build-macosx-x86_64/jdk8u45/3457/hotspot/src/share/vm/prims/jvm.cpp, line 1386]
Event: 0.529 Thread 0x00007f8a32845800 Exception <a 'java/lang/NoSuchFieldError': method resolution failed> (0x0000000795a38c70) thrown at [/Users/java_re/workspace/8-2-build-macosx-x86_64/jdk8u45/3457/hotspot/src/share/vm/prims/methodHandles.cpp, line 1125]
Event: 0.532 Thread 0x00007f8a32845800 Exception <a 'java/lang/NoSuchFieldError': method resolution failed> (0x0000000795a47310) thrown at [/Users/java_re/workspace/8-2-build-macosx-x86_64/jdk8u45/3457/hotspot/src/share/vm/prims/methodHandles.cpp, line 1125]
Event: 0.764 Thread 0x00007f8a33009000 Exception <a 'java/lang/NoClassDefFoundError': net/java/games/input/ControllerEnvironment> (0x0000000795e25ac8) thrown at [/Users/java_re/workspace/8-2-build-macosx-x86_64/jdk8u45/3457/hotspot/src/share/vm/classfile/systemDictionary.cpp, line 199]
Event: 1779.385 Thread 0x00007f8a33009000 Implicit null exception at 0x0000000105ea2545 to 0x0000000105ea3a01

Events (10 events):
Event: 1783.977 Thread 0x00007f8a3281c800 flushing nmethod 0x0000000105c6b810
Event: 1794.859 Executing VM operation: RevokeBias
Event: 1794.860 Executing VM operation: RevokeBias done
Event: 1794.860 Thread 0x00007f8a32853000 Thread exited: 0x00007f8a32853000
Event: 1798.192 Thread 0x00007f8a33127000 Thread added: 0x00007f8a33127000
Event: 1799.630 Thread 0x00007f8a33009000 Uncommon trap: trap_request=0xffffff65 fr.pc=0x0000000105e863e4
Event: 1799.630 Thread 0x00007f8a33009000 DEOPT PACKING pc=0x0000000105e863e4 sp=0x00000001043387a0
Event: 1799.630 Thread 0x00007f8a33009000 DEOPT UNPACKING pc=0x0000000105b6e229 sp=0x0000000104338770 mode 2
Event: 1799.634 loading class org/lwjgl/opengl/CallbackUtil
Event: 1799.634 loading class org/lwjgl/opengl/CallbackUtil done


Dynamic libraries:
0x000000000a8f0000 	/System/Library/Frameworks/Cocoa.framework/Versions/A/Cocoa
0x000000000a8f0000 	/System/Library/Frameworks/Security.framework/Versions/A/Security
0x000000000a8f0000 	/System/Library/Frameworks/ApplicationServices.framework/Versions/A/ApplicationServices
0x000000000a8f0000 	/usr/lib/libz.1.dylib
0x000000000a8f0000 	/usr/lib/libSystem.B.dylib
0x000000000a8f0000 	/usr/lib/libobjc.A.dylib
0x000000000a8f0000 	/System/Library/Frameworks/CoreFoundation.framework/Versions/A/CoreFoundation
0x000000000a8f0000 	/System/Library/Frameworks/Foundation.framework/Versions/C/Foundation
0x000000000a8f0000 	/System/Library/Frameworks/AppKit.framework/Versions/C/AppKit
0x000000000a8f0000 	/System/Library/Frameworks/CoreData.framework/Versions/A/CoreData
0x000000000a8f0000 	/System/Library/PrivateFrameworks/RemoteViewServices.framework/Versions/A/RemoteViewServices
0x000000000a8f0000 	/System/Library/PrivateFrameworks/UIFoundation.framework/Versions/A/UIFoundation
0x000000000a8f0000 	/System/Library/Frameworks/IOSurface.framework/Versions/A/IOSurface
0x000000000a8f0000 	/System/Library/Frameworks/AudioToolbox.framework/Versions/A/AudioToolbox
0x000000000a8f0000 	/System/Library/Frameworks/AudioUnit.framework/Versions/A/AudioUnit
0x000000000a8f0000 	/System/Library/PrivateFrameworks/DataDetectorsCore.framework/Versions/A/DataDetectorsCore
0x000000000a8f0000 	/System/Library/PrivateFrameworks/DesktopServicesPriv.framework/Versions/A/DesktopServicesPriv
0x000000000a8f0000 	/System/Library/Frameworks/Carbon.framework/Versions/A/Frameworks/HIToolbox.framework/Versions/A/HIToolbox
0x000000000a8f0000 	/System/Library/Frameworks/QuartzCore.framework/Versions/A/QuartzCore
0x000000000a8f0000 	/System/Library/Frameworks/Carbon.framework/Versions/A/Frameworks/SpeechRecognition.framework/Versions/A/SpeechRecognition
0x000000000a8f0000 	/usr/lib/libauto.dylib
0x000000000a8f0000 	/usr/lib/libicucore.A.dylib
0x000000000a8f0000 	/usr/lib/libxml2.2.dylib
0x000000000a8f0000 	/System/Library/PrivateFrameworks/CoreUI.framework/Versions/A/CoreUI
0x000000000a8f0000 	/System/Library/Frameworks/CoreAudio.framework/Versions/A/CoreAudio
0x000000000a8f0000 	/System/Library/Frameworks/DiskArbitration.framework/Versions/A/DiskArbitration
0x000000000a8f0000 	/usr/lib/liblangid.dylib
0x000000000a8f0000 	/System/Library/PrivateFrameworks/MultitouchSupport.framework/Versions/A/MultitouchSupport
0x000000000a8f0000 	/System/Library/Frameworks/IOKit.framework/Versions/A/IOKit
0x000000000a8f0000 	/usr/lib/libDiagnosticMessagesClient.dylib
0x000000000a8f0000 	/System/Library/Frameworks/CoreServices.framework/Versions/A/CoreServices
0x000000000a8f0000 	/System/Library/PrivateFrameworks/PerformanceAnalysis.framework/Versions/A/PerformanceAnalysis
0x000000000a8f0000 	/System/Library/PrivateFrameworks/GenerationalStorage.framework/Versions/A/GenerationalStorage
0x000000000a8f0000 	/System/Library/Frameworks/OpenGL.framework/Versions/A/OpenGL
0x000000000a8f0000 	/System/Library/PrivateFrameworks/Sharing.framework/Versions/A/Sharing
0x000000000a8f0000 	/System/Library/Frameworks/CoreGraphics.framework/Versions/A/CoreGraphics
0x000000000a8f0000 	/System/Library/Frameworks/CoreText.framework/Versions/A/CoreText
0x000000000a8f0000 	/System/Library/Frameworks/ImageIO.framework/Versions/A/ImageIO
0x000000000a8f0000 	/usr/lib/libextension.dylib
0x000000000a8f0000 	/System/Library/PrivateFrameworks/Backup.framework/Versions/A/Backup
0x000000000a8f0000 	/usr/lib/libarchive.2.dylib
0x000000000a8f0000 	/System/Library/Frameworks/CFNetwork.framework/Versions/A/CFNetwork
0x000000000a8f0000 	/System/Library/Frameworks/SystemConfiguration.framework/Versions/A/SystemConfiguration
0x000000000a8f0000 	/usr/lib/libCRFSuite.dylib
0x000000000a8f0000 	/usr/lib/libc++.1.dylib
0x000000000a8f0000 	/usr/lib/libc++abi.dylib
0x000000000a8f0000 	/usr/lib/system/libcache.dylib
0x000000000a8f0000 	/usr/lib/system/libcommonCrypto.dylib
0x000000000a8f0000 	/usr/lib/system/libcompiler_rt.dylib
0x000000000a8f0000 	/usr/lib/system/libcopyfile.dylib
0x000000000a8f0000 	/usr/lib/system/libcorecrypto.dylib
0x000000000a8f0000 	/usr/lib/system/libdispatch.dylib
0x000000000a8f0000 	/usr/lib/system/libdyld.dylib
0x000000000a8f0000 	/usr/lib/system/libkeymgr.dylib
0x000000000a8f0000 	/usr/lib/system/liblaunch.dylib
0x000000000a8f0000 	/usr/lib/system/libmacho.dylib
0x000000000a8f0000 	/usr/lib/system/libquarantine.dylib
0x000000000a8f0000 	/usr/lib/system/libremovefile.dylib
0x000000000a8f0000 	/usr/lib/system/libsystem_asl.dylib
0x000000000a8f0000 	/usr/lib/system/libsystem_blocks.dylib
0x000000000a8f0000 	/usr/lib/system/libsystem_c.dylib
0x000000000a8f0000 	/usr/lib/system/libsystem_configuration.dylib
0x000000000a8f0000 	/usr/lib/system/libsystem_coreservices.dylib
0x000000000a8f0000 	/usr/lib/system/libsystem_coretls.dylib
0x000000000a8f0000 	/usr/lib/system/libsystem_dnssd.dylib
0x000000000a8f0000 	/usr/lib/system/libsystem_info.dylib
0x000000000a8f0000 	/usr/lib/system/libsystem_kernel.dylib
0x000000000a8f0000 	/usr/lib/system/libsystem_m.dylib
0x000000000a8f0000 	/usr/lib/system/libsystem_malloc.dylib
0x000000000a8f0000 	/usr/lib/system/libsystem_network.dylib
0x000000000a8f0000 	/usr/lib/system/libsystem_networkextension.dylib
0x000000000a8f0000 	/usr/lib/system/libsystem_notify.dylib
0x000000000a8f0000 	/usr/lib/system/libsystem_platform.dylib
0x000000000a8f0000 	/usr/lib/system/libsystem_pthread.dylib
0x000000000a8f0000 	/usr/lib/system/libsystem_sandbox.dylib
0x000000000a8f0000 	/usr/lib/system/libsystem_secinit.dylib
0x000000000a8f0000 	/usr/lib/system/libsystem_stats.dylib
0x000000000a8f0000 	/usr/lib/system/libsystem_trace.dylib
0x000000000a8f0000 	/usr/lib/system/libunc.dylib
0x000000000a8f0000 	/usr/lib/system/libunwind.dylib
0x000000000a8f0000 	/usr/lib/system/libxpc.dylib
0x000000000a8f0000 	/usr/lib/libbz2.1.0.dylib
0x000000000a8f0000 	/usr/lib/liblzma.5.dylib
0x000000000a8f0000 	/usr/lib/libbsm.0.dylib
0x000000000a8f0000 	/usr/lib/libsqlite3.dylib
0x000000000a8f0000 	/usr/lib/system/libkxld.dylib
0x000000000a8f0000 	/usr/lib/libxar.1.dylib
0x000000000a8f0000 	/usr/lib/libpam.2.dylib
0x000000000a8f0000 	/usr/lib/libOpenScriptingUtil.dylib
0x000000000a8f0000 	/System/Library/Frameworks/CoreServices.framework/Versions/A/Frameworks/FSEvents.framework/Versions/A/FSEvents
0x000000000a8f0000 	/System/Library/Frameworks/CoreServices.framework/Versions/A/Frameworks/CarbonCore.framework/Versions/A/CarbonCore
0x000000000a8f0000 	/System/Library/Frameworks/CoreServices.framework/Versions/A/Frameworks/Metadata.framework/Versions/A/Metadata
0x000000000a8f0000 	/System/Library/Frameworks/CoreServices.framework/Versions/A/Frameworks/OSServices.framework/Versions/A/OSServices
0x000000000a8f0000 	/System/Library/Frameworks/CoreServices.framework/Versions/A/Frameworks/SearchKit.framework/Versions/A/SearchKit
0x000000000a8f0000 	/System/Library/Frameworks/CoreServices.framework/Versions/A/Frameworks/AE.framework/Versions/A/AE
0x000000000a8f0000 	/System/Library/Frameworks/CoreServices.framework/Versions/A/Frameworks/LaunchServices.framework/Versions/A/LaunchServices
0x000000000a8f0000 	/System/Library/Frameworks/CoreServices.framework/Versions/A/Frameworks/DictionaryServices.framework/Versions/A/DictionaryServices
0x000000000a8f0000 	/System/Library/Frameworks/NetFS.framework/Versions/A/NetFS
0x000000000a8f0000 	/System/Library/PrivateFrameworks/NetAuth.framework/Versions/A/NetAuth
0x000000000a8f0000 	/System/Library/PrivateFrameworks/login.framework/Versions/A/Frameworks/loginsupport.framework/Versions/A/loginsupport
0x000000000a8f0000 	/System/Library/PrivateFrameworks/TCC.framework/Versions/A/TCC
0x000000000a8f0000 	/usr/lib/libmecabra.dylib
0x000000000a8f0000 	/System/Library/Frameworks/ApplicationServices.framework/Versions/A/Frameworks/ATS.framework/Versions/A/ATS
0x000000000a8f0000 	/System/Library/Frameworks/ApplicationServices.framework/Versions/A/Frameworks/ColorSync.framework/Versions/A/ColorSync
0x000000000a8f0000 	/System/Library/Frameworks/ApplicationServices.framework/Versions/A/Frameworks/HIServices.framework/Versions/A/HIServices
0x000000000a8f0000 	/System/Library/Frameworks/ApplicationServices.framework/Versions/A/Frameworks/LangAnalysis.framework/Versions/A/LangAnalysis
0x000000000a8f0000 	/System/Library/Frameworks/ApplicationServices.framework/Versions/A/Frameworks/PrintCore.framework/Versions/A/PrintCore
0x000000000a8f0000 	/System/Library/Frameworks/ApplicationServices.framework/Versions/A/Frameworks/QD.framework/Versions/A/QD
0x000000000a8f0000 	/System/Library/Frameworks/ApplicationServices.framework/Versions/A/Frameworks/SpeechSynthesis.framework/Versions/A/SpeechSynthesis
0x000000000a8f0000 	/System/Library/Frameworks/Accelerate.framework/Versions/A/Accelerate
0x000000000a8f0000 	/System/Library/Frameworks/Accelerate.framework/Versions/A/Frameworks/vImage.framework/Versions/A/vImage
0x000000000a8f0000 	/System/Library/Frameworks/Accelerate.framework/Versions/A/Frameworks/vecLib.framework/Versions/A/vecLib
0x000000000a8f0000 	/System/Library/Frameworks/Accelerate.framework/Versions/A/Frameworks/vecLib.framework/Versions/A/libvDSP.dylib
0x000000000a8f0000 	/System/Library/Frameworks/Accelerate.framework/Versions/A/Frameworks/vecLib.framework/Versions/A/libvMisc.dylib
0x000000000a8f0000 	/System/Library/Frameworks/Accelerate.framework/Versions/A/Frameworks/vecLib.framework/Versions/A/libLAPACK.dylib
0x000000000a8f0000 	/System/Library/Frameworks/Accelerate.framework/Versions/A/Frameworks/vecLib.framework/Versions/A/libBLAS.dylib
0x000000000a8f0000 	/System/Library/Frameworks/Accelerate.framework/Versions/A/Frameworks/vecLib.framework/Versions/A/libLinearAlgebra.dylib
0x000000000a8f0000 	/System/Library/Frameworks/ApplicationServices.framework/Versions/A/Frameworks/ATS.framework/Versions/A/Resources/libFontParser.dylib
0x000000000a8f0000 	/System/Library/Frameworks/ApplicationServices.framework/Versions/A/Frameworks/ATS.framework/Versions/A/Resources/libFontRegistry.dylib
0x000000000a8f0000 	/System/Library/PrivateFrameworks/AppleVPA.framework/Versions/A/AppleVPA
0x000000000a8f0000 	/System/Library/PrivateFrameworks/AppleJPEG.framework/Versions/A/AppleJPEG
0x000000000a8f0000 	/System/Library/Frameworks/ImageIO.framework/Versions/A/Resources/libJPEG.dylib
0x000000000a8f0000 	/System/Library/Frameworks/ImageIO.framework/Versions/A/Resources/libTIFF.dylib
0x000000000a8f0000 	/System/Library/Frameworks/ImageIO.framework/Versions/A/Resources/libPng.dylib
0x000000000a8f0000 	/System/Library/Frameworks/ImageIO.framework/Versions/A/Resources/libGIF.dylib
0x000000000a8f0000 	/System/Library/Frameworks/ImageIO.framework/Versions/A/Resources/libJP2.dylib
0x000000000a8f0000 	/System/Library/Frameworks/ImageIO.framework/Versions/A/Resources/libRadiance.dylib
0x000000000a8f0000 	/System/Library/Frameworks/CoreVideo.framework/Versions/A/CoreVideo
0x000000000a8f0000 	/System/Library/Frameworks/OpenGL.framework/Versions/A/Libraries/libGLU.dylib
0x000000000a8f0000 	/System/Library/Frameworks/OpenGL.framework/Versions/A/Libraries/libGFXShared.dylib
0x000000000a8f0000 	/System/Library/Frameworks/OpenGL.framework/Versions/A/Libraries/libGL.dylib
0x000000000a8f0000 	/System/Library/Frameworks/OpenGL.framework/Versions/A/Libraries/libGLImage.dylib
0x000000000a8f0000 	/System/Library/Frameworks/OpenGL.framework/Versions/A/Libraries/libCVMSPluginSupport.dylib
0x000000000a8f0000 	/System/Library/Frameworks/OpenGL.framework/Versions/A/Libraries/libCoreVMClient.dylib
0x000000000a8f0000 	/usr/lib/libcups.2.dylib
0x000000000a8f0000 	/System/Library/Frameworks/Kerberos.framework/Versions/A/Kerberos
0x000000000a8f0000 	/System/Library/Frameworks/GSS.framework/Versions/A/GSS
0x000000000a8f0000 	/usr/lib/libresolv.9.dylib
0x000000000a8f0000 	/usr/lib/libiconv.2.dylib
0x000000000a8f0000 	/System/Library/PrivateFrameworks/Heimdal.framework/Versions/A/Heimdal
0x000000000a8f0000 	/usr/lib/libheimdal-asn1.dylib
0x000000000a8f0000 	/System/Library/Frameworks/OpenDirectory.framework/Versions/A/OpenDirectory
0x000000000a8f0000 	/System/Library/PrivateFrameworks/CommonAuth.framework/Versions/A/CommonAuth
0x000000000a8f0000 	/System/Library/Frameworks/OpenDirectory.framework/Versions/A/Frameworks/CFOpenDirectory.framework/Versions/A/CFOpenDirectory
0x000000000a8f0000 	/System/Library/Frameworks/SecurityFoundation.framework/Versions/A/SecurityFoundation
0x000000000a8f0000 	/System/Library/PrivateFrameworks/LanguageModeling.framework/Versions/A/LanguageModeling
0x000000000a8f0000 	/usr/lib/libcmph.dylib
0x000000000a8f0000 	/System/Library/Frameworks/ServiceManagement.framework/Versions/A/ServiceManagement
0x000000000a8f0000 	/usr/lib/libxslt.1.dylib
0x000000000a8f0000 	/System/Library/Frameworks/Carbon.framework/Versions/A/Frameworks/Ink.framework/Versions/A/Ink
0x000000000a8f0000 	/System/Library/Frameworks/QuartzCore.framework/Versions/A/Frameworks/CoreImage.framework/Versions/A/CoreImage
0x000000000a8f0000 	/System/Library/PrivateFrameworks/CrashReporterSupport.framework/Versions/A/CrashReporterSupport
0x000000000a8f0000 	/System/Library/Frameworks/OpenCL.framework/Versions/A/OpenCL
0x000000000a8f0000 	/System/Library/PrivateFrameworks/FaceCore.framework/Versions/A/FaceCore
0x000000000a8f0000 	/System/Library/PrivateFrameworks/Ubiquity.framework/Versions/A/Ubiquity
0x000000000a8f0000 	/System/Library/PrivateFrameworks/IconServices.framework/Versions/A/IconServices
0x000000000a8f0000 	/System/Library/PrivateFrameworks/ChunkingLibrary.framework/Versions/A/ChunkingLibrary
0x000000000a8f0000 	/System/Library/PrivateFrameworks/Apple80211.framework/Versions/A/Apple80211
0x000000000a8f0000 	/System/Library/Frameworks/CoreWLAN.framework/Versions/A/CoreWLAN
0x000000000a8f0000 	/System/Library/Frameworks/IOBluetooth.framework/Versions/A/IOBluetooth
0x000000000a8f0000 	/System/Library/PrivateFrameworks/CoreWiFi.framework/Versions/A/CoreWiFi
0x000000000a8f0000 	/System/Library/Frameworks/CoreBluetooth.framework/Versions/A/CoreBluetooth
0x000000000a8f0000 	/System/Library/PrivateFrameworks/DebugSymbols.framework/Versions/A/DebugSymbols
0x000000000a8f0000 	/System/Library/PrivateFrameworks/CoreSymbolication.framework/Versions/A/CoreSymbolication
0x000000000a8f0000 	/System/Library/PrivateFrameworks/Symbolication.framework/Versions/A/Symbolication
0x000000000a8f0000 	/System/Library/PrivateFrameworks/SpeechRecognitionCore.framework/Versions/A/SpeechRecognitionCore
0x0000000104c00000 	/Library/Java/JavaVirtualMachines/jdk1.8.0_45.jdk/Contents/Home/jre/lib/server/libjvm.dylib
0x000000000a8f0000 	/usr/lib/libstdc++.6.dylib
0x000000010433b000 	/Library/Java/JavaVirtualMachines/jdk1.8.0_45.jdk/Contents/Home/jre/lib/libverify.dylib
0x0000000104349000 	/Library/Java/JavaVirtualMachines/jdk1.8.0_45.jdk/Contents/Home/jre/lib/libjava.dylib
0x0000000104388000 	/Library/Java/JavaVirtualMachines/jdk1.8.0_45.jdk/Contents/Home/jre/lib/libzip.dylib
0x00000001043e2000 	/System/Library/Frameworks/JavaVM.framework/Frameworks/JavaRuntimeSupport.framework/JavaRuntimeSupport
0x000000011bb90000 	/System/Library/Frameworks/JavaVM.framework/Versions/A/Frameworks/JavaNativeFoundation.framework/Versions/A/JavaNativeFoundation
0x000000011bba4000 	/System/Library/Frameworks/JavaVM.framework/Versions/A/JavaVM
0x000000000a8f0000 	/System/Library/Frameworks/Carbon.framework/Versions/A/Carbon
0x000000011bbb0000 	/System/Library/PrivateFrameworks/JavaLaunching.framework/Versions/A/JavaLaunching
0x000000000a8f0000 	/System/Library/Frameworks/Carbon.framework/Versions/A/Frameworks/CommonPanels.framework/Versions/A/CommonPanels
0x000000000a8f0000 	/System/Library/Frameworks/Carbon.framework/Versions/A/Frameworks/Help.framework/Versions/A/Help
0x000000000a8f0000 	/System/Library/Frameworks/Carbon.framework/Versions/A/Frameworks/ImageCapture.framework/Versions/A/ImageCapture
0x000000000a8f0000 	/System/Library/Frameworks/Carbon.framework/Versions/A/Frameworks/OpenScripting.framework/Versions/A/OpenScripting
0x000000000a8f0000 	/System/Library/Frameworks/Carbon.framework/Versions/A/Frameworks/Print.framework/Versions/A/Print
0x000000000a8f0000 	/System/Library/Frameworks/Carbon.framework/Versions/A/Frameworks/SecurityHI.framework/Versions/A/SecurityHI
0x000000011da40000 	/Library/Java/JavaVirtualMachines/jdk1.8.0_45.jdk/Contents/Home/jre/lib/libawt.dylib
0x000000011dae8000 	/Library/Java/JavaVirtualMachines/jdk1.8.0_45.jdk/Contents/Home/jre/lib/./libmlib_image.dylib
0x000000011dbb4000 	/Library/Java/JavaVirtualMachines/jdk1.8.0_45.jdk/Contents/Home/jre/lib/libawt_lwawt.dylib
0x000000011dc68000 	/Library/Java/JavaVirtualMachines/jdk1.8.0_45.jdk/Contents/Home/jre/lib/./libosxapp.dylib
0x000000000a8f0000 	/System/Library/Frameworks/ExceptionHandling.framework/Versions/A/ExceptionHandling
0x000000000a8f0000 	/System/Library/PrivateFrameworks/CoreServicesInternal.framework/Versions/A/CoreServicesInternal
0x000000000a8f0000 	/System/Library/PrivateFrameworks/CloudDocs.framework/Versions/A/CloudDocs
0x000000000a8f0000 	/System/Library/PrivateFrameworks/CoreDuet.framework/Versions/A/CoreDuet
0x000000000a8f0000 	/System/Library/Frameworks/CloudKit.framework/Versions/A/CloudKit
0x000000000a8f0000 	/System/Library/PrivateFrameworks/ProtocolBuffer.framework/Versions/A/ProtocolBuffer
0x000000000a8f0000 	/System/Library/PrivateFrameworks/CoreDuetDaemonProtocol.framework/Versions/A/CoreDuetDaemonProtocol
0x000000000a8f0000 	/System/Library/PrivateFrameworks/CoreDuetDebugLogging.framework/Versions/A/CoreDuetDebugLogging
0x000000000a8f0000 	/System/Library/PrivateFrameworks/MMCS.framework/Versions/A/MMCS
0x000000000a8f0000 	/System/Library/Frameworks/CoreLocation.framework/Versions/A/CoreLocation
0x000000000a8f0000 	/System/Library/PrivateFrameworks/ProtectedCloudStorage.framework/Versions/A/ProtectedCloudStorage
0x000000000a8f0000 	/System/Library/PrivateFrameworks/GeoServices.framework/Versions/A/GeoServices
0x000000000a8f0000 	/System/Library/Frameworks/CoreGraphics.framework/Versions/A/Resources/libCGCMS.A.dylib
0x000000000a8f0000 	/System/Library/Frameworks/CoreGraphics.framework/Versions/A/Resources/libRIP.A.dylib
0x000000000a8f0000 	/System/Library/Frameworks/CoreGraphics.framework/Versions/A/Resources/libCGXType.A.dylib
0x000000000a8f0000 	/System/Library/Frameworks/OpenCL.framework/Versions/A/Libraries/libcldcpuengine.dylib
0x000000000a8f0000 	/System/Library/PrivateFrameworks/DiskImages.framework/Versions/A/DiskImages
0x000000000a8f0000 	/System/Library/Frameworks/DiscRecording.framework/Versions/A/DiscRecording
0x000000000a8f0000 	/usr/lib/libcsfde.dylib
0x000000000a8f0000 	/usr/lib/libcurl.4.dylib
0x000000000a8f0000 	/System/Library/PrivateFrameworks/MediaKit.framework/Versions/A/MediaKit
0x000000000a8f0000 	/usr/lib/libCoreStorage.dylib
0x000000000a8f0000 	/System/Library/PrivateFrameworks/EFILogin.framework/Versions/A/EFILogin
0x000000000a8f0000 	/usr/lib/libutil.dylib
0x000000000a8f0000 	/System/Library/PrivateFrameworks/FindMyDevice.framework/Versions/A/FindMyDevice
0x000000000a8f0000 	/System/Library/Frameworks/LDAP.framework/Versions/A/LDAP
0x000000000a8f0000 	/usr/lib/libsasl2.2.dylib
0x000000000a8f0000 	/System/Library/PrivateFrameworks/CoreDaemon.framework/Versions/B/CoreDaemon
0x000000000a8f0000 	/usr/lib/libcrypto.0.9.8.dylib
0x000000000a8f0000 	/System/Library/PrivateFrameworks/AppleSRP.framework/Versions/A/AppleSRP
0x000000000a8f0000 	/System/Library/PrivateFrameworks/TrustEvaluationAgent.framework/Versions/A/TrustEvaluationAgent
0x0000000120da8000 	cl_kernels
0x0000000120daa000 	/System/Library/Frameworks/OpenCL.framework/Versions/A/Libraries/ImageFormats/unorm8_bgra.dylib
0x0000000120d9a000 	cl_kernels
0x000000000a8f0000 	/System/Library/PrivateFrameworks/FamilyControls.framework/Versions/A/FamilyControls
0x000000000a8f0000 	/System/Library/PrivateFrameworks/CommerceKit.framework/Versions/A/Frameworks/CommerceCore.framework/Versions/A/CommerceCore
0x000000000a8f0000 	/System/Library/PrivateFrameworks/SystemAdministration.framework/Versions/A/SystemAdministration
0x000000000a8f0000 	/System/Library/PrivateFrameworks/AppContainer.framework/Versions/A/AppContainer
0x000000000a8f0000 	/System/Library/PrivateFrameworks/SecCodeWrapper.framework/Versions/A/SecCodeWrapper
0x000000000a8f0000 	/System/Library/Frameworks/DirectoryService.framework/Versions/A/DirectoryService
0x000000000a8f0000 	/System/Library/PrivateFrameworks/LoginUIKit.framework/Versions/A/Frameworks/LoginUICore.framework/Versions/A/LoginUICore
0x000000000a8f0000 	/usr/lib/libodfde.dylib
0x00000001220e8000 	/Library/Java/JavaVirtualMachines/jdk1.8.0_45.jdk/Contents/Home/jre/lib/libfontmanager.dylib
0x000000012214f000 	/Users/brunogeroto/Documents/workspace/Duality/native/macosx/liblwjgl.dylib
0x00000001201f1000 	/Library/Java/JavaVirtualMachines/jdk1.8.0_45.jdk/Contents/Home/jre/lib/libjawt.dylib
0x000000000a8f0000 	/System/Library/Frameworks/OpenGL.framework/Versions/A/Resources/GLEngine.bundle/GLEngine
0x000000000a8f0000 	/System/Library/Frameworks/OpenGL.framework/Versions/A/Libraries/libGLProgrammability.dylib
0x0000000000000000 	/System/Library/Extensions/AppleIntelHD5000GraphicsGLDriver.bundle/Contents/MacOS/AppleIntelHD5000GraphicsGLDriver
0x000000000a8f0000 	/System/Library/PrivateFrameworks/IOAccelerator.framework/Versions/A/IOAccelerator
0x000000000a8f0000 	/System/Library/PrivateFrameworks/GPUSupport.framework/Versions/A/Libraries/libGPUSupportMercury.dylib
0x000000000a8f0000 	/System/Library/Frameworks/OpenGL.framework/Versions/A/Resources/GLRendererFloat.bundle/GLRendererFloat

VM Arguments:
jvm_args: -Dfile.encoding=UTF-8 
java_command: game.Main
java_class_path (initial): /Users/brunogeroto/Documents/workspace/Duality/bin:/Users/brunogeroto/Documents/workspace/Duality/jar/lwjgl.jar:/Users/brunogeroto/Documents/workspace/Duality/jar/slick.jar
Launcher Type: SUN_STANDARD

Environment Variables:
PATH=/usr/bin:/bin:/usr/sbin:/sbin
SHELL=/bin/bash

Signal Handlers:
SIGSEGV: [libjvm.dylib+0x58ef95], sa_mask[0]=11111111011111110111111111111111, sa_flags=SA_ONSTACK|SA_RESTART|SA_SIGINFO
SIGBUS: [libjvm.dylib+0x58ef95], sa_mask[0]=11111111011111110111111111111111, sa_flags=SA_RESTART|SA_SIGINFO
SIGFPE: [libjvm.dylib+0x46c108], sa_mask[0]=11111111011111110111111111111111, sa_flags=SA_RESTART|SA_SIGINFO
SIGPIPE: [libjvm.dylib+0x46c108], sa_mask[0]=11111111011111110111111111111111, sa_flags=SA_RESTART|SA_SIGINFO
SIGXFSZ: [libjvm.dylib+0x46c108], sa_mask[0]=11111111011111110111111111111111, sa_flags=SA_RESTART|SA_SIGINFO
SIGILL: [libjvm.dylib+0x46c108], sa_mask[0]=11111111011111110111111111111111, sa_flags=SA_RESTART|SA_SIGINFO
SIGUSR1: SIG_DFL, sa_mask[0]=00000000000000000000000000000000, sa_flags=none
SIGUSR2: [libjvm.dylib+0x46bc26], sa_mask[0]=00100000000000000000000000000000, sa_flags=SA_RESTART|SA_SIGINFO
SIGHUP: [libjvm.dylib+0x46a1f9], sa_mask[0]=11111111011111110111111111111111, sa_flags=SA_RESTART|SA_SIGINFO
SIGINT: [libjvm.dylib+0x46a1f9], sa_mask[0]=11111111011111110111111111111111, sa_flags=SA_RESTART|SA_SIGINFO
SIGTERM: [libjvm.dylib+0x46a1f9], sa_mask[0]=11111111011111110111111111111111, sa_flags=SA_RESTART|SA_SIGINFO
SIGQUIT: [libjvm.dylib+0x46a1f9], sa_mask[0]=11111111011111110111111111111111, sa_flags=SA_RESTART|SA_SIGINFO


---------------  S Y S T E M  ---------------

OS:Bsduname:Darwin 14.3.0 Darwin Kernel Version 14.3.0: Mon Mar 23 11:59:05 PDT 2015; root:xnu-2782.20.48~5/RELEASE_X86_64 x86_64
rlimit: STACK 8192k, CORE 0k, NPROC 709, NOFILE 10240, AS infinity
load average:1.54 1.74 1.76

CPU:total 4 (2 cores per cpu, 2 threads per core) family 6 model 69 stepping 1, cmov, cx8, fxsr, mmx, sse, sse2, sse3, ssse3, sse4.1, sse4.2, popcnt, avx, avx2, aes, clmul, erms, lzcnt, ht, tsc, tscinvbit, bmi1, bmi2

Memory: 4k page, physical 8388608k(2501720k free)

/proc/meminfo:


vm_info: Java HotSpot(TM) 64-Bit Server VM (25.45-b02) for bsd-amd64 JRE (1.8.0_45-b14), built on Apr 10 2015 10:46:38 by "java_re" with gcc 4.2.1 (Based on Apple Inc. build 5658) (LLVM build 2336.11.00)

time: Mon May 18 18:03:35 2015
elapsed time: 1799 seconds (0d 0h 29m 59s)

