#
# A fatal error has been detected by the Java Runtime Environment:
#
#  SIGSEGV (0xb) at pc=0x00007fff8cbc38f2, pid=2936, tid=1811
#
# JRE version: Java(TM) SE Runtime Environment (8.0_45-b14) (build 1.8.0_45-b14)
# Java VM: Java HotSpot(TM) 64-Bit Server VM (25.45-b02 mixed mode bsd-amd64 compressed oops)
# Problematic frame:
# C  [libGPUSupportMercury.dylib+0xb8f2]  gldAttachDrawable+0x60
#
# Failed to write core dump. Core dumps have been disabled. To enable core dumping, try "ulimit -c unlimited" before starting Java again
#
# If you would like to submit a bug report, please visit:
#   http://bugreport.java.com/bugreport/crash.jsp
# The crash happened outside the Java Virtual Machine in native code.
# See problematic frame for where to report the bug.
#

---------------  T H R E A D  ---------------

Current thread (0x00007fcda985e800):  JavaThread "AppKit Thread" daemon [_thread_in_native, id=1811, stack(0x00007fff57dc5000,0x00007fff585c5000)]

siginfo: si_signo: 11 (SIGSEGV), si_code: 0 (unknown), si_addr: 0x0000000000000000

Registers:
RAX=0x8000000000000000, RBX=0x000000000000271e, RCX=0x0000000000000000, RDX=0x00007fcda95a2988
RSP=0x00007fff585bea70, RBP=0x00007fff585beb70, RSI=0x0000000000000050, RDI=0x00007fff72c95070
R8 =0x00007fcdac809e60, R9 =0x00007fcdac000000, R10=0x000000000000003c, R11=0x0000000000000206
R12=0x0000000000002718, R13=0x00007fcdaa1cb600, R14=0x0000000000000050, R15=0x0000000000000000
RIP=0x00007fff8cbc38f2, EFLAGS=0x0000000000010212, ERR=0x0000000000000000
  TRAPNO=0x000000000000000d

Top of Stack: (sp=0x00007fff585bea70)
0x00007fff585bea70:   00007fff585beae4 00007fcda941b8d0
0x00007fff585bea80:   ffffffffffffffff 0000206000000040
0x00007fff585bea90:   00007fcda941b8e8 00007fff8bbc664f
0x00007fff585beaa0:   0000000000000000 8000000000000000
0x00007fff585beab0:   0000000300000003 00007fff585bebf8
0x00007fff585beac0:   00007fff585beb84 000000000000a6df
0x00007fff585bead0:   00007fff585beb7c 00007fff585beb80
0x00007fff585beae0:   00007fff585beb60 00007fff895560c9
0x00007fff585beaf0:   0000000000000000 000000000000003c
0x00007fff585beb00:   0000003400001200 0000040b00000000
0x00007fff585beb10:   00007fff585beb40 00007fff894ef92a
0x00007fff585beb20:   00007fff585bebb8 000000000000003c
0x00007fff585beb30:   00007fff585beb70 000000001e359bd6
0x00007fff585beb40:   c500a194a391b0b2 00007fcdac800000
0x00007fff585beb50:   0000000000002718 0000000000000000
0x00007fff585beb60:   0000000000000050 0000000000000000
0x00007fff585beb70:   00007fff585bebc0 00007fff9108d7e8
0x00007fff585beb80:   00007fcdac809e60 0000000000000000
0x00007fff585beb90:   00007fcda95a2988 00007fcda9646350
0x00007fff585beba0:   0000000000000000 00007fcdaa1c9550
0x00007fff585bebb0:   00007fcdaa1c7600 00007fff72c95070
0x00007fff585bebc0:   00007fff585becb0 00007fff84515870
0x00007fff585bebd0:   4090680000000000 407b800000000000
0x00007fff585bebe0:   4069600000000000 4089000000000000
0x00007fff585bebf0:   4083700000000000 0000000000000000
0x00007fff585bec00:   4036000000000000 4089000000000000
0x00007fff585bec10:   4082c00000000000 0000000000000000
0x00007fff585bec20:   0000000000000000 0000000000000001
0x00007fff585bec30:   00007fcda95a2988 0000000000000001
0x00007fff585bec40:   00007fff585becb0 00007fff8451a66b
0x00007fff585bec50:   0000000100000003 00007fcdaa1c9550
0x00007fff585bec60:   00007fcdaa1c9488 000000028e35ffff 

Instructions: (pc=0x00007fff8cbc38f2)
0x00007fff8cbc38d2:   48 85 d2 b8 01 00 00 00 bb 15 27 00 00 0f 44 d8
0x00007fff8cbc38e2:   e9 7f 01 00 00 49 8b 45 08 48 89 85 38 ff ff ff
0x00007fff8cbc38f2:   48 8b 00 48 89 85 30 ff ff ff 83 fe 4f 0f 8f fd
0x00007fff8cbc3902:   00 00 00 48 89 d0 bb 15 27 00 00 83 fe 35 0f 84 

Register to memory mapping:

RAX=0x8000000000000000 is an unknown value
RBX=0x000000000000271e is an unknown value
RCX=0x0000000000000000 is an unknown value
RDX=0x00007fcda95a2988 is an unknown value
RSP=0x00007fff585bea70 is pointing into the stack for thread: 0x00007fcda985e800
RBP=0x00007fff585beb70 is pointing into the stack for thread: 0x00007fcda985e800
RSI=0x0000000000000050 is an unknown value
RDI=0x00007fff72c95070: __stack_chk_guard+0 in /usr/lib/system/libsystem_c.dylib at 0x00007fff851a3000
R8 =0x00007fcdac809e60 is an unknown value
R9 =0x00007fcdac000000 is an unknown value
R10=0x000000000000003c is an unknown value
R11=0x0000000000000206 is an unknown value
R12=0x0000000000002718 is an unknown value
R13=0x00007fcdaa1cb600 is an unknown value
R14=0x0000000000000050 is an unknown value
R15=0x0000000000000000 is an unknown value


Stack: [0x00007fff57dc5000,0x00007fff585c5000],  sp=0x00007fff585bea70,  free space=8166k
Native frames: (J=compiled Java code, j=interpreted, Vv=VM code, C=native code)
C  [libGPUSupportMercury.dylib+0xb8f2]  gldAttachDrawable+0x60
C  [GLEngine+0x167e8]  gliAttachDrawableWithOptions+0x101
C  [OpenGL+0x3870]  glcGetIOAccelService+0xe03
C  [OpenGL+0x7412]  CGLSetPBuffer+0xb90
C  [OpenGL+0x7735]  CGLSetSurface+0x124
C  [AppKit+0x332d44]  NSOpenGLContextAttachOnScreenViewSurface+0x109
C  [AppKit+0x31dc8c]  -[NSOpenGLContext setView:]+0x83
C  [liblwjgl.dylib+0x9f3e]  -[MacOSXOpenGLView lockFocus]+0x6e
C  [AppKit+0xe2055]  -[NSView _recursiveDisplayRectIfNeededIgnoringOpacity:isVisibleRect:rectIsVisibleRectForView:topView:]+0x740
C  [AppKit+0xe30b0]  -[NSView _recursiveDisplayRectIfNeededIgnoringOpacity:isVisibleRect:rectIsVisibleRectForView:topView:]+0x179b
C  [AppKit+0xe1403]  -[NSThemeFrame _recursiveDisplayRectIfNeededIgnoringOpacity:isVisibleRect:rectIsVisibleRectForView:topView:]+0x14d
C  [AppKit+0xdd79b]  -[NSView _displayRectIgnoringOpacity:isVisibleRect:rectIsVisibleRectForView:]+0xac9
C  [AppKit+0x952be]  -[NSView displayIfNeeded]+0x754
C  [AppKit+0x94b19]  -[NSWindow displayIfNeeded]+0xec
C  [AppKit+0x94782]  _handleWindowNeedsDisplayOrLayoutOrUpdateConstraints+0x3a8
C  [Foundation+0x4b953]  __NSFireTimer+0x5f
C  [CoreFoundation+0xb72e4]  __CFRUNLOOP_IS_CALLING_OUT_TO_A_TIMER_CALLBACK_FUNCTION__+0x14
C  [CoreFoundation+0xb6f73]  __CFRunLoopDoTimer+0x423
C  [CoreFoundation+0x12a53d]  __CFRunLoopDoTimers+0x12d
C  [CoreFoundation+0x72608]  __CFRunLoopRun+0x7e8
C  [CoreFoundation+0x71bd8]  CFRunLoopRunSpecific+0x128
C  [HIToolbox+0x3256f]  RunCurrentEventLoopInMode+0xeb
C  [HIToolbox+0x322ea]  ReceiveNextEventCommon+0x1af
C  [HIToolbox+0x3212b]  _BlockUntilNextEventMatchingListInModeWithFilter+0x47
C  [AppKit+0x919bb]  _DPSNextEvent+0x3d2
C  [AppKit+0x90f68]  -[NSApplication nextEventMatchingMask:untilDate:inMode:dequeue:]+0x15a
C  [libosxapp.dylib+0x242a]  -[NSApplicationAWT nextEventMatchingMask:untilDate:inMode:dequeue:]+0x7c
C  [AppKit+0x86bf3]  -[NSApplication run]+0x252
C  [libosxapp.dylib+0x223e]  +[NSApplicationAWT runAWTLoopWithApp:]+0x9c
C  [libawt_lwawt.dylib+0x4462b]  -[AWTStarter starter:]+0x389
C  [Foundation+0x92d00]  __NSThreadPerformPerform+0x125
C  [CoreFoundation+0x80a01]  __CFRUNLOOP_IS_CALLING_OUT_TO_A_SOURCE0_PERFORM_FUNCTION__+0x11
C  [CoreFoundation+0x72b8d]  __CFRunLoopDoSources0+0x10d
C  [CoreFoundation+0x721bf]  __CFRunLoopRun+0x39f
C  [CoreFoundation+0x71bd8]  CFRunLoopRunSpecific+0x128
C  [java+0x6490]  CreateExecutionEnvironment+0x367
C  [java+0x221c]  JLI_Launch+0x7a0
C  [java+0x84ed]  main+0x65
C  [java+0x1a74]  start+0x34
C  0x0000000000000005


---------------  P R O C E S S  ---------------

Java Threads: ( => current thread )
  0x00007fcdaa9ff800 JavaThread "AWT-Shutdown" [_thread_blocked, id=28195, stack(0x0000000126426000,0x0000000126526000)]
=>0x00007fcda985e800 JavaThread "AppKit Thread" daemon [_thread_in_native, id=1811, stack(0x00007fff57dc5000,0x00007fff585c5000)]
  0x00007fcdaa804000 JavaThread "Service Thread" daemon [_thread_blocked, id=17923, stack(0x0000000120d36000,0x0000000120e36000)]
  0x00007fcdab054000 JavaThread "C1 CompilerThread2" daemon [_thread_blocked, id=17411, stack(0x0000000120c33000,0x0000000120d33000)]
  0x00007fcdaa814000 JavaThread "C2 CompilerThread1" daemon [_thread_blocked, id=16899, stack(0x0000000120b30000,0x0000000120c30000)]
  0x00007fcdab041000 JavaThread "C2 CompilerThread0" daemon [_thread_blocked, id=16387, stack(0x0000000120a2d000,0x0000000120b2d000)]
  0x00007fcdab040800 JavaThread "Signal Dispatcher" daemon [_thread_blocked, id=12811, stack(0x000000012092a000,0x0000000120a2a000)]
  0x00007fcda9837800 JavaThread "Finalizer" daemon [_thread_blocked, id=11523, stack(0x000000011ef91000,0x000000011f091000)]
  0x00007fcdaa006000 JavaThread "Reference Handler" daemon [_thread_blocked, id=11011, stack(0x000000011ee8e000,0x000000011ef8e000)]
  0x00007fcdab007000 JavaThread "main" [_thread_in_native, id=4867, stack(0x0000000108f6a000,0x000000010906a000)]

Other Threads:
  0x00007fcda9831000 VMThread [stack: 0x000000011ed8b000,0x000000011ee8b000] [id=10499]
  0x00007fcdaa804800 WatcherThread [stack: 0x0000000120e39000,0x0000000120f39000] [id=18435]

VM state:not at safepoint (normal execution)

VM Mutex/Monitor currently owned by a thread: None

Heap:
 PSYoungGen      total 38400K, used 11504K [0x0000000795580000, 0x0000000798000000, 0x00000007c0000000)
  eden space 33280K, 34% used [0x0000000795580000,0x00000007960bc2f8,0x0000000797600000)
  from space 5120K, 0% used [0x0000000797b00000,0x0000000797b00000,0x0000000798000000)
  to   space 5120K, 0% used [0x0000000797600000,0x0000000797600000,0x0000000797b00000)
 ParOldGen       total 87552K, used 0K [0x0000000740000000, 0x0000000745580000, 0x0000000795580000)
  object space 87552K, 0% used [0x0000000740000000,0x0000000740000000,0x0000000745580000)
 Metaspace       used 6800K, capacity 6951K, committed 7168K, reserved 1056768K
  class space    used 682K, capacity 758K, committed 768K, reserved 1048576K

Card table byte_map: [0x000000011842c000,0x000000011882d000] byte_map_base: 0x0000000114a2c000

Marking Bits: (ParMarkBitMap*) 0x00000001088c27a0
 Begin Bits: [0x0000000118ee4000, 0x000000011aee4000)
 End Bits:   [0x000000011aee4000, 0x000000011cee4000)

Polling page: 0x0000000107794000

CodeCache: size=245760Kb used=2992Kb max_used=3004Kb free=242767Kb
 bounds [0x000000010906c000, 0x000000010936c000, 0x000000011806c000]
 total_blobs=1118 nmethods=731 adapters=301
 compilation: enabled

Compilation events (10 events):
Event: 18.377 Thread 0x00007fcdab054000  723       3       java.util.HashSet::isEmpty (8 bytes)
Event: 18.378 Thread 0x00007fcdab054000 nmethod 723 0x000000010934f9d0 code [0x000000010934fb40, 0x000000010934fdd0]
Event: 18.501 Thread 0x00007fcdab054000  724       1       java.nio.HeapByteBuffer::_put (8 bytes)
Event: 18.501 Thread 0x00007fcdab054000 nmethod 724 0x000000010934f690 code [0x000000010934f7e0, 0x000000010934f910]
Event: 18.525 Thread 0x00007fcdab054000  725       1       java.nio.HeapByteBuffer::_get (7 bytes)
Event: 18.525 Thread 0x00007fcdab054000 nmethod 725 0x000000010934f350 code [0x000000010934f4a0, 0x000000010934f5d0]
Event: 18.553 Thread 0x00007fcdab054000  726       3       java.nio.Buffer::nextPutIndex (38 bytes)
Event: 18.554 Thread 0x00007fcdab054000 nmethod 726 0x000000010934eed0 code [0x000000010934f040, 0x000000010934f268]
Event: 18.575 Thread 0x00007fcdab054000  727       3       java.nio.Buffer::nextGetIndex (38 bytes)
Event: 18.576 Thread 0x00007fcdab054000 nmethod 727 0x0000000109351f50 code [0x00000001093520c0, 0x00000001093522e8]

GC Heap History (0 events):
No events

Deoptimization events (1 events):
Event: 0.455 Thread 0x00007fcda985e800 Uncommon trap: reason=unstable_if action=reinterpret pc=0x00000001091ae280 method=java.lang.String.indexOf(II)I @ 49

Internal exceptions (10 events):
Event: 0.212 Thread 0x00007fcdab007000 Exception <a 'java/security/PrivilegedActionException'> (0x0000000795851c40) thrown at [/Users/java_re/workspace/8-2-build-macosx-x86_64/jdk8u45/3457/hotspot/src/share/vm/prims/jvm.cpp, line 1382]
Event: 0.212 Thread 0x00007fcdab007000 Exception <a 'java/security/PrivilegedActionException'> (0x0000000795851df8) thrown at [/Users/java_re/workspace/8-2-build-macosx-x86_64/jdk8u45/3457/hotspot/src/share/vm/prims/jvm.cpp, line 1382]
Event: 0.212 Thread 0x00007fcdab007000 Exception <a 'java/security/PrivilegedActionException'> (0x0000000795855178) thrown at [/Users/java_re/workspace/8-2-build-macosx-x86_64/jdk8u45/3457/hotspot/src/share/vm/prims/jvm.cpp, line 1382]
Event: 0.212 Thread 0x00007fcdab007000 Exception <a 'java/security/PrivilegedActionException'> (0x0000000795855330) thrown at [/Users/java_re/workspace/8-2-build-macosx-x86_64/jdk8u45/3457/hotspot/src/share/vm/prims/jvm.cpp, line 1382]
Event: 0.418 Thread 0x00007fcdab007000 Exception <a 'java/io/FileNotFoundException'> (0x000000079585ced8) thrown at [/Users/java_re/workspace/8-2-build-macosx-x86_64/jdk8u45/3457/hotspot/src/share/vm/prims/jni.cpp, line 709]
Event: 0.418 Thread 0x00007fcdab007000 Exception <a 'java/io/FileNotFoundException'> (0x000000079585da20) thrown at [/Users/java_re/workspace/8-2-build-macosx-x86_64/jdk8u45/3457/hotspot/src/share/vm/prims/jni.cpp, line 709]
Event: 0.447 Thread 0x00007fcdab007000 Exception <a 'java/lang/UnsatisfiedLinkError'> (0x000000079586e050) thrown at [/Users/java_re/workspace/8-2-build-macosx-x86_64/jdk8u45/3457/hotspot/src/share/vm/prims/jvm.cpp, line 1386]
Event: 0.491 Thread 0x00007fcda985e800 Exception <a 'java/lang/NoSuchFieldError': method resolution failed> (0x0000000795a384e0) thrown at [/Users/java_re/workspace/8-2-build-macosx-x86_64/jdk8u45/3457/hotspot/src/share/vm/prims/methodHandles.cpp, line 1125]
Event: 0.494 Thread 0x00007fcda985e800 Exception <a 'java/lang/NoSuchFieldError': method resolution failed> (0x0000000795a46b80) thrown at [/Users/java_re/workspace/8-2-build-macosx-x86_64/jdk8u45/3457/hotspot/src/share/vm/prims/methodHandles.cpp, line 1125]
Event: 0.735 Thread 0x00007fcdab007000 Exception <a 'java/lang/NoClassDefFoundError': net/java/games/input/ControllerEnvironment> (0x0000000795e25588) thrown at [/Users/java_re/workspace/8-2-build-macosx-x86_64/jdk8u45/3457/hotspot/src/share/vm/classfile/systemDictionary.cpp, line 199]

Events (10 events):
Event: 1.694 Thread 0x00007fcdaa086800 Thread exited: 0x00007fcdaa086800
Event: 2.366 Thread 0x00007fcdaa9ff800 Thread added: 0x00007fcdaa9ff800
Event: 2.823 Thread 0x00007fcdab007000 DEOPT PACKING pc=0x00000001092a87d3 sp=0x0000000109069600
Event: 2.823 Thread 0x00007fcdab007000 DEOPT UNPACKING pc=0x00000001090b3633 sp=0x0000000109069430 mode 0
Event: 4.140 Executing VM operation: EnableBiasedLocking
Event: 4.140 Executing VM operation: EnableBiasedLocking done
Event: 4.171 Thread 0x00007fcdaa9ff800 Thread exited: 0x00007fcdaa9ff800
Event: 4.222 Thread 0x00007fcdaa9ff800 Thread added: 0x00007fcdaa9ff800
Event: 19.246 loading class org/lwjgl/opengl/CallbackUtil
Event: 19.246 loading class org/lwjgl/opengl/CallbackUtil done


Dynamic libraries:
0x0000000002389000 	/System/Library/Frameworks/Cocoa.framework/Versions/A/Cocoa
0x0000000002389000 	/System/Library/Frameworks/Security.framework/Versions/A/Security
0x0000000002389000 	/System/Library/Frameworks/ApplicationServices.framework/Versions/A/ApplicationServices
0x0000000002389000 	/usr/lib/libz.1.dylib
0x0000000002389000 	/usr/lib/libSystem.B.dylib
0x0000000002389000 	/usr/lib/libobjc.A.dylib
0x0000000002389000 	/System/Library/Frameworks/CoreFoundation.framework/Versions/A/CoreFoundation
0x0000000002389000 	/System/Library/Frameworks/Foundation.framework/Versions/C/Foundation
0x0000000002389000 	/System/Library/Frameworks/AppKit.framework/Versions/C/AppKit
0x0000000002389000 	/System/Library/Frameworks/CoreData.framework/Versions/A/CoreData
0x0000000002389000 	/System/Library/PrivateFrameworks/RemoteViewServices.framework/Versions/A/RemoteViewServices
0x0000000002389000 	/System/Library/PrivateFrameworks/UIFoundation.framework/Versions/A/UIFoundation
0x0000000002389000 	/System/Library/Frameworks/IOSurface.framework/Versions/A/IOSurface
0x0000000002389000 	/System/Library/Frameworks/AudioToolbox.framework/Versions/A/AudioToolbox
0x0000000002389000 	/System/Library/Frameworks/AudioUnit.framework/Versions/A/AudioUnit
0x0000000002389000 	/System/Library/PrivateFrameworks/DataDetectorsCore.framework/Versions/A/DataDetectorsCore
0x0000000002389000 	/System/Library/PrivateFrameworks/DesktopServicesPriv.framework/Versions/A/DesktopServicesPriv
0x0000000002389000 	/System/Library/Frameworks/Carbon.framework/Versions/A/Frameworks/HIToolbox.framework/Versions/A/HIToolbox
0x0000000002389000 	/System/Library/Frameworks/QuartzCore.framework/Versions/A/QuartzCore
0x0000000002389000 	/System/Library/Frameworks/Carbon.framework/Versions/A/Frameworks/SpeechRecognition.framework/Versions/A/SpeechRecognition
0x0000000002389000 	/usr/lib/libauto.dylib
0x0000000002389000 	/usr/lib/libicucore.A.dylib
0x0000000002389000 	/usr/lib/libxml2.2.dylib
0x0000000002389000 	/System/Library/PrivateFrameworks/CoreUI.framework/Versions/A/CoreUI
0x0000000002389000 	/System/Library/Frameworks/CoreAudio.framework/Versions/A/CoreAudio
0x0000000002389000 	/System/Library/Frameworks/DiskArbitration.framework/Versions/A/DiskArbitration
0x0000000002389000 	/usr/lib/liblangid.dylib
0x0000000002389000 	/System/Library/PrivateFrameworks/MultitouchSupport.framework/Versions/A/MultitouchSupport
0x0000000002389000 	/System/Library/Frameworks/IOKit.framework/Versions/A/IOKit
0x0000000002389000 	/usr/lib/libDiagnosticMessagesClient.dylib
0x0000000002389000 	/System/Library/Frameworks/CoreServices.framework/Versions/A/CoreServices
0x0000000002389000 	/System/Library/PrivateFrameworks/PerformanceAnalysis.framework/Versions/A/PerformanceAnalysis
0x0000000002389000 	/System/Library/PrivateFrameworks/GenerationalStorage.framework/Versions/A/GenerationalStorage
0x0000000002389000 	/System/Library/Frameworks/OpenGL.framework/Versions/A/OpenGL
0x0000000002389000 	/System/Library/PrivateFrameworks/Sharing.framework/Versions/A/Sharing
0x0000000002389000 	/System/Library/Frameworks/CoreGraphics.framework/Versions/A/CoreGraphics
0x0000000002389000 	/System/Library/Frameworks/CoreText.framework/Versions/A/CoreText
0x0000000002389000 	/System/Library/Frameworks/ImageIO.framework/Versions/A/ImageIO
0x0000000002389000 	/usr/lib/libextension.dylib
0x0000000002389000 	/System/Library/PrivateFrameworks/Backup.framework/Versions/A/Backup
0x0000000002389000 	/usr/lib/libarchive.2.dylib
0x0000000002389000 	/System/Library/Frameworks/CFNetwork.framework/Versions/A/CFNetwork
0x0000000002389000 	/System/Library/Frameworks/SystemConfiguration.framework/Versions/A/SystemConfiguration
0x0000000002389000 	/usr/lib/libCRFSuite.dylib
0x0000000002389000 	/usr/lib/libc++.1.dylib
0x0000000002389000 	/usr/lib/libc++abi.dylib
0x0000000002389000 	/usr/lib/system/libcache.dylib
0x0000000002389000 	/usr/lib/system/libcommonCrypto.dylib
0x0000000002389000 	/usr/lib/system/libcompiler_rt.dylib
0x0000000002389000 	/usr/lib/system/libcopyfile.dylib
0x0000000002389000 	/usr/lib/system/libcorecrypto.dylib
0x0000000002389000 	/usr/lib/system/libdispatch.dylib
0x0000000002389000 	/usr/lib/system/libdyld.dylib
0x0000000002389000 	/usr/lib/system/libkeymgr.dylib
0x0000000002389000 	/usr/lib/system/liblaunch.dylib
0x0000000002389000 	/usr/lib/system/libmacho.dylib
0x0000000002389000 	/usr/lib/system/libquarantine.dylib
0x0000000002389000 	/usr/lib/system/libremovefile.dylib
0x0000000002389000 	/usr/lib/system/libsystem_asl.dylib
0x0000000002389000 	/usr/lib/system/libsystem_blocks.dylib
0x0000000002389000 	/usr/lib/system/libsystem_c.dylib
0x0000000002389000 	/usr/lib/system/libsystem_configuration.dylib
0x0000000002389000 	/usr/lib/system/libsystem_coreservices.dylib
0x0000000002389000 	/usr/lib/system/libsystem_coretls.dylib
0x0000000002389000 	/usr/lib/system/libsystem_dnssd.dylib
0x0000000002389000 	/usr/lib/system/libsystem_info.dylib
0x0000000002389000 	/usr/lib/system/libsystem_kernel.dylib
0x0000000002389000 	/usr/lib/system/libsystem_m.dylib
0x0000000002389000 	/usr/lib/system/libsystem_malloc.dylib
0x0000000002389000 	/usr/lib/system/libsystem_network.dylib
0x0000000002389000 	/usr/lib/system/libsystem_networkextension.dylib
0x0000000002389000 	/usr/lib/system/libsystem_notify.dylib
0x0000000002389000 	/usr/lib/system/libsystem_platform.dylib
0x0000000002389000 	/usr/lib/system/libsystem_pthread.dylib
0x0000000002389000 	/usr/lib/system/libsystem_sandbox.dylib
0x0000000002389000 	/usr/lib/system/libsystem_secinit.dylib
0x0000000002389000 	/usr/lib/system/libsystem_stats.dylib
0x0000000002389000 	/usr/lib/system/libsystem_trace.dylib
0x0000000002389000 	/usr/lib/system/libunc.dylib
0x0000000002389000 	/usr/lib/system/libunwind.dylib
0x0000000002389000 	/usr/lib/system/libxpc.dylib
0x0000000002389000 	/usr/lib/libbz2.1.0.dylib
0x0000000002389000 	/usr/lib/liblzma.5.dylib
0x0000000002389000 	/usr/lib/libbsm.0.dylib
0x0000000002389000 	/usr/lib/libsqlite3.dylib
0x0000000002389000 	/usr/lib/system/libkxld.dylib
0x0000000002389000 	/usr/lib/libxar.1.dylib
0x0000000002389000 	/usr/lib/libpam.2.dylib
0x0000000002389000 	/usr/lib/libOpenScriptingUtil.dylib
0x0000000002389000 	/System/Library/Frameworks/CoreServices.framework/Versions/A/Frameworks/FSEvents.framework/Versions/A/FSEvents
0x0000000002389000 	/System/Library/Frameworks/CoreServices.framework/Versions/A/Frameworks/CarbonCore.framework/Versions/A/CarbonCore
0x0000000002389000 	/System/Library/Frameworks/CoreServices.framework/Versions/A/Frameworks/Metadata.framework/Versions/A/Metadata
0x0000000002389000 	/System/Library/Frameworks/CoreServices.framework/Versions/A/Frameworks/OSServices.framework/Versions/A/OSServices
0x0000000002389000 	/System/Library/Frameworks/CoreServices.framework/Versions/A/Frameworks/SearchKit.framework/Versions/A/SearchKit
0x0000000002389000 	/System/Library/Frameworks/CoreServices.framework/Versions/A/Frameworks/AE.framework/Versions/A/AE
0x0000000002389000 	/System/Library/Frameworks/CoreServices.framework/Versions/A/Frameworks/LaunchServices.framework/Versions/A/LaunchServices
0x0000000002389000 	/System/Library/Frameworks/CoreServices.framework/Versions/A/Frameworks/DictionaryServices.framework/Versions/A/DictionaryServices
0x0000000002389000 	/System/Library/Frameworks/NetFS.framework/Versions/A/NetFS
0x0000000002389000 	/System/Library/PrivateFrameworks/NetAuth.framework/Versions/A/NetAuth
0x0000000002389000 	/System/Library/PrivateFrameworks/login.framework/Versions/A/Frameworks/loginsupport.framework/Versions/A/loginsupport
0x0000000002389000 	/System/Library/PrivateFrameworks/TCC.framework/Versions/A/TCC
0x0000000002389000 	/usr/lib/libmecabra.dylib
0x0000000002389000 	/System/Library/Frameworks/ApplicationServices.framework/Versions/A/Frameworks/ATS.framework/Versions/A/ATS
0x0000000002389000 	/System/Library/Frameworks/ApplicationServices.framework/Versions/A/Frameworks/ColorSync.framework/Versions/A/ColorSync
0x0000000002389000 	/System/Library/Frameworks/ApplicationServices.framework/Versions/A/Frameworks/HIServices.framework/Versions/A/HIServices
0x0000000002389000 	/System/Library/Frameworks/ApplicationServices.framework/Versions/A/Frameworks/LangAnalysis.framework/Versions/A/LangAnalysis
0x0000000002389000 	/System/Library/Frameworks/ApplicationServices.framework/Versions/A/Frameworks/PrintCore.framework/Versions/A/PrintCore
0x0000000002389000 	/System/Library/Frameworks/ApplicationServices.framework/Versions/A/Frameworks/QD.framework/Versions/A/QD
0x0000000002389000 	/System/Library/Frameworks/ApplicationServices.framework/Versions/A/Frameworks/SpeechSynthesis.framework/Versions/A/SpeechSynthesis
0x0000000002389000 	/System/Library/Frameworks/Accelerate.framework/Versions/A/Accelerate
0x0000000002389000 	/System/Library/Frameworks/Accelerate.framework/Versions/A/Frameworks/vImage.framework/Versions/A/vImage
0x0000000002389000 	/System/Library/Frameworks/Accelerate.framework/Versions/A/Frameworks/vecLib.framework/Versions/A/vecLib
0x0000000002389000 	/System/Library/Frameworks/Accelerate.framework/Versions/A/Frameworks/vecLib.framework/Versions/A/libvDSP.dylib
0x0000000002389000 	/System/Library/Frameworks/Accelerate.framework/Versions/A/Frameworks/vecLib.framework/Versions/A/libvMisc.dylib
0x0000000002389000 	/System/Library/Frameworks/Accelerate.framework/Versions/A/Frameworks/vecLib.framework/Versions/A/libLAPACK.dylib
0x0000000002389000 	/System/Library/Frameworks/Accelerate.framework/Versions/A/Frameworks/vecLib.framework/Versions/A/libBLAS.dylib
0x0000000002389000 	/System/Library/Frameworks/Accelerate.framework/Versions/A/Frameworks/vecLib.framework/Versions/A/libLinearAlgebra.dylib
0x0000000002389000 	/System/Library/Frameworks/ApplicationServices.framework/Versions/A/Frameworks/ATS.framework/Versions/A/Resources/libFontParser.dylib
0x0000000002389000 	/System/Library/Frameworks/ApplicationServices.framework/Versions/A/Frameworks/ATS.framework/Versions/A/Resources/libFontRegistry.dylib
0x0000000002389000 	/System/Library/PrivateFrameworks/AppleVPA.framework/Versions/A/AppleVPA
0x0000000002389000 	/System/Library/PrivateFrameworks/AppleJPEG.framework/Versions/A/AppleJPEG
0x0000000002389000 	/System/Library/Frameworks/ImageIO.framework/Versions/A/Resources/libJPEG.dylib
0x0000000002389000 	/System/Library/Frameworks/ImageIO.framework/Versions/A/Resources/libTIFF.dylib
0x0000000002389000 	/System/Library/Frameworks/ImageIO.framework/Versions/A/Resources/libPng.dylib
0x0000000002389000 	/System/Library/Frameworks/ImageIO.framework/Versions/A/Resources/libGIF.dylib
0x0000000002389000 	/System/Library/Frameworks/ImageIO.framework/Versions/A/Resources/libJP2.dylib
0x0000000002389000 	/System/Library/Frameworks/ImageIO.framework/Versions/A/Resources/libRadiance.dylib
0x0000000002389000 	/System/Library/Frameworks/CoreVideo.framework/Versions/A/CoreVideo
0x0000000002389000 	/System/Library/Frameworks/OpenGL.framework/Versions/A/Libraries/libGLU.dylib
0x0000000002389000 	/System/Library/Frameworks/OpenGL.framework/Versions/A/Libraries/libGFXShared.dylib
0x0000000002389000 	/System/Library/Frameworks/OpenGL.framework/Versions/A/Libraries/libGL.dylib
0x0000000002389000 	/System/Library/Frameworks/OpenGL.framework/Versions/A/Libraries/libGLImage.dylib
0x0000000002389000 	/System/Library/Frameworks/OpenGL.framework/Versions/A/Libraries/libCVMSPluginSupport.dylib
0x0000000002389000 	/System/Library/Frameworks/OpenGL.framework/Versions/A/Libraries/libCoreVMClient.dylib
0x0000000002389000 	/usr/lib/libcups.2.dylib
0x0000000002389000 	/System/Library/Frameworks/Kerberos.framework/Versions/A/Kerberos
0x0000000002389000 	/System/Library/Frameworks/GSS.framework/Versions/A/GSS
0x0000000002389000 	/usr/lib/libresolv.9.dylib
0x0000000002389000 	/usr/lib/libiconv.2.dylib
0x0000000002389000 	/System/Library/PrivateFrameworks/Heimdal.framework/Versions/A/Heimdal
0x0000000002389000 	/usr/lib/libheimdal-asn1.dylib
0x0000000002389000 	/System/Library/Frameworks/OpenDirectory.framework/Versions/A/OpenDirectory
0x0000000002389000 	/System/Library/PrivateFrameworks/CommonAuth.framework/Versions/A/CommonAuth
0x0000000002389000 	/System/Library/Frameworks/OpenDirectory.framework/Versions/A/Frameworks/CFOpenDirectory.framework/Versions/A/CFOpenDirectory
0x0000000002389000 	/System/Library/Frameworks/SecurityFoundation.framework/Versions/A/SecurityFoundation
0x0000000002389000 	/System/Library/PrivateFrameworks/LanguageModeling.framework/Versions/A/LanguageModeling
0x0000000002389000 	/usr/lib/libcmph.dylib
0x0000000002389000 	/System/Library/Frameworks/ServiceManagement.framework/Versions/A/ServiceManagement
0x0000000002389000 	/usr/lib/libxslt.1.dylib
0x0000000002389000 	/System/Library/Frameworks/Carbon.framework/Versions/A/Frameworks/Ink.framework/Versions/A/Ink
0x0000000002389000 	/System/Library/Frameworks/QuartzCore.framework/Versions/A/Frameworks/CoreImage.framework/Versions/A/CoreImage
0x0000000002389000 	/System/Library/PrivateFrameworks/CrashReporterSupport.framework/Versions/A/CrashReporterSupport
0x0000000002389000 	/System/Library/Frameworks/OpenCL.framework/Versions/A/OpenCL
0x0000000002389000 	/System/Library/PrivateFrameworks/FaceCore.framework/Versions/A/FaceCore
0x0000000002389000 	/System/Library/PrivateFrameworks/Ubiquity.framework/Versions/A/Ubiquity
0x0000000002389000 	/System/Library/PrivateFrameworks/IconServices.framework/Versions/A/IconServices
0x0000000002389000 	/System/Library/PrivateFrameworks/ChunkingLibrary.framework/Versions/A/ChunkingLibrary
0x0000000002389000 	/System/Library/PrivateFrameworks/Apple80211.framework/Versions/A/Apple80211
0x0000000002389000 	/System/Library/Frameworks/CoreWLAN.framework/Versions/A/CoreWLAN
0x0000000002389000 	/System/Library/Frameworks/IOBluetooth.framework/Versions/A/IOBluetooth
0x0000000002389000 	/System/Library/PrivateFrameworks/CoreWiFi.framework/Versions/A/CoreWiFi
0x0000000002389000 	/System/Library/Frameworks/CoreBluetooth.framework/Versions/A/CoreBluetooth
0x0000000002389000 	/System/Library/PrivateFrameworks/DebugSymbols.framework/Versions/A/DebugSymbols
0x0000000002389000 	/System/Library/PrivateFrameworks/CoreSymbolication.framework/Versions/A/CoreSymbolication
0x0000000002389000 	/System/Library/PrivateFrameworks/Symbolication.framework/Versions/A/Symbolication
0x0000000002389000 	/System/Library/PrivateFrameworks/SpeechRecognitionCore.framework/Versions/A/SpeechRecognitionCore
0x0000000108000000 	/Library/Java/JavaVirtualMachines/jdk1.8.0_45.jdk/Contents/Home/jre/lib/server/libjvm.dylib
0x0000000002389000 	/usr/lib/libstdc++.6.dylib
0x0000000107751000 	/Library/Java/JavaVirtualMachines/jdk1.8.0_45.jdk/Contents/Home/jre/lib/libverify.dylib
0x000000010775f000 	/Library/Java/JavaVirtualMachines/jdk1.8.0_45.jdk/Contents/Home/jre/lib/libjava.dylib
0x000000010779e000 	/Library/Java/JavaVirtualMachines/jdk1.8.0_45.jdk/Contents/Home/jre/lib/libzip.dylib
0x000000011f093000 	/System/Library/Frameworks/JavaVM.framework/Frameworks/JavaRuntimeSupport.framework/JavaRuntimeSupport
0x000000011f0a9000 	/System/Library/Frameworks/JavaVM.framework/Versions/A/Frameworks/JavaNativeFoundation.framework/Versions/A/JavaNativeFoundation
0x000000011f0bd000 	/System/Library/Frameworks/JavaVM.framework/Versions/A/JavaVM
0x0000000002389000 	/System/Library/Frameworks/Carbon.framework/Versions/A/Carbon
0x000000011f0c9000 	/System/Library/PrivateFrameworks/JavaLaunching.framework/Versions/A/JavaLaunching
0x0000000002389000 	/System/Library/Frameworks/Carbon.framework/Versions/A/Frameworks/CommonPanels.framework/Versions/A/CommonPanels
0x0000000002389000 	/System/Library/Frameworks/Carbon.framework/Versions/A/Frameworks/Help.framework/Versions/A/Help
0x0000000002389000 	/System/Library/Frameworks/Carbon.framework/Versions/A/Frameworks/ImageCapture.framework/Versions/A/ImageCapture
0x0000000002389000 	/System/Library/Frameworks/Carbon.framework/Versions/A/Frameworks/OpenScripting.framework/Versions/A/OpenScripting
0x0000000002389000 	/System/Library/Frameworks/Carbon.framework/Versions/A/Frameworks/Print.framework/Versions/A/Print
0x0000000002389000 	/System/Library/Frameworks/Carbon.framework/Versions/A/Frameworks/SecurityHI.framework/Versions/A/SecurityHI
0x0000000120f59000 	/Library/Java/JavaVirtualMachines/jdk1.8.0_45.jdk/Contents/Home/jre/lib/libawt.dylib
0x0000000121001000 	/Library/Java/JavaVirtualMachines/jdk1.8.0_45.jdk/Contents/Home/jre/lib/./libmlib_image.dylib
0x00000001210cd000 	/Library/Java/JavaVirtualMachines/jdk1.8.0_45.jdk/Contents/Home/jre/lib/libawt_lwawt.dylib
0x0000000121181000 	/Library/Java/JavaVirtualMachines/jdk1.8.0_45.jdk/Contents/Home/jre/lib/./libosxapp.dylib
0x0000000002389000 	/System/Library/Frameworks/ExceptionHandling.framework/Versions/A/ExceptionHandling
0x0000000002389000 	/System/Library/PrivateFrameworks/CoreServicesInternal.framework/Versions/A/CoreServicesInternal
0x0000000002389000 	/System/Library/PrivateFrameworks/CloudDocs.framework/Versions/A/CloudDocs
0x0000000002389000 	/System/Library/PrivateFrameworks/CoreDuet.framework/Versions/A/CoreDuet
0x0000000002389000 	/System/Library/Frameworks/CloudKit.framework/Versions/A/CloudKit
0x0000000002389000 	/System/Library/PrivateFrameworks/ProtocolBuffer.framework/Versions/A/ProtocolBuffer
0x0000000002389000 	/System/Library/PrivateFrameworks/CoreDuetDaemonProtocol.framework/Versions/A/CoreDuetDaemonProtocol
0x0000000002389000 	/System/Library/PrivateFrameworks/CoreDuetDebugLogging.framework/Versions/A/CoreDuetDebugLogging
0x0000000002389000 	/System/Library/PrivateFrameworks/MMCS.framework/Versions/A/MMCS
0x0000000002389000 	/System/Library/Frameworks/CoreLocation.framework/Versions/A/CoreLocation
0x0000000002389000 	/System/Library/PrivateFrameworks/ProtectedCloudStorage.framework/Versions/A/ProtectedCloudStorage
0x0000000002389000 	/System/Library/PrivateFrameworks/GeoServices.framework/Versions/A/GeoServices
0x0000000002389000 	/System/Library/Frameworks/CoreGraphics.framework/Versions/A/Resources/libCGCMS.A.dylib
0x0000000002389000 	/System/Library/Frameworks/CoreGraphics.framework/Versions/A/Resources/libRIP.A.dylib
0x0000000002389000 	/System/Library/Frameworks/CoreGraphics.framework/Versions/A/Resources/libCGXType.A.dylib
0x0000000002389000 	/System/Library/Frameworks/OpenCL.framework/Versions/A/Libraries/libcldcpuengine.dylib
0x0000000002389000 	/System/Library/PrivateFrameworks/DiskImages.framework/Versions/A/DiskImages
0x0000000002389000 	/System/Library/Frameworks/DiscRecording.framework/Versions/A/DiscRecording
0x0000000002389000 	/usr/lib/libcsfde.dylib
0x0000000002389000 	/usr/lib/libcurl.4.dylib
0x0000000002389000 	/System/Library/PrivateFrameworks/MediaKit.framework/Versions/A/MediaKit
0x0000000002389000 	/usr/lib/libCoreStorage.dylib
0x0000000002389000 	/System/Library/PrivateFrameworks/EFILogin.framework/Versions/A/EFILogin
0x0000000002389000 	/usr/lib/libutil.dylib
0x0000000002389000 	/System/Library/PrivateFrameworks/FindMyDevice.framework/Versions/A/FindMyDevice
0x0000000002389000 	/System/Library/Frameworks/LDAP.framework/Versions/A/LDAP
0x0000000002389000 	/usr/lib/libsasl2.2.dylib
0x0000000002389000 	/System/Library/PrivateFrameworks/CoreDaemon.framework/Versions/B/CoreDaemon
0x0000000002389000 	/usr/lib/libcrypto.0.9.8.dylib
0x0000000002389000 	/System/Library/PrivateFrameworks/AppleSRP.framework/Versions/A/AppleSRP
0x0000000002389000 	/System/Library/PrivateFrameworks/TrustEvaluationAgent.framework/Versions/A/TrustEvaluationAgent
0x0000000124343000 	cl_kernels
0x0000000124345000 	/System/Library/Frameworks/OpenCL.framework/Versions/A/Libraries/ImageFormats/unorm8_bgra.dylib
0x0000000124335000 	cl_kernels
0x0000000002389000 	/System/Library/PrivateFrameworks/FamilyControls.framework/Versions/A/FamilyControls
0x0000000002389000 	/System/Library/PrivateFrameworks/CommerceKit.framework/Versions/A/Frameworks/CommerceCore.framework/Versions/A/CommerceCore
0x0000000002389000 	/System/Library/PrivateFrameworks/SystemAdministration.framework/Versions/A/SystemAdministration
0x0000000002389000 	/System/Library/PrivateFrameworks/AppContainer.framework/Versions/A/AppContainer
0x0000000002389000 	/System/Library/PrivateFrameworks/SecCodeWrapper.framework/Versions/A/SecCodeWrapper
0x0000000002389000 	/System/Library/Frameworks/DirectoryService.framework/Versions/A/DirectoryService
0x0000000002389000 	/System/Library/PrivateFrameworks/LoginUIKit.framework/Versions/A/Frameworks/LoginUICore.framework/Versions/A/LoginUICore
0x0000000002389000 	/usr/lib/libodfde.dylib
0x000000012557d000 	/Library/Java/JavaVirtualMachines/jdk1.8.0_45.jdk/Contents/Home/jre/lib/libfontmanager.dylib
0x00000001255e4000 	/Users/brunogeroto/Documents/workspace/Duality/native/macosx/liblwjgl.dylib
0x0000000123783000 	/Library/Java/JavaVirtualMachines/jdk1.8.0_45.jdk/Contents/Home/jre/lib/libjawt.dylib
0x0000000002389000 	/System/Library/Frameworks/OpenGL.framework/Versions/A/Resources/GLEngine.bundle/GLEngine
0x0000000002389000 	/System/Library/Frameworks/OpenGL.framework/Versions/A/Libraries/libGLProgrammability.dylib
0x0000000000000000 	/System/Library/Extensions/AppleIntelHD5000GraphicsGLDriver.bundle/Contents/MacOS/AppleIntelHD5000GraphicsGLDriver
0x0000000002389000 	/System/Library/PrivateFrameworks/IOAccelerator.framework/Versions/A/IOAccelerator
0x0000000002389000 	/System/Library/PrivateFrameworks/GPUSupport.framework/Versions/A/Libraries/libGPUSupportMercury.dylib
0x0000000002389000 	/System/Library/Frameworks/OpenGL.framework/Versions/A/Resources/GLRendererFloat.bundle/GLRendererFloat

VM Arguments:
jvm_args: -Dfile.encoding=UTF-8 
java_command: game.Main
java_class_path (initial): /Users/brunogeroto/Documents/workspace/Duality/bin:/Users/brunogeroto/Documents/workspace/Duality/jar/lwjgl.jar:/Users/brunogeroto/Documents/workspace/Duality/jar/slick.jar
Launcher Type: SUN_STANDARD

Environment Variables:
PATH=/usr/bin:/bin:/usr/sbin:/sbin
SHELL=/bin/bash

Signal Handlers:
SIGSEGV: [libjvm.dylib+0x58ef95], sa_mask[0]=11111111011111110111111111111111, sa_flags=SA_ONSTACK|SA_RESTART|SA_SIGINFO
SIGBUS: [libjvm.dylib+0x58ef95], sa_mask[0]=11111111011111110111111111111111, sa_flags=SA_RESTART|SA_SIGINFO
SIGFPE: [libjvm.dylib+0x46c108], sa_mask[0]=11111111011111110111111111111111, sa_flags=SA_RESTART|SA_SIGINFO
SIGPIPE: [libjvm.dylib+0x46c108], sa_mask[0]=11111111011111110111111111111111, sa_flags=SA_RESTART|SA_SIGINFO
SIGXFSZ: [libjvm.dylib+0x46c108], sa_mask[0]=11111111011111110111111111111111, sa_flags=SA_RESTART|SA_SIGINFO
SIGILL: [libjvm.dylib+0x46c108], sa_mask[0]=11111111011111110111111111111111, sa_flags=SA_RESTART|SA_SIGINFO
SIGUSR1: SIG_DFL, sa_mask[0]=00000000000000000000000000000000, sa_flags=none
SIGUSR2: [libjvm.dylib+0x46bc26], sa_mask[0]=00100000000000000000000000000000, sa_flags=SA_RESTART|SA_SIGINFO
SIGHUP: [libjvm.dylib+0x46a1f9], sa_mask[0]=11111111011111110111111111111111, sa_flags=SA_RESTART|SA_SIGINFO
SIGINT: [libjvm.dylib+0x46a1f9], sa_mask[0]=11111111011111110111111111111111, sa_flags=SA_RESTART|SA_SIGINFO
SIGTERM: [libjvm.dylib+0x46a1f9], sa_mask[0]=11111111011111110111111111111111, sa_flags=SA_RESTART|SA_SIGINFO
SIGQUIT: [libjvm.dylib+0x46a1f9], sa_mask[0]=11111111011111110111111111111111, sa_flags=SA_RESTART|SA_SIGINFO


---------------  S Y S T E M  ---------------

OS:Bsduname:Darwin 14.3.0 Darwin Kernel Version 14.3.0: Mon Mar 23 11:59:05 PDT 2015; root:xnu-2782.20.48~5/RELEASE_X86_64 x86_64
rlimit: STACK 8192k, CORE 0k, NPROC 709, NOFILE 10240, AS infinity
load average:1.32 1.43 1.72

CPU:total 4 (2 cores per cpu, 2 threads per core) family 6 model 69 stepping 1, cmov, cx8, fxsr, mmx, sse, sse2, sse3, ssse3, sse4.1, sse4.2, popcnt, avx, avx2, aes, clmul, erms, lzcnt, ht, tsc, tscinvbit, bmi1, bmi2

Memory: 4k page, physical 8388608k(2539432k free)

/proc/meminfo:


vm_info: Java HotSpot(TM) 64-Bit Server VM (25.45-b02) for bsd-amd64 JRE (1.8.0_45-b14), built on Apr 10 2015 10:46:38 by "java_re" with gcc 4.2.1 (Based on Apple Inc. build 5658) (LLVM build 2336.11.00)

time: Tue May 19 23:25:06 2015
elapsed time: 19 seconds (0d 0h 0m 19s)

