#
# A fatal error has been detected by the Java Runtime Environment:
#
#  SIGSEGV (0xb) at pc=0x00007fff8da150e9, pid=496, tid=1811
#
# JRE version: Java(TM) SE Runtime Environment (8.0_45-b14) (build 1.8.0_45-b14)
# Java VM: Java HotSpot(TM) 64-Bit Server VM (25.45-b02 mixed mode bsd-amd64 compressed oops)
# Problematic frame:
# C  [libobjc.A.dylib+0x10e9]  objc_msgSend+0x29
#
# Failed to write core dump. Core dumps have been disabled. To enable core dumping, try "ulimit -c unlimited" before starting Java again
#
# If you would like to submit a bug report, please visit:
#   http://bugreport.java.com/bugreport/crash.jsp
# The crash happened outside the Java Virtual Machine in native code.
# See problematic frame for where to report the bug.
#

---------------  T H R E A D  ---------------

Current thread (0x00007fd9ca872000):  JavaThread "AppKit Thread" daemon [_thread_in_native, id=1811, stack(0x00007fff506d0000,0x00007fff50ed0000)]

siginfo: si_signo: 11 (SIGSEGV), si_code: 1 (SEGV_MAPERR), si_addr: 0x00000128000009a0

Registers:
RAX=0x00007fd9c9f55420, RBX=0x00007fff50ecbaf8, RCX=0x0000000000000000, RDX=0x00007fd9c9f02f20
RSP=0x00007fff50ecb918, RBP=0x00007fff50ecb920, RSI=0x00007fff97658423, RDI=0x00007fd9c9f55420
R8 =0x00007fff50ecb900, R9 =0x0000000000000055, R10=0x00000128000009a0, R11=0x0000000110aa0250
R12=0x00007fd9c9d00770, R13=0x00000000000f42ed, R14=0x00007fd9c9d79450, R15=0x00007fff50ecba58
RIP=0x00007fff8da150e9, EFLAGS=0x0000000000010206, ERR=0x0000000000000004
  TRAPNO=0x000000000000000e

Top of Stack: (sp=0x00007fff50ecb918)
0x00007fff50ecb918:   00007fff90c7945c 00007fff50ecbc80
0x00007fff50ecb928:   00007fff90b69634 00007fff50ecb9ac
0x00007fff50ecb938:   00007fff50ecb9b0 00007fff50ecb9b4
0x00007fff50ecb948:   00007fff79859e00 ffffffffffffffff
0x00007fff50ecb958:   00000000000007f8 00007fff79859e18
0x00007fff50ecb968:   00007fd9c9d79450 0000000000000000
0x00007fff50ecb978:   00007fff50ecba50 0000000000000000
0x00007fff50ecb988:   00007fd9c9f02750 00007fff50ecbad0
0x00007fff50ecb998:   0000000000000055 00000000000f42ef
0x00007fff50ecb9a8:   00007fd9c9f02f20 00007fd9c9f10020
0x00007fff50ecb9b8:   00007fd9c9d00770 0000000000000001
0x00007fff50ecb9c8:   00000000000f42ed 00007fd9c9d00760
0x00007fff50ecb9d8:   00007fff8dd85c05 00000001c9d61780
0x00007fff50ecb9e8:   00007fff79bc20d0 0000000042000000
0x00007fff50ecb9f8:   00007fff8dd8ce63 00007fff79824240
0x00007fff50ecba08:   00007fff50ecbad8 00007fff50ecba30
0x00007fff50ecba18:   00007fff50ecba50 0000000000000000
0x00007fff50ecba28:   000000000000000a 0004b60300000001
0x00007fff50ecba38:   00007fd9c9d00794 0000000000000000
0x00007fff50ecba48:   0000000000000000 00007fd9c9f027d0
0x00007fff50ecba58:   00007fd9c9d79450 0000002000000000
0x00007fff50ecba68:   0000000000000000 00007fff79bc20d0
0x00007fff50ecba78:   0000000042000000 00007fff8dd8c4f8
0x00007fff50ecba88:   00007fff79824350 00007fff50ecb9e8
0x00007fff50ecba98:   0000000000000000 00007fff50ecbb68
0x00007fff50ecbaa8:   00007fff7ac95ea0 00007fff50ecbba0
0x00007fff50ecbab8:   00007fff88b10edc 00007fff50ecbb50
0x00007fff50ecbac8:   00007fff96d8c5fd 0000000000000051
0x00007fff50ecbad8:   0000000000000000 00000000000f42e2
0x00007fff50ecbae8:   0000000000000053 0000000000000000
0x00007fff50ecbaf8:   00000000000f42ed 00007fff50ecbb74
0x00007fff50ecbb08:   00000000003e8c01 00000000ffffffff 

Instructions: (pc=0x00007fff8da150e9)
0x00007fff8da150c9:   01 2e 75 7e 49 bb f8 ff ff ff ff 7f 00 00 4c 23
0x00007fff8da150d9:   1f 49 89 f2 45 23 53 18 49 c1 e2 04 4d 03 53 10
0x00007fff8da150e9:   49 3b 32 75 04 41 ff 62 08 49 83 3a 00 74 6a 4d
0x00007fff8da150f9:   3b 53 10 74 0d 49 83 ea 10 49 3b 32 75 eb 41 ff 

Register to memory mapping:

RAX=0x00007fd9c9f55420 is an unknown value
RBX=0x00007fff50ecbaf8 is pointing into the stack for thread: 0x00007fd9ca872000
RCX=0x0000000000000000 is an unknown value
RDX=0x00007fd9c9f02f20 is an unknown value
RSP=0x00007fff50ecb918 is pointing into the stack for thread: 0x00007fd9ca872000
RBP=0x00007fff50ecb920 is pointing into the stack for thread: 0x00007fd9ca872000
RSI=0x00007fff97658423: -[NSTitlebarContainerView transparent]+0x5e307 in /System/Library/Frameworks/AppKit.framework/Versions/C/AppKit at 0x00007fff96c57000
RDI=0x00007fd9c9f55420 is an unknown value
R8 =0x00007fff50ecb900 is pointing into the stack for thread: 0x00007fd9ca872000
R9 =0x0000000000000055 is an unknown value
R10=0x00000128000009a0 is an unknown value
R11=0x0000000110aa0250 is at entry_point+-432 in (nmethod*)0x0000000110aa0250
R12=0x00007fd9c9d00770 is an unknown value
R13=0x00000000000f42ed is an unknown value
R14=0x00007fd9c9d79450 is an unknown value
R15=0x00007fff50ecba58 is pointing into the stack for thread: 0x00007fd9ca872000


Stack: [0x00007fff506d0000,0x00007fff50ed0000],  sp=0x00007fff50ecb918,  free space=8174k
Native frames: (J=compiled Java code, j=interpreted, Vv=VM code, C=native code)
C  [libobjc.A.dylib+0x10e9]  objc_msgSend+0x29
C  [CoreFoundation+0x10634]  _CFXNotificationPost+0xc44
C  [Foundation+0x79d1]  -[NSNotificationCenter postNotificationName:object:userInfo:]+0x42
C  [AppKit+0x43ac2]  -[NSSurface _disposeSurface]+0x98
C  [AppKit+0x43526]  -[NSSurface setWindow:]+0x42
C  [AppKit+0x33a10]  -[NSView _setWindow:]+0xa33
C  [AppKit+0x6b091]  -[NSView removeFromSuperview]+0x1c5
C  [AppKit+0x14bea9]  -[NSView removeFromSuperviewWithoutNeedingDisplay]+0x26
C  [liblwjgl.dylib+0x9c3e]  +[MacOSXKeyableWindow destroyWindow]+0xde
C  [Foundation+0x92d00]  __NSThreadPerformPerform+0x125
C  [CoreFoundation+0x80a01]  __CFRUNLOOP_IS_CALLING_OUT_TO_A_SOURCE0_PERFORM_FUNCTION__+0x11
C  [CoreFoundation+0x72b8d]  __CFRunLoopDoSources0+0x10d
C  [CoreFoundation+0x721bf]  __CFRunLoopRun+0x39f
C  [CoreFoundation+0x71bd8]  CFRunLoopRunSpecific+0x128
C  [HIToolbox+0x3256f]  RunCurrentEventLoopInMode+0xeb
C  [HIToolbox+0x322ea]  ReceiveNextEventCommon+0x1af
C  [HIToolbox+0x3212b]  _BlockUntilNextEventMatchingListInModeWithFilter+0x47
C  [AppKit+0x919bb]  _DPSNextEvent+0x3d2
C  [AppKit+0x90f68]  -[NSApplication nextEventMatchingMask:untilDate:inMode:dequeue:]+0x15a
C  [libosxapp.dylib+0x242a]  -[NSApplicationAWT nextEventMatchingMask:untilDate:inMode:dequeue:]+0x7c
C  [AppKit+0x86bf3]  -[NSApplication run]+0x252
C  [libosxapp.dylib+0x223e]  +[NSApplicationAWT runAWTLoopWithApp:]+0x9c
C  [libawt_lwawt.dylib+0x4462b]  -[AWTStarter starter:]+0x389
C  [Foundation+0x92d00]  __NSThreadPerformPerform+0x125
C  [CoreFoundation+0x80a01]  __CFRUNLOOP_IS_CALLING_OUT_TO_A_SOURCE0_PERFORM_FUNCTION__+0x11
C  [CoreFoundation+0x72b8d]  __CFRunLoopDoSources0+0x10d
C  [CoreFoundation+0x721bf]  __CFRunLoopRun+0x39f
C  [CoreFoundation+0x71bd8]  CFRunLoopRunSpecific+0x128
C  [java+0x6490]  CreateExecutionEnvironment+0x367
C  [java+0x221c]  JLI_Launch+0x7a0
C  [java+0x84ed]  main+0x65
C  [java+0x1a74]  start+0x34
C  0x0000000000000005


---------------  P R O C E S S  ---------------

Java Threads: ( => current thread )
  0x00007fd9cb800000 JavaThread "AWT-Shutdown" [_thread_blocked, id=28303, stack(0x0000000126828000,0x0000000126928000)]
=>0x00007fd9ca872000 JavaThread "AppKit Thread" daemon [_thread_in_native, id=1811, stack(0x00007fff506d0000,0x00007fff50ed0000)]
  0x00007fd9cb00a000 JavaThread "Service Thread" daemon [_thread_blocked, id=18179, stack(0x00000001284aa000,0x00000001285aa000)]
  0x00007fd9cb009800 JavaThread "C1 CompilerThread2" daemon [_thread_blocked, id=17667, stack(0x00000001283a7000,0x00000001284a7000)]
  0x00007fd9ca83e000 JavaThread "C2 CompilerThread1" daemon [_thread_blocked, id=17155, stack(0x00000001282a4000,0x00000001283a4000)]
  0x00007fd9ca044800 JavaThread "C2 CompilerThread0" daemon [_thread_blocked, id=16643, stack(0x00000001281a1000,0x00000001282a1000)]
  0x00007fd9ca015000 JavaThread "Signal Dispatcher" daemon [_thread_blocked, id=12307, stack(0x000000012809e000,0x000000012819e000)]
  0x00007fd9ca03c800 JavaThread "Finalizer" daemon [_thread_blocked, id=11523, stack(0x000000012668e000,0x000000012678e000)]
  0x00007fd9ca03c000 JavaThread "Reference Handler" daemon [_thread_blocked, id=11011, stack(0x000000012658b000,0x000000012668b000)]
  0x00007fd9ca805800 JavaThread "main" [_thread_in_native, id=4867, stack(0x000000010ee47000,0x000000010ef47000)]

Other Threads:
  0x00007fd9ca039000 VMThread [stack: 0x0000000126488000,0x0000000126588000] [id=10499]
  0x00007fd9ca016000 WatcherThread [stack: 0x00000001285ad000,0x00000001286ad000] [id=18691]

VM state:not at safepoint (normal execution)

VM Mutex/Monitor currently owned by a thread: None

Heap:
 PSYoungGen      total 38400K, used 26149K [0x0000000795580000, 0x0000000798000000, 0x00000007c0000000)
  eden space 33280K, 78% used [0x0000000795580000,0x0000000796f09738,0x0000000797600000)
  from space 5120K, 0% used [0x0000000797b00000,0x0000000797b00000,0x0000000798000000)
  to   space 5120K, 0% used [0x0000000797600000,0x0000000797600000,0x0000000797b00000)
 ParOldGen       total 87552K, used 0K [0x0000000740000000, 0x0000000745580000, 0x0000000795580000)
  object space 87552K, 0% used [0x0000000740000000,0x0000000740000000,0x0000000745580000)
 Metaspace       used 6839K, capacity 6951K, committed 7168K, reserved 1056768K
  class space    used 684K, capacity 758K, committed 768K, reserved 1048576K

Card table byte_map: [0x000000011fb29000,0x000000011ff2a000] byte_map_base: 0x000000011c129000

Marking Bits: (ParMarkBitMap*) 0x00000001100c27a0
 Begin Bits: [0x00000001205e1000, 0x00000001225e1000)
 End Bits:   [0x00000001225e1000, 0x00000001245e1000)

Polling page: 0x000000010ef8c000

CodeCache: size=245760Kb used=3282Kb max_used=3294Kb free=242477Kb
 bounds [0x0000000110769000, 0x0000000110aa9000, 0x000000011f769000]
 total_blobs=1228 nmethods=841 adapters=301
 compilation: enabled

Compilation events (10 events):
Event: 83.183 Thread 0x00007fd9ca044800  837       4       java.lang.ThreadLocal::get (38 bytes)
Event: 83.186 Thread 0x00007fd9ca044800 nmethod 837 0x0000000110aa0c10 code [0x0000000110aa0d80, 0x0000000110aa0ef8]
Event: 83.269 Thread 0x00007fd9ca83e000  838       4       java.lang.AbstractStringBuilder::append (62 bytes)
Event: 83.278 Thread 0x00007fd9ca83e000 nmethod 838 0x0000000110a9eb10 code [0x0000000110a9ec80, 0x0000000110a9f2b8]
Event: 83.868 Thread 0x00007fd9ca044800  839       4       java.nio.DirectByteBuffer::get (16 bytes)
Event: 83.870 Thread 0x00007fd9ca044800 nmethod 839 0x0000000110a98990 code [0x0000000110a98ae0, 0x0000000110a98b98]
Event: 84.305 Thread 0x00007fd9cb009800  840       3       java.io.UnixFileSystem::getBooleanAttributes (49 bytes)
Event: 84.305 Thread 0x00007fd9cb009800 nmethod 840 0x0000000110aa0250 code [0x0000000110aa0400, 0x0000000110aa0988]
Event: 84.306 Thread 0x00007fd9ca83e000  842       4       java.nio.DirectByteBuffer::put (18 bytes)
Event: 84.306 Thread 0x00007fd9ca83e000 nmethod 842 0x0000000110aa1690 code [0x0000000110aa17e0, 0x0000000110aa1898]

GC Heap History (0 events):
No events

Deoptimization events (1 events):
Event: 0.316 Thread 0x00007fd9ca872000 Uncommon trap: reason=unstable_if action=reinterpret pc=0x00000001108ac700 method=java.lang.String.indexOf(II)I @ 49

Internal exceptions (10 events):
Event: 0.154 Thread 0x00007fd9ca805800 Exception <a 'java/security/PrivilegedActionException'> (0x0000000795851b60) thrown at [/Users/java_re/workspace/8-2-build-macosx-x86_64/jdk8u45/3457/hotspot/src/share/vm/prims/jvm.cpp, line 1382]
Event: 0.154 Thread 0x00007fd9ca805800 Exception <a 'java/security/PrivilegedActionException'> (0x0000000795851d18) thrown at [/Users/java_re/workspace/8-2-build-macosx-x86_64/jdk8u45/3457/hotspot/src/share/vm/prims/jvm.cpp, line 1382]
Event: 0.155 Thread 0x00007fd9ca805800 Exception <a 'java/security/PrivilegedActionException'> (0x0000000795855098) thrown at [/Users/java_re/workspace/8-2-build-macosx-x86_64/jdk8u45/3457/hotspot/src/share/vm/prims/jvm.cpp, line 1382]
Event: 0.155 Thread 0x00007fd9ca805800 Exception <a 'java/security/PrivilegedActionException'> (0x0000000795855250) thrown at [/Users/java_re/workspace/8-2-build-macosx-x86_64/jdk8u45/3457/hotspot/src/share/vm/prims/jvm.cpp, line 1382]
Event: 0.287 Thread 0x00007fd9ca805800 Exception <a 'java/io/FileNotFoundException'> (0x000000079585cdf8) thrown at [/Users/java_re/workspace/8-2-build-macosx-x86_64/jdk8u45/3457/hotspot/src/share/vm/prims/jni.cpp, line 709]
Event: 0.287 Thread 0x00007fd9ca805800 Exception <a 'java/io/FileNotFoundException'> (0x000000079585d940) thrown at [/Users/java_re/workspace/8-2-build-macosx-x86_64/jdk8u45/3457/hotspot/src/share/vm/prims/jni.cpp, line 709]
Event: 0.298 Thread 0x00007fd9ca805800 Exception <a 'java/lang/UnsatisfiedLinkError'> (0x000000079586df70) thrown at [/Users/java_re/workspace/8-2-build-macosx-x86_64/jdk8u45/3457/hotspot/src/share/vm/prims/jvm.cpp, line 1386]
Event: 0.356 Thread 0x00007fd9ca872000 Exception <a 'java/lang/NoSuchFieldError': method resolution failed> (0x0000000795a386b0) thrown at [/Users/java_re/workspace/8-2-build-macosx-x86_64/jdk8u45/3457/hotspot/src/share/vm/prims/methodHandles.cpp, line 1125]
Event: 0.360 Thread 0x00007fd9ca872000 Exception <a 'java/lang/NoSuchFieldError': method resolution failed> (0x0000000795a46d50) thrown at [/Users/java_re/workspace/8-2-build-macosx-x86_64/jdk8u45/3457/hotspot/src/share/vm/prims/methodHandles.cpp, line 1125]
Event: 0.586 Thread 0x00007fd9ca805800 Exception <a 'java/lang/NoClassDefFoundError': net/java/games/input/ControllerEnvironment> (0x0000000795e255e8) thrown at [/Users/java_re/workspace/8-2-build-macosx-x86_64/jdk8u45/3457/hotspot/src/share/vm/classfile/systemDictionary.cpp, line 199]

Events (10 events):
Event: 75.239 Executing VM operation: RevokeBias
Event: 75.239 Executing VM operation: RevokeBias done
Event: 75.239 Thread 0x00007fd9ca8db800 Thread exited: 0x00007fd9ca8db800
Event: 75.781 Thread 0x00007fd9cb800000 Thread added: 0x00007fd9cb800000
Event: 77.718 Executing VM operation: RevokeBias
Event: 77.718 Executing VM operation: RevokeBias done
Event: 77.718 Thread 0x00007fd9cb800000 Thread exited: 0x00007fd9cb800000
Event: 78.318 Thread 0x00007fd9cb800000 Thread added: 0x00007fd9cb800000
Event: 84.305 loading class org/lwjgl/opengl/CallbackUtil
Event: 84.305 loading class org/lwjgl/opengl/CallbackUtil done


Dynamic libraries:
0x0000000008aeb000 	/System/Library/Frameworks/Cocoa.framework/Versions/A/Cocoa
0x0000000008aeb000 	/System/Library/Frameworks/Security.framework/Versions/A/Security
0x0000000008aeb000 	/System/Library/Frameworks/ApplicationServices.framework/Versions/A/ApplicationServices
0x0000000008aeb000 	/usr/lib/libz.1.dylib
0x0000000008aeb000 	/usr/lib/libSystem.B.dylib
0x0000000008aeb000 	/usr/lib/libobjc.A.dylib
0x0000000008aeb000 	/System/Library/Frameworks/CoreFoundation.framework/Versions/A/CoreFoundation
0x0000000008aeb000 	/System/Library/Frameworks/Foundation.framework/Versions/C/Foundation
0x0000000008aeb000 	/System/Library/Frameworks/AppKit.framework/Versions/C/AppKit
0x0000000008aeb000 	/System/Library/Frameworks/CoreData.framework/Versions/A/CoreData
0x0000000008aeb000 	/System/Library/PrivateFrameworks/RemoteViewServices.framework/Versions/A/RemoteViewServices
0x0000000008aeb000 	/System/Library/PrivateFrameworks/UIFoundation.framework/Versions/A/UIFoundation
0x0000000008aeb000 	/System/Library/Frameworks/IOSurface.framework/Versions/A/IOSurface
0x0000000008aeb000 	/System/Library/Frameworks/AudioToolbox.framework/Versions/A/AudioToolbox
0x0000000008aeb000 	/System/Library/Frameworks/AudioUnit.framework/Versions/A/AudioUnit
0x0000000008aeb000 	/System/Library/PrivateFrameworks/DataDetectorsCore.framework/Versions/A/DataDetectorsCore
0x0000000008aeb000 	/System/Library/PrivateFrameworks/DesktopServicesPriv.framework/Versions/A/DesktopServicesPriv
0x0000000008aeb000 	/System/Library/Frameworks/Carbon.framework/Versions/A/Frameworks/HIToolbox.framework/Versions/A/HIToolbox
0x0000000008aeb000 	/System/Library/Frameworks/QuartzCore.framework/Versions/A/QuartzCore
0x0000000008aeb000 	/System/Library/Frameworks/Carbon.framework/Versions/A/Frameworks/SpeechRecognition.framework/Versions/A/SpeechRecognition
0x0000000008aeb000 	/usr/lib/libauto.dylib
0x0000000008aeb000 	/usr/lib/libicucore.A.dylib
0x0000000008aeb000 	/usr/lib/libxml2.2.dylib
0x0000000008aeb000 	/System/Library/PrivateFrameworks/CoreUI.framework/Versions/A/CoreUI
0x0000000008aeb000 	/System/Library/Frameworks/CoreAudio.framework/Versions/A/CoreAudio
0x0000000008aeb000 	/System/Library/Frameworks/DiskArbitration.framework/Versions/A/DiskArbitration
0x0000000008aeb000 	/usr/lib/liblangid.dylib
0x0000000008aeb000 	/System/Library/PrivateFrameworks/MultitouchSupport.framework/Versions/A/MultitouchSupport
0x0000000008aeb000 	/System/Library/Frameworks/IOKit.framework/Versions/A/IOKit
0x0000000008aeb000 	/usr/lib/libDiagnosticMessagesClient.dylib
0x0000000008aeb000 	/System/Library/Frameworks/CoreServices.framework/Versions/A/CoreServices
0x0000000008aeb000 	/System/Library/PrivateFrameworks/PerformanceAnalysis.framework/Versions/A/PerformanceAnalysis
0x0000000008aeb000 	/System/Library/PrivateFrameworks/GenerationalStorage.framework/Versions/A/GenerationalStorage
0x0000000008aeb000 	/System/Library/Frameworks/OpenGL.framework/Versions/A/OpenGL
0x0000000008aeb000 	/System/Library/PrivateFrameworks/Sharing.framework/Versions/A/Sharing
0x0000000008aeb000 	/System/Library/Frameworks/CoreGraphics.framework/Versions/A/CoreGraphics
0x0000000008aeb000 	/System/Library/Frameworks/CoreText.framework/Versions/A/CoreText
0x0000000008aeb000 	/System/Library/Frameworks/ImageIO.framework/Versions/A/ImageIO
0x0000000008aeb000 	/usr/lib/libextension.dylib
0x0000000008aeb000 	/System/Library/PrivateFrameworks/Backup.framework/Versions/A/Backup
0x0000000008aeb000 	/usr/lib/libarchive.2.dylib
0x0000000008aeb000 	/System/Library/Frameworks/CFNetwork.framework/Versions/A/CFNetwork
0x0000000008aeb000 	/System/Library/Frameworks/SystemConfiguration.framework/Versions/A/SystemConfiguration
0x0000000008aeb000 	/usr/lib/libCRFSuite.dylib
0x0000000008aeb000 	/usr/lib/libc++.1.dylib
0x0000000008aeb000 	/usr/lib/libc++abi.dylib
0x0000000008aeb000 	/usr/lib/system/libcache.dylib
0x0000000008aeb000 	/usr/lib/system/libcommonCrypto.dylib
0x0000000008aeb000 	/usr/lib/system/libcompiler_rt.dylib
0x0000000008aeb000 	/usr/lib/system/libcopyfile.dylib
0x0000000008aeb000 	/usr/lib/system/libcorecrypto.dylib
0x0000000008aeb000 	/usr/lib/system/libdispatch.dylib
0x0000000008aeb000 	/usr/lib/system/libdyld.dylib
0x0000000008aeb000 	/usr/lib/system/libkeymgr.dylib
0x0000000008aeb000 	/usr/lib/system/liblaunch.dylib
0x0000000008aeb000 	/usr/lib/system/libmacho.dylib
0x0000000008aeb000 	/usr/lib/system/libquarantine.dylib
0x0000000008aeb000 	/usr/lib/system/libremovefile.dylib
0x0000000008aeb000 	/usr/lib/system/libsystem_asl.dylib
0x0000000008aeb000 	/usr/lib/system/libsystem_blocks.dylib
0x0000000008aeb000 	/usr/lib/system/libsystem_c.dylib
0x0000000008aeb000 	/usr/lib/system/libsystem_configuration.dylib
0x0000000008aeb000 	/usr/lib/system/libsystem_coreservices.dylib
0x0000000008aeb000 	/usr/lib/system/libsystem_coretls.dylib
0x0000000008aeb000 	/usr/lib/system/libsystem_dnssd.dylib
0x0000000008aeb000 	/usr/lib/system/libsystem_info.dylib
0x0000000008aeb000 	/usr/lib/system/libsystem_kernel.dylib
0x0000000008aeb000 	/usr/lib/system/libsystem_m.dylib
0x0000000008aeb000 	/usr/lib/system/libsystem_malloc.dylib
0x0000000008aeb000 	/usr/lib/system/libsystem_network.dylib
0x0000000008aeb000 	/usr/lib/system/libsystem_networkextension.dylib
0x0000000008aeb000 	/usr/lib/system/libsystem_notify.dylib
0x0000000008aeb000 	/usr/lib/system/libsystem_platform.dylib
0x0000000008aeb000 	/usr/lib/system/libsystem_pthread.dylib
0x0000000008aeb000 	/usr/lib/system/libsystem_sandbox.dylib
0x0000000008aeb000 	/usr/lib/system/libsystem_secinit.dylib
0x0000000008aeb000 	/usr/lib/system/libsystem_stats.dylib
0x0000000008aeb000 	/usr/lib/system/libsystem_trace.dylib
0x0000000008aeb000 	/usr/lib/system/libunc.dylib
0x0000000008aeb000 	/usr/lib/system/libunwind.dylib
0x0000000008aeb000 	/usr/lib/system/libxpc.dylib
0x0000000008aeb000 	/usr/lib/libbz2.1.0.dylib
0x0000000008aeb000 	/usr/lib/liblzma.5.dylib
0x0000000008aeb000 	/usr/lib/libbsm.0.dylib
0x0000000008aeb000 	/usr/lib/libsqlite3.dylib
0x0000000008aeb000 	/usr/lib/system/libkxld.dylib
0x0000000008aeb000 	/usr/lib/libxar.1.dylib
0x0000000008aeb000 	/usr/lib/libpam.2.dylib
0x0000000008aeb000 	/usr/lib/libOpenScriptingUtil.dylib
0x0000000008aeb000 	/System/Library/Frameworks/CoreServices.framework/Versions/A/Frameworks/FSEvents.framework/Versions/A/FSEvents
0x0000000008aeb000 	/System/Library/Frameworks/CoreServices.framework/Versions/A/Frameworks/CarbonCore.framework/Versions/A/CarbonCore
0x0000000008aeb000 	/System/Library/Frameworks/CoreServices.framework/Versions/A/Frameworks/Metadata.framework/Versions/A/Metadata
0x0000000008aeb000 	/System/Library/Frameworks/CoreServices.framework/Versions/A/Frameworks/OSServices.framework/Versions/A/OSServices
0x0000000008aeb000 	/System/Library/Frameworks/CoreServices.framework/Versions/A/Frameworks/SearchKit.framework/Versions/A/SearchKit
0x0000000008aeb000 	/System/Library/Frameworks/CoreServices.framework/Versions/A/Frameworks/AE.framework/Versions/A/AE
0x0000000008aeb000 	/System/Library/Frameworks/CoreServices.framework/Versions/A/Frameworks/LaunchServices.framework/Versions/A/LaunchServices
0x0000000008aeb000 	/System/Library/Frameworks/CoreServices.framework/Versions/A/Frameworks/DictionaryServices.framework/Versions/A/DictionaryServices
0x0000000008aeb000 	/System/Library/Frameworks/NetFS.framework/Versions/A/NetFS
0x0000000008aeb000 	/System/Library/PrivateFrameworks/NetAuth.framework/Versions/A/NetAuth
0x0000000008aeb000 	/System/Library/PrivateFrameworks/login.framework/Versions/A/Frameworks/loginsupport.framework/Versions/A/loginsupport
0x0000000008aeb000 	/System/Library/PrivateFrameworks/TCC.framework/Versions/A/TCC
0x0000000008aeb000 	/usr/lib/libmecabra.dylib
0x0000000008aeb000 	/System/Library/Frameworks/ApplicationServices.framework/Versions/A/Frameworks/ATS.framework/Versions/A/ATS
0x0000000008aeb000 	/System/Library/Frameworks/ApplicationServices.framework/Versions/A/Frameworks/ColorSync.framework/Versions/A/ColorSync
0x0000000008aeb000 	/System/Library/Frameworks/ApplicationServices.framework/Versions/A/Frameworks/HIServices.framework/Versions/A/HIServices
0x0000000008aeb000 	/System/Library/Frameworks/ApplicationServices.framework/Versions/A/Frameworks/LangAnalysis.framework/Versions/A/LangAnalysis
0x0000000008aeb000 	/System/Library/Frameworks/ApplicationServices.framework/Versions/A/Frameworks/PrintCore.framework/Versions/A/PrintCore
0x0000000008aeb000 	/System/Library/Frameworks/ApplicationServices.framework/Versions/A/Frameworks/QD.framework/Versions/A/QD
0x0000000008aeb000 	/System/Library/Frameworks/ApplicationServices.framework/Versions/A/Frameworks/SpeechSynthesis.framework/Versions/A/SpeechSynthesis
0x0000000008aeb000 	/System/Library/Frameworks/Accelerate.framework/Versions/A/Accelerate
0x0000000008aeb000 	/System/Library/Frameworks/Accelerate.framework/Versions/A/Frameworks/vImage.framework/Versions/A/vImage
0x0000000008aeb000 	/System/Library/Frameworks/Accelerate.framework/Versions/A/Frameworks/vecLib.framework/Versions/A/vecLib
0x0000000008aeb000 	/System/Library/Frameworks/Accelerate.framework/Versions/A/Frameworks/vecLib.framework/Versions/A/libvDSP.dylib
0x0000000008aeb000 	/System/Library/Frameworks/Accelerate.framework/Versions/A/Frameworks/vecLib.framework/Versions/A/libvMisc.dylib
0x0000000008aeb000 	/System/Library/Frameworks/Accelerate.framework/Versions/A/Frameworks/vecLib.framework/Versions/A/libLAPACK.dylib
0x0000000008aeb000 	/System/Library/Frameworks/Accelerate.framework/Versions/A/Frameworks/vecLib.framework/Versions/A/libBLAS.dylib
0x0000000008aeb000 	/System/Library/Frameworks/Accelerate.framework/Versions/A/Frameworks/vecLib.framework/Versions/A/libLinearAlgebra.dylib
0x0000000008aeb000 	/System/Library/Frameworks/ApplicationServices.framework/Versions/A/Frameworks/ATS.framework/Versions/A/Resources/libFontParser.dylib
0x0000000008aeb000 	/System/Library/Frameworks/ApplicationServices.framework/Versions/A/Frameworks/ATS.framework/Versions/A/Resources/libFontRegistry.dylib
0x0000000008aeb000 	/System/Library/PrivateFrameworks/AppleVPA.framework/Versions/A/AppleVPA
0x0000000008aeb000 	/System/Library/PrivateFrameworks/AppleJPEG.framework/Versions/A/AppleJPEG
0x0000000008aeb000 	/System/Library/Frameworks/ImageIO.framework/Versions/A/Resources/libJPEG.dylib
0x0000000008aeb000 	/System/Library/Frameworks/ImageIO.framework/Versions/A/Resources/libTIFF.dylib
0x0000000008aeb000 	/System/Library/Frameworks/ImageIO.framework/Versions/A/Resources/libPng.dylib
0x0000000008aeb000 	/System/Library/Frameworks/ImageIO.framework/Versions/A/Resources/libGIF.dylib
0x0000000008aeb000 	/System/Library/Frameworks/ImageIO.framework/Versions/A/Resources/libJP2.dylib
0x0000000008aeb000 	/System/Library/Frameworks/ImageIO.framework/Versions/A/Resources/libRadiance.dylib
0x0000000008aeb000 	/System/Library/Frameworks/CoreVideo.framework/Versions/A/CoreVideo
0x0000000008aeb000 	/System/Library/Frameworks/OpenGL.framework/Versions/A/Libraries/libGLU.dylib
0x0000000008aeb000 	/System/Library/Frameworks/OpenGL.framework/Versions/A/Libraries/libGFXShared.dylib
0x0000000008aeb000 	/System/Library/Frameworks/OpenGL.framework/Versions/A/Libraries/libGL.dylib
0x0000000008aeb000 	/System/Library/Frameworks/OpenGL.framework/Versions/A/Libraries/libGLImage.dylib
0x0000000008aeb000 	/System/Library/Frameworks/OpenGL.framework/Versions/A/Libraries/libCVMSPluginSupport.dylib
0x0000000008aeb000 	/System/Library/Frameworks/OpenGL.framework/Versions/A/Libraries/libCoreVMClient.dylib
0x0000000008aeb000 	/usr/lib/libcups.2.dylib
0x0000000008aeb000 	/System/Library/Frameworks/Kerberos.framework/Versions/A/Kerberos
0x0000000008aeb000 	/System/Library/Frameworks/GSS.framework/Versions/A/GSS
0x0000000008aeb000 	/usr/lib/libresolv.9.dylib
0x0000000008aeb000 	/usr/lib/libiconv.2.dylib
0x0000000008aeb000 	/System/Library/PrivateFrameworks/Heimdal.framework/Versions/A/Heimdal
0x0000000008aeb000 	/usr/lib/libheimdal-asn1.dylib
0x0000000008aeb000 	/System/Library/Frameworks/OpenDirectory.framework/Versions/A/OpenDirectory
0x0000000008aeb000 	/System/Library/PrivateFrameworks/CommonAuth.framework/Versions/A/CommonAuth
0x0000000008aeb000 	/System/Library/Frameworks/OpenDirectory.framework/Versions/A/Frameworks/CFOpenDirectory.framework/Versions/A/CFOpenDirectory
0x0000000008aeb000 	/System/Library/Frameworks/SecurityFoundation.framework/Versions/A/SecurityFoundation
0x0000000008aeb000 	/System/Library/PrivateFrameworks/LanguageModeling.framework/Versions/A/LanguageModeling
0x0000000008aeb000 	/usr/lib/libcmph.dylib
0x0000000008aeb000 	/System/Library/Frameworks/ServiceManagement.framework/Versions/A/ServiceManagement
0x0000000008aeb000 	/usr/lib/libxslt.1.dylib
0x0000000008aeb000 	/System/Library/Frameworks/Carbon.framework/Versions/A/Frameworks/Ink.framework/Versions/A/Ink
0x0000000008aeb000 	/System/Library/Frameworks/QuartzCore.framework/Versions/A/Frameworks/CoreImage.framework/Versions/A/CoreImage
0x0000000008aeb000 	/System/Library/PrivateFrameworks/CrashReporterSupport.framework/Versions/A/CrashReporterSupport
0x0000000008aeb000 	/System/Library/Frameworks/OpenCL.framework/Versions/A/OpenCL
0x0000000008aeb000 	/System/Library/PrivateFrameworks/FaceCore.framework/Versions/A/FaceCore
0x0000000008aeb000 	/System/Library/PrivateFrameworks/Ubiquity.framework/Versions/A/Ubiquity
0x0000000008aeb000 	/System/Library/PrivateFrameworks/IconServices.framework/Versions/A/IconServices
0x0000000008aeb000 	/System/Library/PrivateFrameworks/ChunkingLibrary.framework/Versions/A/ChunkingLibrary
0x0000000008aeb000 	/System/Library/PrivateFrameworks/Apple80211.framework/Versions/A/Apple80211
0x0000000008aeb000 	/System/Library/Frameworks/CoreWLAN.framework/Versions/A/CoreWLAN
0x0000000008aeb000 	/System/Library/Frameworks/IOBluetooth.framework/Versions/A/IOBluetooth
0x0000000008aeb000 	/System/Library/PrivateFrameworks/CoreWiFi.framework/Versions/A/CoreWiFi
0x0000000008aeb000 	/System/Library/Frameworks/CoreBluetooth.framework/Versions/A/CoreBluetooth
0x0000000008aeb000 	/System/Library/PrivateFrameworks/DebugSymbols.framework/Versions/A/DebugSymbols
0x0000000008aeb000 	/System/Library/PrivateFrameworks/CoreSymbolication.framework/Versions/A/CoreSymbolication
0x0000000008aeb000 	/System/Library/PrivateFrameworks/Symbolication.framework/Versions/A/Symbolication
0x0000000008aeb000 	/System/Library/PrivateFrameworks/SpeechRecognitionCore.framework/Versions/A/SpeechRecognitionCore
0x000000010f800000 	/Library/Java/JavaVirtualMachines/jdk1.8.0_45.jdk/Contents/Home/jre/lib/server/libjvm.dylib
0x0000000008aeb000 	/usr/lib/libstdc++.6.dylib
0x000000010ef49000 	/Library/Java/JavaVirtualMachines/jdk1.8.0_45.jdk/Contents/Home/jre/lib/libverify.dylib
0x000000010ef57000 	/Library/Java/JavaVirtualMachines/jdk1.8.0_45.jdk/Contents/Home/jre/lib/libjava.dylib
0x000000010ef96000 	/Library/Java/JavaVirtualMachines/jdk1.8.0_45.jdk/Contents/Home/jre/lib/libzip.dylib
0x0000000126790000 	/System/Library/Frameworks/JavaVM.framework/Frameworks/JavaRuntimeSupport.framework/JavaRuntimeSupport
0x00000001267a6000 	/System/Library/Frameworks/JavaVM.framework/Versions/A/Frameworks/JavaNativeFoundation.framework/Versions/A/JavaNativeFoundation
0x000000010eff0000 	/System/Library/Frameworks/JavaVM.framework/Versions/A/JavaVM
0x0000000008aeb000 	/System/Library/Frameworks/Carbon.framework/Versions/A/Carbon
0x00000001267ba000 	/System/Library/PrivateFrameworks/JavaLaunching.framework/Versions/A/JavaLaunching
0x0000000008aeb000 	/System/Library/Frameworks/Carbon.framework/Versions/A/Frameworks/CommonPanels.framework/Versions/A/CommonPanels
0x0000000008aeb000 	/System/Library/Frameworks/Carbon.framework/Versions/A/Frameworks/Help.framework/Versions/A/Help
0x0000000008aeb000 	/System/Library/Frameworks/Carbon.framework/Versions/A/Frameworks/ImageCapture.framework/Versions/A/ImageCapture
0x0000000008aeb000 	/System/Library/Frameworks/Carbon.framework/Versions/A/Frameworks/OpenScripting.framework/Versions/A/OpenScripting
0x0000000008aeb000 	/System/Library/Frameworks/Carbon.framework/Versions/A/Frameworks/Print.framework/Versions/A/Print
0x0000000008aeb000 	/System/Library/Frameworks/Carbon.framework/Versions/A/Frameworks/SecurityHI.framework/Versions/A/SecurityHI
0x00000001286cf000 	/Library/Java/JavaVirtualMachines/jdk1.8.0_45.jdk/Contents/Home/jre/lib/libawt.dylib
0x0000000128777000 	/Library/Java/JavaVirtualMachines/jdk1.8.0_45.jdk/Contents/Home/jre/lib/./libmlib_image.dylib
0x0000000128843000 	/Library/Java/JavaVirtualMachines/jdk1.8.0_45.jdk/Contents/Home/jre/lib/libawt_lwawt.dylib
0x00000001288f7000 	/Library/Java/JavaVirtualMachines/jdk1.8.0_45.jdk/Contents/Home/jre/lib/./libosxapp.dylib
0x0000000008aeb000 	/System/Library/Frameworks/ExceptionHandling.framework/Versions/A/ExceptionHandling
0x0000000008aeb000 	/System/Library/PrivateFrameworks/CoreServicesInternal.framework/Versions/A/CoreServicesInternal
0x0000000008aeb000 	/System/Library/PrivateFrameworks/CloudDocs.framework/Versions/A/CloudDocs
0x0000000008aeb000 	/System/Library/PrivateFrameworks/CoreDuet.framework/Versions/A/CoreDuet
0x0000000008aeb000 	/System/Library/Frameworks/CloudKit.framework/Versions/A/CloudKit
0x0000000008aeb000 	/System/Library/PrivateFrameworks/ProtocolBuffer.framework/Versions/A/ProtocolBuffer
0x0000000008aeb000 	/System/Library/PrivateFrameworks/CoreDuetDaemonProtocol.framework/Versions/A/CoreDuetDaemonProtocol
0x0000000008aeb000 	/System/Library/PrivateFrameworks/CoreDuetDebugLogging.framework/Versions/A/CoreDuetDebugLogging
0x0000000008aeb000 	/System/Library/PrivateFrameworks/MMCS.framework/Versions/A/MMCS
0x0000000008aeb000 	/System/Library/Frameworks/CoreLocation.framework/Versions/A/CoreLocation
0x0000000008aeb000 	/System/Library/PrivateFrameworks/ProtectedCloudStorage.framework/Versions/A/ProtectedCloudStorage
0x0000000008aeb000 	/System/Library/PrivateFrameworks/GeoServices.framework/Versions/A/GeoServices
0x0000000008aeb000 	/System/Library/Frameworks/CoreGraphics.framework/Versions/A/Resources/libCGCMS.A.dylib
0x0000000008aeb000 	/System/Library/Frameworks/CoreGraphics.framework/Versions/A/Resources/libRIP.A.dylib
0x0000000008aeb000 	/System/Library/Frameworks/CoreGraphics.framework/Versions/A/Resources/libCGXType.A.dylib
0x0000000008aeb000 	/System/Library/Frameworks/OpenCL.framework/Versions/A/Libraries/libcldcpuengine.dylib
0x0000000008aeb000 	/System/Library/PrivateFrameworks/DiskImages.framework/Versions/A/DiskImages
0x0000000008aeb000 	/System/Library/Frameworks/DiscRecording.framework/Versions/A/DiscRecording
0x0000000008aeb000 	/usr/lib/libcsfde.dylib
0x0000000008aeb000 	/usr/lib/libcurl.4.dylib
0x0000000008aeb000 	/System/Library/PrivateFrameworks/MediaKit.framework/Versions/A/MediaKit
0x0000000008aeb000 	/usr/lib/libCoreStorage.dylib
0x0000000008aeb000 	/System/Library/PrivateFrameworks/EFILogin.framework/Versions/A/EFILogin
0x0000000008aeb000 	/usr/lib/libutil.dylib
0x0000000008aeb000 	/System/Library/PrivateFrameworks/FindMyDevice.framework/Versions/A/FindMyDevice
0x0000000008aeb000 	/System/Library/Frameworks/LDAP.framework/Versions/A/LDAP
0x0000000008aeb000 	/usr/lib/libsasl2.2.dylib
0x0000000008aeb000 	/System/Library/PrivateFrameworks/CoreDaemon.framework/Versions/B/CoreDaemon
0x0000000008aeb000 	/usr/lib/libcrypto.0.9.8.dylib
0x0000000008aeb000 	/System/Library/PrivateFrameworks/AppleSRP.framework/Versions/A/AppleSRP
0x0000000008aeb000 	/System/Library/PrivateFrameworks/TrustEvaluationAgent.framework/Versions/A/TrustEvaluationAgent
0x000000012ba38000 	cl_kernels
0x000000012ba3a000 	/System/Library/Frameworks/OpenCL.framework/Versions/A/Libraries/ImageFormats/unorm8_bgra.dylib
0x000000012ba2a000 	cl_kernels
0x0000000008aeb000 	/System/Library/PrivateFrameworks/FamilyControls.framework/Versions/A/FamilyControls
0x0000000008aeb000 	/System/Library/PrivateFrameworks/CommerceKit.framework/Versions/A/Frameworks/CommerceCore.framework/Versions/A/CommerceCore
0x0000000008aeb000 	/System/Library/PrivateFrameworks/SystemAdministration.framework/Versions/A/SystemAdministration
0x0000000008aeb000 	/System/Library/PrivateFrameworks/AppContainer.framework/Versions/A/AppContainer
0x0000000008aeb000 	/System/Library/PrivateFrameworks/SecCodeWrapper.framework/Versions/A/SecCodeWrapper
0x0000000008aeb000 	/System/Library/Frameworks/DirectoryService.framework/Versions/A/DirectoryService
0x0000000008aeb000 	/System/Library/PrivateFrameworks/LoginUIKit.framework/Versions/A/Frameworks/LoginUICore.framework/Versions/A/LoginUICore
0x0000000008aeb000 	/usr/lib/libodfde.dylib
0x000000012cc72000 	/Library/Java/JavaVirtualMachines/jdk1.8.0_45.jdk/Contents/Home/jre/lib/libfontmanager.dylib
0x000000012ccd9000 	/Users/brunogeroto/Documents/workspace/Duality/native/macosx/liblwjgl.dylib
0x000000012ae81000 	/Library/Java/JavaVirtualMachines/jdk1.8.0_45.jdk/Contents/Home/jre/lib/libjawt.dylib
0x0000000008aeb000 	/System/Library/Frameworks/OpenGL.framework/Versions/A/Resources/GLEngine.bundle/GLEngine
0x0000000008aeb000 	/System/Library/Frameworks/OpenGL.framework/Versions/A/Libraries/libGLProgrammability.dylib
0x0000000000000000 	/System/Library/Extensions/AppleIntelHD5000GraphicsGLDriver.bundle/Contents/MacOS/AppleIntelHD5000GraphicsGLDriver
0x0000000008aeb000 	/System/Library/PrivateFrameworks/IOAccelerator.framework/Versions/A/IOAccelerator
0x0000000008aeb000 	/System/Library/PrivateFrameworks/GPUSupport.framework/Versions/A/Libraries/libGPUSupportMercury.dylib
0x0000000008aeb000 	/System/Library/Frameworks/OpenGL.framework/Versions/A/Resources/GLRendererFloat.bundle/GLRendererFloat

VM Arguments:
jvm_args: -Dfile.encoding=UTF-8 
java_command: game.Main
java_class_path (initial): /Users/brunogeroto/Documents/workspace/Duality/bin:/Users/brunogeroto/Documents/workspace/Duality/jar/lwjgl.jar:/Users/brunogeroto/Documents/workspace/Duality/jar/slick.jar
Launcher Type: SUN_STANDARD

Environment Variables:
PATH=/usr/bin:/bin:/usr/sbin:/sbin
SHELL=/bin/bash

Signal Handlers:
SIGSEGV: [libjvm.dylib+0x58ef95], sa_mask[0]=11111111011111110111111111111111, sa_flags=SA_ONSTACK|SA_RESTART|SA_SIGINFO
SIGBUS: [libjvm.dylib+0x58ef95], sa_mask[0]=11111111011111110111111111111111, sa_flags=SA_RESTART|SA_SIGINFO
SIGFPE: [libjvm.dylib+0x46c108], sa_mask[0]=11111111011111110111111111111111, sa_flags=SA_RESTART|SA_SIGINFO
SIGPIPE: [libjvm.dylib+0x46c108], sa_mask[0]=11111111011111110111111111111111, sa_flags=SA_RESTART|SA_SIGINFO
SIGXFSZ: [libjvm.dylib+0x46c108], sa_mask[0]=11111111011111110111111111111111, sa_flags=SA_RESTART|SA_SIGINFO
SIGILL: [libjvm.dylib+0x46c108], sa_mask[0]=11111111011111110111111111111111, sa_flags=SA_RESTART|SA_SIGINFO
SIGUSR1: SIG_DFL, sa_mask[0]=00000000000000000000000000000000, sa_flags=none
SIGUSR2: [libjvm.dylib+0x46bc26], sa_mask[0]=00100000000000000000000000000000, sa_flags=SA_RESTART|SA_SIGINFO
SIGHUP: [libjvm.dylib+0x46a1f9], sa_mask[0]=11111111011111110111111111111111, sa_flags=SA_RESTART|SA_SIGINFO
SIGINT: [libjvm.dylib+0x46a1f9], sa_mask[0]=11111111011111110111111111111111, sa_flags=SA_RESTART|SA_SIGINFO
SIGTERM: [libjvm.dylib+0x46a1f9], sa_mask[0]=11111111011111110111111111111111, sa_flags=SA_RESTART|SA_SIGINFO
SIGQUIT: [libjvm.dylib+0x46a1f9], sa_mask[0]=11111111011111110111111111111111, sa_flags=SA_RESTART|SA_SIGINFO


---------------  S Y S T E M  ---------------

OS:Bsduname:Darwin 14.3.0 Darwin Kernel Version 14.3.0: Mon Mar 23 11:59:05 PDT 2015; root:xnu-2782.20.48~5/RELEASE_X86_64 x86_64
rlimit: STACK 8192k, CORE 0k, NPROC 709, NOFILE 10240, AS infinity
load average:1.36 1.32 1.52

CPU:total 4 (2 cores per cpu, 2 threads per core) family 6 model 69 stepping 1, cmov, cx8, fxsr, mmx, sse, sse2, sse3, ssse3, sse4.1, sse4.2, popcnt, avx, avx2, aes, clmul, erms, lzcnt, ht, tsc, tscinvbit, bmi1, bmi2

Memory: 4k page, physical 8388608k(449736k free)

/proc/meminfo:


vm_info: Java HotSpot(TM) 64-Bit Server VM (25.45-b02) for bsd-amd64 JRE (1.8.0_45-b14), built on Apr 10 2015 10:46:38 by "java_re" with gcc 4.2.1 (Based on Apple Inc. build 5658) (LLVM build 2336.11.00)

time: Wed May 20 19:03:19 2015
elapsed time: 84 seconds (0d 0h 1m 24s)

