#
# A fatal error has been detected by the Java Runtime Environment:
#
#  SIGSEGV (0xb) at pc=0x00007fff8ba6c0dd, pid=478, tid=1811
#
# JRE version: Java(TM) SE Runtime Environment (8.0_45-b14) (build 1.8.0_45-b14)
# Java VM: Java HotSpot(TM) 64-Bit Server VM (25.45-b02 mixed mode bsd-amd64 compressed oops)
# Problematic frame:
# C  [libobjc.A.dylib+0x10dd]  objc_msgSend+0x1d
#
# Failed to write core dump. Core dumps have been disabled. To enable core dumping, try "ulimit -c unlimited" before starting Java again
#
# If you would like to submit a bug report, please visit:
#   http://bugreport.java.com/bugreport/crash.jsp
# The crash happened outside the Java Virtual Machine in native code.
# See problematic frame for where to report the bug.
#

---------------  T H R E A D  ---------------

Current thread (0x00007f94fc8b5800):  JavaThread "AppKit Thread" daemon [_thread_in_native, id=1811, stack(0x00007fff56592000,0x00007fff56d92000)]

siginfo: si_signo: 11 (SIGSEGV), si_code: 1 (SEGV_MAPERR), si_addr: 0x000007f94fbc3c78

Registers:
RAX=0x00007f94fbc3b110, RBX=0x00007fff56d8daf8, RCX=0x0000000000000000, RDX=0x00007f94fbd5b190
RSP=0x00007fff56d8d918, RBP=0x00007fff56d8d920, RSI=0x00007fff956af423, RDI=0x00007f94fbc3b110
R8 =0x00007fff56d8d900, R9 =0x0000000000000055, R10=0x00007fff956af423, R11=0x000007f94fbc3c60
R12=0x00007f94fbc1db60, R13=0x00000000000f42eb, R14=0x00007f94fbe4e4b0, R15=0x00007fff56d8da58
RIP=0x00007fff8ba6c0dd, EFLAGS=0x0000000000010206, ERR=0x0000000000000004
  TRAPNO=0x000000000000000e

Top of Stack: (sp=0x00007fff56d8d918)
0x00007fff56d8d918:   00007fff8ecd045c 00007fff56d8dc80
0x00007fff56d8d928:   00007fff8ebc0634 00007fff56d8d9ac
0x00007fff56d8d938:   00007fff56d8d9b0 00007fff56d8d9b4
0x00007fff56d8d948:   00007fff778b0e00 ffffffffffffffff
0x00007fff56d8d958:   00000000000007f8 00007fff778b0e18
0x00007fff56d8d968:   00007f94fbe4e4b0 0000000000000000
0x00007fff56d8d978:   00007fff56d8da50 0000000000000000
0x00007fff56d8d988:   00007f94fbd68fc0 00007fff56d8dad0
0x00007fff56d8d998:   0000000000000055 00000000000f42ed
0x00007fff56d8d9a8:   00007f94fbd5b190 00007f94fbd689f0
0x00007fff56d8d9b8:   00007f94fbc1db60 0000000000000001
0x00007fff56d8d9c8:   00000000000f42eb 00007f94fbc1db50
0x00007fff56d8d9d8:   00007fff8bddcc05 00000001fbd3a550
0x00007fff56d8d9e8:   00007fff77c190d0 0000000042000000
0x00007fff56d8d9f8:   00007fff8bde3e63 00007fff7787b240
0x00007fff56d8da08:   00007fff56d8dad8 00007fff56d8da30
0x00007fff56d8da18:   00007fff56d8da50 0000000000000000
0x00007fff56d8da28:   0000000000000005 0001460300000001
0x00007fff56d8da38:   00007f94fbc1db84 0000000000000000
0x00007fff56d8da48:   0000000000000000 00007f94fbd69040
0x00007fff56d8da58:   00007f94fbe4e4b0 0000002000000000
0x00007fff56d8da68:   0000000000000001 00007fff56d8dab0
0x00007fff56d8da78:   00007fff86b6953e 0000000108e8ca00
0x00007fff56d8da88:   0000000000000002 0000000108e89000
0x00007fff56d8da98:   00007f94fbd67d82 0000000000000003
0x00007fff56d8daa8:   0000000108e8de00 00007fff56d8dba0
0x00007fff56d8dab8:   00007fff86b682a2 00007fff56d8db50
0x00007fff56d8dac8:   00007fff94de35fd 0000000000000051
0x00007fff56d8dad8:   0000000000000000 00000000000f42e2
0x00007fff56d8dae8:   0000000000000053 0000000000000000
0x00007fff56d8daf8:   00000000000f42eb 00007fff56d8db74
0x00007fff56d8db08:   0000000000001400 00000000ffffffff 

Instructions: (pc=0x00007fff8ba6c0dd)
0x00007fff8ba6c0bd:   00 00 00 48 85 ff 2e 74 7a 40 f6 c7 01 2e 75 7e
0x00007fff8ba6c0cd:   49 bb f8 ff ff ff ff 7f 00 00 4c 23 1f 49 89 f2
0x00007fff8ba6c0dd:   45 23 53 18 49 c1 e2 04 4d 03 53 10 49 3b 32 75
0x00007fff8ba6c0ed:   04 41 ff 62 08 49 83 3a 00 74 6a 4d 3b 53 10 74 

Register to memory mapping:

RAX=0x00007f94fbc3b110 is an unknown value
RBX=0x00007fff56d8daf8 is pointing into the stack for thread: 0x00007f94fc8b5800
RCX=0x0000000000000000 is an unknown value
RDX=0x00007f94fbd5b190 is an unknown value
RSP=0x00007fff56d8d918 is pointing into the stack for thread: 0x00007f94fc8b5800
RBP=0x00007fff56d8d920 is pointing into the stack for thread: 0x00007f94fc8b5800
RSI=0x00007fff956af423: -[NSTitlebarContainerView transparent]+0x5e307 in /System/Library/Frameworks/AppKit.framework/Versions/C/AppKit at 0x00007fff94cae000
RDI=0x00007f94fbc3b110 is an unknown value
R8 =0x00007fff56d8d900 is pointing into the stack for thread: 0x00007f94fc8b5800
R9 =0x0000000000000055 is an unknown value
R10=0x00007fff956af423: -[NSTitlebarContainerView transparent]+0x5e307 in /System/Library/Frameworks/AppKit.framework/Versions/C/AppKit at 0x00007fff94cae000
R11=0x000007f94fbc3c60 is an unknown value
R12=0x00007f94fbc1db60 is an unknown value
R13=0x00000000000f42eb is an unknown value
R14=0x00007f94fbe4e4b0 is an unknown value
R15=0x00007fff56d8da58 is pointing into the stack for thread: 0x00007f94fc8b5800


Stack: [0x00007fff56592000,0x00007fff56d92000],  sp=0x00007fff56d8d918,  free space=8174k
Native frames: (J=compiled Java code, j=interpreted, Vv=VM code, C=native code)
C  [libobjc.A.dylib+0x10dd]  objc_msgSend+0x1d
C  [CoreFoundation+0x10634]  _CFXNotificationPost+0xc44
C  [Foundation+0x79d1]  -[NSNotificationCenter postNotificationName:object:userInfo:]+0x42
C  [AppKit+0x43ac2]  -[NSSurface _disposeSurface]+0x98
C  [AppKit+0x43526]  -[NSSurface setWindow:]+0x42
C  [AppKit+0x33a10]  -[NSView _setWindow:]+0xa33
C  [AppKit+0x6b091]  -[NSView removeFromSuperview]+0x1c5
C  [AppKit+0x14bea9]  -[NSView removeFromSuperviewWithoutNeedingDisplay]+0x26
C  [liblwjgl.dylib+0x9c3e]  +[MacOSXKeyableWindow destroyWindow]+0xde
C  [Foundation+0x92d00]  __NSThreadPerformPerform+0x125
C  [CoreFoundation+0x80a01]  __CFRUNLOOP_IS_CALLING_OUT_TO_A_SOURCE0_PERFORM_FUNCTION__+0x11
C  [CoreFoundation+0x72b8d]  __CFRunLoopDoSources0+0x10d
C  [CoreFoundation+0x721bf]  __CFRunLoopRun+0x39f
C  [CoreFoundation+0x71bd8]  CFRunLoopRunSpecific+0x128
C  [HIToolbox+0x3256f]  RunCurrentEventLoopInMode+0xeb
C  [HIToolbox+0x322ea]  ReceiveNextEventCommon+0x1af
C  [HIToolbox+0x3212b]  _BlockUntilNextEventMatchingListInModeWithFilter+0x47
C  [AppKit+0x919bb]  _DPSNextEvent+0x3d2
C  [AppKit+0x90f68]  -[NSApplication nextEventMatchingMask:untilDate:inMode:dequeue:]+0x15a
C  [libosxapp.dylib+0x242a]  -[NSApplicationAWT nextEventMatchingMask:untilDate:inMode:dequeue:]+0x7c
C  [AppKit+0x86bf3]  -[NSApplication run]+0x252
C  [libosxapp.dylib+0x223e]  +[NSApplicationAWT runAWTLoopWithApp:]+0x9c
C  [libawt_lwawt.dylib+0x4462b]  -[AWTStarter starter:]+0x389
C  [Foundation+0x92d00]  __NSThreadPerformPerform+0x125
C  [CoreFoundation+0x80a01]  __CFRUNLOOP_IS_CALLING_OUT_TO_A_SOURCE0_PERFORM_FUNCTION__+0x11
C  [CoreFoundation+0x72b8d]  __CFRunLoopDoSources0+0x10d
C  [CoreFoundation+0x721bf]  __CFRunLoopRun+0x39f
C  [CoreFoundation+0x71bd8]  CFRunLoopRunSpecific+0x128
C  [java+0x6490]  CreateExecutionEnvironment+0x367
C  [java+0x221c]  JLI_Launch+0x7a0
C  [java+0x84ed]  main+0x65
C  [java+0x1a74]  start+0x34
C  0x0000000000000005


---------------  P R O C E S S  ---------------

Java Threads: ( => current thread )
  0x00007f94fd8a9800 JavaThread "AWT-Shutdown" [_thread_blocked, id=28435, stack(0x00000001e4296000,0x00000001e4396000)]
=>0x00007f94fc8b5800 JavaThread "AppKit Thread" daemon [_thread_in_native, id=1811, stack(0x00007fff56592000,0x00007fff56d92000)]
  0x00007f94fc8a3000 JavaThread "Service Thread" daemon [_thread_blocked, id=18179, stack(0x00000001e27e8000,0x00000001e28e8000)]
  0x00007f94fc865800 JavaThread "C1 CompilerThread2" daemon [_thread_blocked, id=17667, stack(0x00000001e26e5000,0x00000001e27e5000)]
  0x00007f94fc833000 JavaThread "C2 CompilerThread1" daemon [_thread_blocked, id=17155, stack(0x00000001e25e2000,0x00000001e26e2000)]
  0x00007f94fc860000 JavaThread "C2 CompilerThread0" daemon [_thread_blocked, id=16643, stack(0x00000001e24df000,0x00000001e25df000)]
  0x00007f94fd022000 JavaThread "Signal Dispatcher" daemon [_thread_blocked, id=13335, stack(0x00000001e23dc000,0x00000001e24dc000)]
  0x00007f94fc859800 JavaThread "Finalizer" daemon [_thread_blocked, id=11523, stack(0x00000001e09c7000,0x00000001e0ac7000)]
  0x00007f94fc859000 JavaThread "Reference Handler" daemon [_thread_blocked, id=11011, stack(0x00000001e08c4000,0x00000001e09c4000)]
  0x00007f94fd002000 JavaThread "main" [_thread_in_native, id=4867, stack(0x0000000109eee000,0x0000000109fee000)]

Other Threads:
  0x00007f94fc856800 VMThread [stack: 0x00000001e07c1000,0x00000001e08c1000] [id=10499]
  0x00007f94fc8ab800 WatcherThread [stack: 0x00000001e28eb000,0x00000001e29eb000] [id=18691]

VM state:not at safepoint (normal execution)

VM Mutex/Monitor currently owned by a thread: None

Heap:
 PSYoungGen      total 38400K, used 9510K [0x000000016f580000, 0x0000000172000000, 0x000000019a000000)
  eden space 33280K, 28% used [0x000000016f580000,0x000000016fec9918,0x0000000171600000)
  from space 5120K, 0% used [0x0000000171b00000,0x0000000171b00000,0x0000000172000000)
  to   space 5120K, 0% used [0x0000000171600000,0x0000000171600000,0x0000000171b00000)
 ParOldGen       total 87552K, used 0K [0x000000011a000000, 0x000000011f580000, 0x000000016f580000)
  object space 87552K, 0% used [0x000000011a000000,0x000000011a000000,0x000000011f580000)
 Metaspace       used 6646K, capacity 6731K, committed 6912K, reserved 1056768K
  class space    used 678K, capacity 726K, committed 768K, reserved 1048576K

Card table byte_map: [0x000000019a000000,0x000000019a401000] byte_map_base: 0x0000000199730000

Marking Bits: (ParMarkBitMap*) 0x000000010982f7a0
 Begin Bits: [0x000000019a9b5000, 0x000000019c9b5000)
 End Bits:   [0x000000019c9b5000, 0x000000019e9b5000)

Polling page: 0x0000000109ffe000

CodeCache: size=245760Kb used=2280Kb max_used=2291Kb free=243479Kb
 bounds [0x000000010a846000, 0x000000010aab6000, 0x0000000119846000]
 total_blobs=934 nmethods=544 adapters=304
 compilation: enabled

Compilation events (10 events):
Event: 2.072 Thread 0x00007f94fc865800 nmethod 539 0x000000010aa7ab10 code [0x000000010aa7aca0, 0x000000010aa7b0d8]
Event: 2.072 Thread 0x00007f94fc865800  540       3       org.newdawn.slick.opengl.renderer.ImmediateModeOGLRenderer::glTranslatef (7 bytes)
Event: 2.073 Thread 0x00007f94fc865800 nmethod 540 0x000000010aa7e6d0 code [0x000000010aa7e8c0, 0x000000010aa7f038]
Event: 2.139 Thread 0x00007f94fc865800  541   !   3       org.lwjgl.input.Mouse::isGrabbed (17 bytes)
Event: 2.139 Thread 0x00007f94fc865800 nmethod 541 0x000000010aa7f610 code [0x000000010aa7f780, 0x000000010aa7f9f0]
Event: 2.272 Thread 0x00007f94fc865800  542       3       java.lang.StringBuilder::append (8 bytes)
Event: 2.273 Thread 0x00007f94fc865800 nmethod 542 0x000000010aa7fad0 code [0x000000010aa7fc40, 0x000000010aa7fdc8]
Event: 2.273 Thread 0x00007f94fc865800  543       3       java.lang.AbstractStringBuilder::append (62 bytes)
Event: 2.273 Thread 0x00007f94fc865800 nmethod 543 0x000000010aa7fe50 code [0x000000010aa80020, 0x000000010aa80708]
Event: 2.327 Thread 0x00007f94fc860000  544       4       java.nio.DirectByteBuffer::put (18 bytes)

GC Heap History (0 events):
No events

Deoptimization events (1 events):
Event: 0.335 Thread 0x00007f94fc8b5800 Uncommon trap: reason=unstable_if action=reinterpret pc=0x000000010a9878c0 method=java.lang.String.indexOf(II)I @ 49

Internal exceptions (10 events):
Event: 0.153 Thread 0x00007f94fd002000 Exception <a 'java/security/PrivilegedActionException'> (0x000000016f851748) thrown at [/Users/java_re/workspace/8-2-build-macosx-x86_64/jdk8u45/3457/hotspot/src/share/vm/prims/jvm.cpp, line 1382]
Event: 0.153 Thread 0x00007f94fd002000 Exception <a 'java/security/PrivilegedActionException'> (0x000000016f851900) thrown at [/Users/java_re/workspace/8-2-build-macosx-x86_64/jdk8u45/3457/hotspot/src/share/vm/prims/jvm.cpp, line 1382]
Event: 0.153 Thread 0x00007f94fd002000 Exception <a 'java/security/PrivilegedActionException'> (0x000000016f854c80) thrown at [/Users/java_re/workspace/8-2-build-macosx-x86_64/jdk8u45/3457/hotspot/src/share/vm/prims/jvm.cpp, line 1382]
Event: 0.154 Thread 0x00007f94fd002000 Exception <a 'java/security/PrivilegedActionException'> (0x000000016f854e38) thrown at [/Users/java_re/workspace/8-2-build-macosx-x86_64/jdk8u45/3457/hotspot/src/share/vm/prims/jvm.cpp, line 1382]
Event: 0.313 Thread 0x00007f94fd002000 Exception <a 'java/io/FileNotFoundException'> (0x000000016f85c9e0) thrown at [/Users/java_re/workspace/8-2-build-macosx-x86_64/jdk8u45/3457/hotspot/src/share/vm/prims/jni.cpp, line 709]
Event: 0.313 Thread 0x00007f94fd002000 Exception <a 'java/io/FileNotFoundException'> (0x000000016f85d528) thrown at [/Users/java_re/workspace/8-2-build-macosx-x86_64/jdk8u45/3457/hotspot/src/share/vm/prims/jni.cpp, line 709]
Event: 0.327 Thread 0x00007f94fd002000 Exception <a 'java/lang/UnsatisfiedLinkError'> (0x000000016f86db58) thrown at [/Users/java_re/workspace/8-2-build-macosx-x86_64/jdk8u45/3457/hotspot/src/share/vm/prims/jvm.cpp, line 1386]
Event: 0.391 Thread 0x00007f94fc8b5800 Exception <a 'java/lang/NoSuchFieldError': method resolution failed> (0x000000016fa38d10) thrown at [/Users/java_re/workspace/8-2-build-macosx-x86_64/jdk8u45/3457/hotspot/src/share/vm/prims/methodHandles.cpp, line 1125]
Event: 0.395 Thread 0x00007f94fc8b5800 Exception <a 'java/lang/NoSuchFieldError': method resolution failed> (0x000000016fa473b0) thrown at [/Users/java_re/workspace/8-2-build-macosx-x86_64/jdk8u45/3457/hotspot/src/share/vm/prims/methodHandles.cpp, line 1125]
Event: 0.655 Thread 0x00007f94fd002000 Exception <a 'java/lang/NoClassDefFoundError': net/java/games/input/ControllerEnvironment> (0x000000016fe25fc8) thrown at [/Users/java_re/workspace/8-2-build-macosx-x86_64/jdk8u45/3457/hotspot/src/share/vm/classfile/systemDictionary.cpp, line 199]

Events (10 events):
Event: 0.663 loading class org/newdawn/slick/geom/ShapeRenderer$PointCallback
Event: 0.663 loading class org/newdawn/slick/geom/ShapeRenderer$PointCallback done
Event: 0.665 loading class org/newdawn/slick/AngelCodeFont$DisplayList
Event: 0.665 loading class org/newdawn/slick/AngelCodeFont$DisplayList done
Event: 0.668 loading class org/lwjgl/opengl/Sync
Event: 0.668 loading class org/lwjgl/opengl/Sync done
Event: 0.669 loading class org/lwjgl/opengl/Sync$RunningAvg
Event: 0.669 loading class org/lwjgl/opengl/Sync$RunningAvg done
Event: 2.325 loading class org/lwjgl/opengl/CallbackUtil
Event: 2.325 loading class org/lwjgl/opengl/CallbackUtil done


Dynamic libraries:
0x0000000006b42000 	/System/Library/Frameworks/Cocoa.framework/Versions/A/Cocoa
0x0000000006b42000 	/System/Library/Frameworks/Security.framework/Versions/A/Security
0x0000000006b42000 	/System/Library/Frameworks/ApplicationServices.framework/Versions/A/ApplicationServices
0x0000000006b42000 	/usr/lib/libz.1.dylib
0x0000000006b42000 	/usr/lib/libSystem.B.dylib
0x0000000006b42000 	/usr/lib/libobjc.A.dylib
0x0000000006b42000 	/System/Library/Frameworks/CoreFoundation.framework/Versions/A/CoreFoundation
0x0000000006b42000 	/System/Library/Frameworks/Foundation.framework/Versions/C/Foundation
0x0000000006b42000 	/System/Library/Frameworks/AppKit.framework/Versions/C/AppKit
0x0000000006b42000 	/System/Library/Frameworks/CoreData.framework/Versions/A/CoreData
0x0000000006b42000 	/System/Library/PrivateFrameworks/RemoteViewServices.framework/Versions/A/RemoteViewServices
0x0000000006b42000 	/System/Library/PrivateFrameworks/UIFoundation.framework/Versions/A/UIFoundation
0x0000000006b42000 	/System/Library/Frameworks/IOSurface.framework/Versions/A/IOSurface
0x0000000006b42000 	/System/Library/Frameworks/AudioToolbox.framework/Versions/A/AudioToolbox
0x0000000006b42000 	/System/Library/Frameworks/AudioUnit.framework/Versions/A/AudioUnit
0x0000000006b42000 	/System/Library/PrivateFrameworks/DataDetectorsCore.framework/Versions/A/DataDetectorsCore
0x0000000006b42000 	/System/Library/PrivateFrameworks/DesktopServicesPriv.framework/Versions/A/DesktopServicesPriv
0x0000000006b42000 	/System/Library/Frameworks/Carbon.framework/Versions/A/Frameworks/HIToolbox.framework/Versions/A/HIToolbox
0x0000000006b42000 	/System/Library/Frameworks/QuartzCore.framework/Versions/A/QuartzCore
0x0000000006b42000 	/System/Library/Frameworks/Carbon.framework/Versions/A/Frameworks/SpeechRecognition.framework/Versions/A/SpeechRecognition
0x0000000006b42000 	/usr/lib/libauto.dylib
0x0000000006b42000 	/usr/lib/libicucore.A.dylib
0x0000000006b42000 	/usr/lib/libxml2.2.dylib
0x0000000006b42000 	/System/Library/PrivateFrameworks/CoreUI.framework/Versions/A/CoreUI
0x0000000006b42000 	/System/Library/Frameworks/CoreAudio.framework/Versions/A/CoreAudio
0x0000000006b42000 	/System/Library/Frameworks/DiskArbitration.framework/Versions/A/DiskArbitration
0x0000000006b42000 	/usr/lib/liblangid.dylib
0x0000000006b42000 	/System/Library/PrivateFrameworks/MultitouchSupport.framework/Versions/A/MultitouchSupport
0x0000000006b42000 	/System/Library/Frameworks/IOKit.framework/Versions/A/IOKit
0x0000000006b42000 	/usr/lib/libDiagnosticMessagesClient.dylib
0x0000000006b42000 	/System/Library/Frameworks/CoreServices.framework/Versions/A/CoreServices
0x0000000006b42000 	/System/Library/PrivateFrameworks/PerformanceAnalysis.framework/Versions/A/PerformanceAnalysis
0x0000000006b42000 	/System/Library/PrivateFrameworks/GenerationalStorage.framework/Versions/A/GenerationalStorage
0x0000000006b42000 	/System/Library/Frameworks/OpenGL.framework/Versions/A/OpenGL
0x0000000006b42000 	/System/Library/PrivateFrameworks/Sharing.framework/Versions/A/Sharing
0x0000000006b42000 	/System/Library/Frameworks/CoreGraphics.framework/Versions/A/CoreGraphics
0x0000000006b42000 	/System/Library/Frameworks/CoreText.framework/Versions/A/CoreText
0x0000000006b42000 	/System/Library/Frameworks/ImageIO.framework/Versions/A/ImageIO
0x0000000006b42000 	/usr/lib/libextension.dylib
0x0000000006b42000 	/System/Library/PrivateFrameworks/Backup.framework/Versions/A/Backup
0x0000000006b42000 	/usr/lib/libarchive.2.dylib
0x0000000006b42000 	/System/Library/Frameworks/CFNetwork.framework/Versions/A/CFNetwork
0x0000000006b42000 	/System/Library/Frameworks/SystemConfiguration.framework/Versions/A/SystemConfiguration
0x0000000006b42000 	/usr/lib/libCRFSuite.dylib
0x0000000006b42000 	/usr/lib/libc++.1.dylib
0x0000000006b42000 	/usr/lib/libc++abi.dylib
0x0000000006b42000 	/usr/lib/system/libcache.dylib
0x0000000006b42000 	/usr/lib/system/libcommonCrypto.dylib
0x0000000006b42000 	/usr/lib/system/libcompiler_rt.dylib
0x0000000006b42000 	/usr/lib/system/libcopyfile.dylib
0x0000000006b42000 	/usr/lib/system/libcorecrypto.dylib
0x0000000006b42000 	/usr/lib/system/libdispatch.dylib
0x0000000006b42000 	/usr/lib/system/libdyld.dylib
0x0000000006b42000 	/usr/lib/system/libkeymgr.dylib
0x0000000006b42000 	/usr/lib/system/liblaunch.dylib
0x0000000006b42000 	/usr/lib/system/libmacho.dylib
0x0000000006b42000 	/usr/lib/system/libquarantine.dylib
0x0000000006b42000 	/usr/lib/system/libremovefile.dylib
0x0000000006b42000 	/usr/lib/system/libsystem_asl.dylib
0x0000000006b42000 	/usr/lib/system/libsystem_blocks.dylib
0x0000000006b42000 	/usr/lib/system/libsystem_c.dylib
0x0000000006b42000 	/usr/lib/system/libsystem_configuration.dylib
0x0000000006b42000 	/usr/lib/system/libsystem_coreservices.dylib
0x0000000006b42000 	/usr/lib/system/libsystem_coretls.dylib
0x0000000006b42000 	/usr/lib/system/libsystem_dnssd.dylib
0x0000000006b42000 	/usr/lib/system/libsystem_info.dylib
0x0000000006b42000 	/usr/lib/system/libsystem_kernel.dylib
0x0000000006b42000 	/usr/lib/system/libsystem_m.dylib
0x0000000006b42000 	/usr/lib/system/libsystem_malloc.dylib
0x0000000006b42000 	/usr/lib/system/libsystem_network.dylib
0x0000000006b42000 	/usr/lib/system/libsystem_networkextension.dylib
0x0000000006b42000 	/usr/lib/system/libsystem_notify.dylib
0x0000000006b42000 	/usr/lib/system/libsystem_platform.dylib
0x0000000006b42000 	/usr/lib/system/libsystem_pthread.dylib
0x0000000006b42000 	/usr/lib/system/libsystem_sandbox.dylib
0x0000000006b42000 	/usr/lib/system/libsystem_secinit.dylib
0x0000000006b42000 	/usr/lib/system/libsystem_stats.dylib
0x0000000006b42000 	/usr/lib/system/libsystem_trace.dylib
0x0000000006b42000 	/usr/lib/system/libunc.dylib
0x0000000006b42000 	/usr/lib/system/libunwind.dylib
0x0000000006b42000 	/usr/lib/system/libxpc.dylib
0x0000000006b42000 	/usr/lib/libbz2.1.0.dylib
0x0000000006b42000 	/usr/lib/liblzma.5.dylib
0x0000000006b42000 	/usr/lib/libbsm.0.dylib
0x0000000006b42000 	/usr/lib/libsqlite3.dylib
0x0000000006b42000 	/usr/lib/system/libkxld.dylib
0x0000000006b42000 	/usr/lib/libxar.1.dylib
0x0000000006b42000 	/usr/lib/libpam.2.dylib
0x0000000006b42000 	/usr/lib/libOpenScriptingUtil.dylib
0x0000000006b42000 	/System/Library/Frameworks/CoreServices.framework/Versions/A/Frameworks/FSEvents.framework/Versions/A/FSEvents
0x0000000006b42000 	/System/Library/Frameworks/CoreServices.framework/Versions/A/Frameworks/CarbonCore.framework/Versions/A/CarbonCore
0x0000000006b42000 	/System/Library/Frameworks/CoreServices.framework/Versions/A/Frameworks/Metadata.framework/Versions/A/Metadata
0x0000000006b42000 	/System/Library/Frameworks/CoreServices.framework/Versions/A/Frameworks/OSServices.framework/Versions/A/OSServices
0x0000000006b42000 	/System/Library/Frameworks/CoreServices.framework/Versions/A/Frameworks/SearchKit.framework/Versions/A/SearchKit
0x0000000006b42000 	/System/Library/Frameworks/CoreServices.framework/Versions/A/Frameworks/AE.framework/Versions/A/AE
0x0000000006b42000 	/System/Library/Frameworks/CoreServices.framework/Versions/A/Frameworks/LaunchServices.framework/Versions/A/LaunchServices
0x0000000006b42000 	/System/Library/Frameworks/CoreServices.framework/Versions/A/Frameworks/DictionaryServices.framework/Versions/A/DictionaryServices
0x0000000006b42000 	/System/Library/Frameworks/NetFS.framework/Versions/A/NetFS
0x0000000006b42000 	/System/Library/PrivateFrameworks/NetAuth.framework/Versions/A/NetAuth
0x0000000006b42000 	/System/Library/PrivateFrameworks/login.framework/Versions/A/Frameworks/loginsupport.framework/Versions/A/loginsupport
0x0000000006b42000 	/System/Library/PrivateFrameworks/TCC.framework/Versions/A/TCC
0x0000000006b42000 	/usr/lib/libmecabra.dylib
0x0000000006b42000 	/System/Library/Frameworks/ApplicationServices.framework/Versions/A/Frameworks/ATS.framework/Versions/A/ATS
0x0000000006b42000 	/System/Library/Frameworks/ApplicationServices.framework/Versions/A/Frameworks/ColorSync.framework/Versions/A/ColorSync
0x0000000006b42000 	/System/Library/Frameworks/ApplicationServices.framework/Versions/A/Frameworks/HIServices.framework/Versions/A/HIServices
0x0000000006b42000 	/System/Library/Frameworks/ApplicationServices.framework/Versions/A/Frameworks/LangAnalysis.framework/Versions/A/LangAnalysis
0x0000000006b42000 	/System/Library/Frameworks/ApplicationServices.framework/Versions/A/Frameworks/PrintCore.framework/Versions/A/PrintCore
0x0000000006b42000 	/System/Library/Frameworks/ApplicationServices.framework/Versions/A/Frameworks/QD.framework/Versions/A/QD
0x0000000006b42000 	/System/Library/Frameworks/ApplicationServices.framework/Versions/A/Frameworks/SpeechSynthesis.framework/Versions/A/SpeechSynthesis
0x0000000006b42000 	/System/Library/Frameworks/Accelerate.framework/Versions/A/Accelerate
0x0000000006b42000 	/System/Library/Frameworks/Accelerate.framework/Versions/A/Frameworks/vImage.framework/Versions/A/vImage
0x0000000006b42000 	/System/Library/Frameworks/Accelerate.framework/Versions/A/Frameworks/vecLib.framework/Versions/A/vecLib
0x0000000006b42000 	/System/Library/Frameworks/Accelerate.framework/Versions/A/Frameworks/vecLib.framework/Versions/A/libvDSP.dylib
0x0000000006b42000 	/System/Library/Frameworks/Accelerate.framework/Versions/A/Frameworks/vecLib.framework/Versions/A/libvMisc.dylib
0x0000000006b42000 	/System/Library/Frameworks/Accelerate.framework/Versions/A/Frameworks/vecLib.framework/Versions/A/libLAPACK.dylib
0x0000000006b42000 	/System/Library/Frameworks/Accelerate.framework/Versions/A/Frameworks/vecLib.framework/Versions/A/libBLAS.dylib
0x0000000006b42000 	/System/Library/Frameworks/Accelerate.framework/Versions/A/Frameworks/vecLib.framework/Versions/A/libLinearAlgebra.dylib
0x0000000006b42000 	/System/Library/Frameworks/ApplicationServices.framework/Versions/A/Frameworks/ATS.framework/Versions/A/Resources/libFontParser.dylib
0x0000000006b42000 	/System/Library/Frameworks/ApplicationServices.framework/Versions/A/Frameworks/ATS.framework/Versions/A/Resources/libFontRegistry.dylib
0x0000000006b42000 	/System/Library/PrivateFrameworks/AppleVPA.framework/Versions/A/AppleVPA
0x0000000006b42000 	/System/Library/PrivateFrameworks/AppleJPEG.framework/Versions/A/AppleJPEG
0x0000000006b42000 	/System/Library/Frameworks/ImageIO.framework/Versions/A/Resources/libJPEG.dylib
0x0000000006b42000 	/System/Library/Frameworks/ImageIO.framework/Versions/A/Resources/libTIFF.dylib
0x0000000006b42000 	/System/Library/Frameworks/ImageIO.framework/Versions/A/Resources/libPng.dylib
0x0000000006b42000 	/System/Library/Frameworks/ImageIO.framework/Versions/A/Resources/libGIF.dylib
0x0000000006b42000 	/System/Library/Frameworks/ImageIO.framework/Versions/A/Resources/libJP2.dylib
0x0000000006b42000 	/System/Library/Frameworks/ImageIO.framework/Versions/A/Resources/libRadiance.dylib
0x0000000006b42000 	/System/Library/Frameworks/CoreVideo.framework/Versions/A/CoreVideo
0x0000000006b42000 	/System/Library/Frameworks/OpenGL.framework/Versions/A/Libraries/libGLU.dylib
0x0000000006b42000 	/System/Library/Frameworks/OpenGL.framework/Versions/A/Libraries/libGFXShared.dylib
0x0000000006b42000 	/System/Library/Frameworks/OpenGL.framework/Versions/A/Libraries/libGL.dylib
0x0000000006b42000 	/System/Library/Frameworks/OpenGL.framework/Versions/A/Libraries/libGLImage.dylib
0x0000000006b42000 	/System/Library/Frameworks/OpenGL.framework/Versions/A/Libraries/libCVMSPluginSupport.dylib
0x0000000006b42000 	/System/Library/Frameworks/OpenGL.framework/Versions/A/Libraries/libCoreVMClient.dylib
0x0000000006b42000 	/usr/lib/libcups.2.dylib
0x0000000006b42000 	/System/Library/Frameworks/Kerberos.framework/Versions/A/Kerberos
0x0000000006b42000 	/System/Library/Frameworks/GSS.framework/Versions/A/GSS
0x0000000006b42000 	/usr/lib/libresolv.9.dylib
0x0000000006b42000 	/usr/lib/libiconv.2.dylib
0x0000000006b42000 	/System/Library/PrivateFrameworks/Heimdal.framework/Versions/A/Heimdal
0x0000000006b42000 	/usr/lib/libheimdal-asn1.dylib
0x0000000006b42000 	/System/Library/Frameworks/OpenDirectory.framework/Versions/A/OpenDirectory
0x0000000006b42000 	/System/Library/PrivateFrameworks/CommonAuth.framework/Versions/A/CommonAuth
0x0000000006b42000 	/System/Library/Frameworks/OpenDirectory.framework/Versions/A/Frameworks/CFOpenDirectory.framework/Versions/A/CFOpenDirectory
0x0000000006b42000 	/System/Library/Frameworks/SecurityFoundation.framework/Versions/A/SecurityFoundation
0x0000000006b42000 	/System/Library/PrivateFrameworks/LanguageModeling.framework/Versions/A/LanguageModeling
0x0000000006b42000 	/usr/lib/libcmph.dylib
0x0000000006b42000 	/System/Library/Frameworks/ServiceManagement.framework/Versions/A/ServiceManagement
0x0000000006b42000 	/usr/lib/libxslt.1.dylib
0x0000000006b42000 	/System/Library/Frameworks/Carbon.framework/Versions/A/Frameworks/Ink.framework/Versions/A/Ink
0x0000000006b42000 	/System/Library/Frameworks/QuartzCore.framework/Versions/A/Frameworks/CoreImage.framework/Versions/A/CoreImage
0x0000000006b42000 	/System/Library/PrivateFrameworks/CrashReporterSupport.framework/Versions/A/CrashReporterSupport
0x0000000006b42000 	/System/Library/Frameworks/OpenCL.framework/Versions/A/OpenCL
0x0000000006b42000 	/System/Library/PrivateFrameworks/FaceCore.framework/Versions/A/FaceCore
0x0000000006b42000 	/System/Library/PrivateFrameworks/Ubiquity.framework/Versions/A/Ubiquity
0x0000000006b42000 	/System/Library/PrivateFrameworks/IconServices.framework/Versions/A/IconServices
0x0000000006b42000 	/System/Library/PrivateFrameworks/ChunkingLibrary.framework/Versions/A/ChunkingLibrary
0x0000000006b42000 	/System/Library/PrivateFrameworks/Apple80211.framework/Versions/A/Apple80211
0x0000000006b42000 	/System/Library/Frameworks/CoreWLAN.framework/Versions/A/CoreWLAN
0x0000000006b42000 	/System/Library/Frameworks/IOBluetooth.framework/Versions/A/IOBluetooth
0x0000000006b42000 	/System/Library/PrivateFrameworks/CoreWiFi.framework/Versions/A/CoreWiFi
0x0000000006b42000 	/System/Library/Frameworks/CoreBluetooth.framework/Versions/A/CoreBluetooth
0x0000000006b42000 	/System/Library/PrivateFrameworks/DebugSymbols.framework/Versions/A/DebugSymbols
0x0000000006b42000 	/System/Library/PrivateFrameworks/CoreSymbolication.framework/Versions/A/CoreSymbolication
0x0000000006b42000 	/System/Library/PrivateFrameworks/Symbolication.framework/Versions/A/Symbolication
0x0000000006b42000 	/System/Library/PrivateFrameworks/SpeechRecognitionCore.framework/Versions/A/SpeechRecognitionCore
0x0000000108f6d000 	/Library/Java/JavaVirtualMachines/jdk1.8.0_45.jdk/Contents/Home/jre/lib/server/libjvm.dylib
0x0000000006b42000 	/usr/lib/libstdc++.6.dylib
0x0000000109ff0000 	/Library/Java/JavaVirtualMachines/jdk1.8.0_45.jdk/Contents/Home/jre/lib/libverify.dylib
0x000000010a800000 	/Library/Java/JavaVirtualMachines/jdk1.8.0_45.jdk/Contents/Home/jre/lib/libjava.dylib
0x000000010a83d000 	/Library/Java/JavaVirtualMachines/jdk1.8.0_45.jdk/Contents/Home/jre/lib/libzip.dylib
0x00000001e0ac9000 	/System/Library/Frameworks/JavaVM.framework/Frameworks/JavaRuntimeSupport.framework/JavaRuntimeSupport
0x00000001e0adf000 	/System/Library/Frameworks/JavaVM.framework/Versions/A/Frameworks/JavaNativeFoundation.framework/Versions/A/JavaNativeFoundation
0x00000001e0af3000 	/System/Library/Frameworks/JavaVM.framework/Versions/A/JavaVM
0x0000000006b42000 	/System/Library/Frameworks/Carbon.framework/Versions/A/Carbon
0x0000000119df5000 	/System/Library/PrivateFrameworks/JavaLaunching.framework/Versions/A/JavaLaunching
0x0000000006b42000 	/System/Library/Frameworks/Carbon.framework/Versions/A/Frameworks/CommonPanels.framework/Versions/A/CommonPanels
0x0000000006b42000 	/System/Library/Frameworks/Carbon.framework/Versions/A/Frameworks/Help.framework/Versions/A/Help
0x0000000006b42000 	/System/Library/Frameworks/Carbon.framework/Versions/A/Frameworks/ImageCapture.framework/Versions/A/ImageCapture
0x0000000006b42000 	/System/Library/Frameworks/Carbon.framework/Versions/A/Frameworks/OpenScripting.framework/Versions/A/OpenScripting
0x0000000006b42000 	/System/Library/Frameworks/Carbon.framework/Versions/A/Frameworks/Print.framework/Versions/A/Print
0x0000000006b42000 	/System/Library/Frameworks/Carbon.framework/Versions/A/Frameworks/SecurityHI.framework/Versions/A/SecurityHI
0x00000001e2a0d000 	/Library/Java/JavaVirtualMachines/jdk1.8.0_45.jdk/Contents/Home/jre/lib/libawt.dylib
0x00000001e2ab5000 	/Library/Java/JavaVirtualMachines/jdk1.8.0_45.jdk/Contents/Home/jre/lib/./libmlib_image.dylib
0x00000001e2b81000 	/Library/Java/JavaVirtualMachines/jdk1.8.0_45.jdk/Contents/Home/jre/lib/libawt_lwawt.dylib
0x00000001e2c35000 	/Library/Java/JavaVirtualMachines/jdk1.8.0_45.jdk/Contents/Home/jre/lib/./libosxapp.dylib
0x0000000006b42000 	/System/Library/Frameworks/ExceptionHandling.framework/Versions/A/ExceptionHandling
0x0000000006b42000 	/System/Library/PrivateFrameworks/CoreServicesInternal.framework/Versions/A/CoreServicesInternal
0x0000000006b42000 	/System/Library/PrivateFrameworks/CloudDocs.framework/Versions/A/CloudDocs
0x0000000006b42000 	/System/Library/PrivateFrameworks/CoreDuet.framework/Versions/A/CoreDuet
0x0000000006b42000 	/System/Library/Frameworks/CloudKit.framework/Versions/A/CloudKit
0x0000000006b42000 	/System/Library/PrivateFrameworks/ProtocolBuffer.framework/Versions/A/ProtocolBuffer
0x0000000006b42000 	/System/Library/PrivateFrameworks/CoreDuetDaemonProtocol.framework/Versions/A/CoreDuetDaemonProtocol
0x0000000006b42000 	/System/Library/PrivateFrameworks/CoreDuetDebugLogging.framework/Versions/A/CoreDuetDebugLogging
0x0000000006b42000 	/System/Library/PrivateFrameworks/MMCS.framework/Versions/A/MMCS
0x0000000006b42000 	/System/Library/Frameworks/CoreLocation.framework/Versions/A/CoreLocation
0x0000000006b42000 	/System/Library/PrivateFrameworks/ProtectedCloudStorage.framework/Versions/A/ProtectedCloudStorage
0x0000000006b42000 	/System/Library/PrivateFrameworks/GeoServices.framework/Versions/A/GeoServices
0x0000000006b42000 	/System/Library/Frameworks/CoreGraphics.framework/Versions/A/Resources/libCGCMS.A.dylib
0x0000000006b42000 	/System/Library/Frameworks/CoreGraphics.framework/Versions/A/Resources/libRIP.A.dylib
0x0000000006b42000 	/System/Library/Frameworks/CoreGraphics.framework/Versions/A/Resources/libCGXType.A.dylib
0x0000000006b42000 	/System/Library/Frameworks/OpenCL.framework/Versions/A/Libraries/libcldcpuengine.dylib
0x0000000006b42000 	/System/Library/PrivateFrameworks/DiskImages.framework/Versions/A/DiskImages
0x0000000006b42000 	/System/Library/Frameworks/DiscRecording.framework/Versions/A/DiscRecording
0x0000000006b42000 	/usr/lib/libcsfde.dylib
0x0000000006b42000 	/usr/lib/libcurl.4.dylib
0x0000000006b42000 	/System/Library/PrivateFrameworks/MediaKit.framework/Versions/A/MediaKit
0x0000000006b42000 	/usr/lib/libCoreStorage.dylib
0x0000000006b42000 	/System/Library/PrivateFrameworks/EFILogin.framework/Versions/A/EFILogin
0x0000000006b42000 	/usr/lib/libutil.dylib
0x0000000006b42000 	/System/Library/PrivateFrameworks/FindMyDevice.framework/Versions/A/FindMyDevice
0x0000000006b42000 	/System/Library/Frameworks/LDAP.framework/Versions/A/LDAP
0x0000000006b42000 	/usr/lib/libsasl2.2.dylib
0x0000000006b42000 	/System/Library/PrivateFrameworks/CoreDaemon.framework/Versions/B/CoreDaemon
0x0000000006b42000 	/usr/lib/libcrypto.0.9.8.dylib
0x0000000006b42000 	/System/Library/PrivateFrameworks/AppleSRP.framework/Versions/A/AppleSRP
0x0000000006b42000 	/System/Library/PrivateFrameworks/TrustEvaluationAgent.framework/Versions/A/TrustEvaluationAgent
0x00000001e5df9000 	cl_kernels
0x00000001e5dfb000 	/System/Library/Frameworks/OpenCL.framework/Versions/A/Libraries/ImageFormats/unorm8_bgra.dylib
0x00000001e5deb000 	cl_kernels
0x0000000006b42000 	/System/Library/PrivateFrameworks/FamilyControls.framework/Versions/A/FamilyControls
0x0000000006b42000 	/System/Library/PrivateFrameworks/CommerceKit.framework/Versions/A/Frameworks/CommerceCore.framework/Versions/A/CommerceCore
0x0000000006b42000 	/System/Library/PrivateFrameworks/SystemAdministration.framework/Versions/A/SystemAdministration
0x0000000006b42000 	/System/Library/PrivateFrameworks/AppContainer.framework/Versions/A/AppContainer
0x0000000006b42000 	/System/Library/PrivateFrameworks/SecCodeWrapper.framework/Versions/A/SecCodeWrapper
0x0000000006b42000 	/System/Library/Frameworks/DirectoryService.framework/Versions/A/DirectoryService
0x0000000006b42000 	/System/Library/PrivateFrameworks/LoginUIKit.framework/Versions/A/Frameworks/LoginUICore.framework/Versions/A/LoginUICore
0x0000000006b42000 	/usr/lib/libodfde.dylib
0x00000001e7033000 	/Library/Java/JavaVirtualMachines/jdk1.8.0_45.jdk/Contents/Home/jre/lib/libfontmanager.dylib
0x00000001e709a000 	/Users/brunogeroto/Documents/workspace/Duality/native/macosx/liblwjgl.dylib
0x00000001e5242000 	/Library/Java/JavaVirtualMachines/jdk1.8.0_45.jdk/Contents/Home/jre/lib/libjawt.dylib
0x0000000006b42000 	/System/Library/Frameworks/OpenGL.framework/Versions/A/Resources/GLEngine.bundle/GLEngine
0x0000000006b42000 	/System/Library/Frameworks/OpenGL.framework/Versions/A/Libraries/libGLProgrammability.dylib
0x0000000000000000 	/System/Library/Extensions/AppleIntelHD5000GraphicsGLDriver.bundle/Contents/MacOS/AppleIntelHD5000GraphicsGLDriver
0x0000000006b42000 	/System/Library/PrivateFrameworks/IOAccelerator.framework/Versions/A/IOAccelerator
0x0000000006b42000 	/System/Library/PrivateFrameworks/GPUSupport.framework/Versions/A/Libraries/libGPUSupportMercury.dylib
0x0000000006b42000 	/System/Library/Frameworks/OpenGL.framework/Versions/A/Resources/GLRendererFloat.bundle/GLRendererFloat

VM Arguments:
jvm_args: -Dfile.encoding=UTF-8 
java_command: game.Main
java_class_path (initial): /Users/brunogeroto/Documents/workspace/Duality/bin:/Users/brunogeroto/Documents/workspace/Duality/jar/lwjgl.jar:/Users/brunogeroto/Documents/workspace/Duality/jar/slick.jar
Launcher Type: SUN_STANDARD

Environment Variables:
PATH=/usr/bin:/bin:/usr/sbin:/sbin
SHELL=/bin/bash

Signal Handlers:
SIGSEGV: [libjvm.dylib+0x58ef95], sa_mask[0]=11111111011111110111111111111111, sa_flags=SA_ONSTACK|SA_RESTART|SA_SIGINFO
SIGBUS: [libjvm.dylib+0x58ef95], sa_mask[0]=11111111011111110111111111111111, sa_flags=SA_RESTART|SA_SIGINFO
SIGFPE: [libjvm.dylib+0x46c108], sa_mask[0]=11111111011111110111111111111111, sa_flags=SA_RESTART|SA_SIGINFO
SIGPIPE: [libjvm.dylib+0x46c108], sa_mask[0]=11111111011111110111111111111111, sa_flags=SA_RESTART|SA_SIGINFO
SIGXFSZ: [libjvm.dylib+0x46c108], sa_mask[0]=11111111011111110111111111111111, sa_flags=SA_RESTART|SA_SIGINFO
SIGILL: [libjvm.dylib+0x46c108], sa_mask[0]=11111111011111110111111111111111, sa_flags=SA_RESTART|SA_SIGINFO
SIGUSR1: SIG_DFL, sa_mask[0]=00000000000000000000000000000000, sa_flags=none
SIGUSR2: [libjvm.dylib+0x46bc26], sa_mask[0]=00100000000000000000000000000000, sa_flags=SA_RESTART|SA_SIGINFO
SIGHUP: [libjvm.dylib+0x46a1f9], sa_mask[0]=11111111011111110111111111111111, sa_flags=SA_RESTART|SA_SIGINFO
SIGINT: [libjvm.dylib+0x46a1f9], sa_mask[0]=11111111011111110111111111111111, sa_flags=SA_RESTART|SA_SIGINFO
SIGTERM: [libjvm.dylib+0x46a1f9], sa_mask[0]=11111111011111110111111111111111, sa_flags=SA_RESTART|SA_SIGINFO
SIGQUIT: [libjvm.dylib+0x46a1f9], sa_mask[0]=11111111011111110111111111111111, sa_flags=SA_RESTART|SA_SIGINFO


---------------  S Y S T E M  ---------------

OS:Bsduname:Darwin 14.3.0 Darwin Kernel Version 14.3.0: Mon Mar 23 11:59:05 PDT 2015; root:xnu-2782.20.48~5/RELEASE_X86_64 x86_64
rlimit: STACK 8192k, CORE 0k, NPROC 709, NOFILE 10240, AS infinity
load average:1.10 1.30 1.27

CPU:total 4 (2 cores per cpu, 2 threads per core) family 6 model 69 stepping 1, cmov, cx8, fxsr, mmx, sse, sse2, sse3, ssse3, sse4.1, sse4.2, popcnt, avx, avx2, aes, clmul, erms, lzcnt, ht, tsc, tscinvbit, bmi1, bmi2

Memory: 4k page, physical 8388608k(669980k free)

/proc/meminfo:


vm_info: Java HotSpot(TM) 64-Bit Server VM (25.45-b02) for bsd-amd64 JRE (1.8.0_45-b14), built on Apr 10 2015 10:46:38 by "java_re" with gcc 4.2.1 (Based on Apple Inc. build 5658) (LLVM build 2336.11.00)

time: Thu May 21 21:50:17 2015
elapsed time: 2 seconds (0d 0h 0m 2s)

